

  Data for ANEOS number  -1   library number    0  type 99     ver 09/30/13

  IRON-ANEOS-SLVTv0.2                                     RHUG= 7.87400D+00
                                                          THUG= 2.56800D-02

  IN( 1)= 1.000000000D+00  IN(17)= 0.000000000D+00  IN(33)= 0.000000000D+00
  IN( 2)= 4.000000000D+00  IN(18)= 0.000000000D+00  IN(34)= 0.000000000D+00
  IN( 3)= 8.060000000D+00  IN(19)= 0.000000000D+00  IN(35)= 0.000000000D+00
  IN( 4)= 2.980000000D+02  IN(20)= 0.000000000D+00  IN(36)= 0.000000000D+00
  IN( 5)= 1.000000000D+06  IN(21)= 0.000000000D+00  IN(37)= 0.000000000D+00
  IN( 6)= 1.510000000D+12  IN(22)= 0.000000000D+00  IN(38)= 0.000000000D+00
  IN( 7)= 1.900000000D+00  IN(23)= 2.470000000D+09  IN(39)= 0.000000000D+00
  IN( 8)=-4.500000000D+02  IN(24)= 9.620000000D-01  IN(40)= 0.000000000D+00
  IN( 9)= 0.000000000D+00  IN(25)= 1.000000000D+00  IN(41)= 0.000000000D+00
  IN(10)= 1.500000000D+00  IN(26)= 0.000000000D+00  IN(42)= 0.000000000D+00
  IN(11)= 1.020000000D+11  IN(27)= 3.000000000D-01  IN(43)= 0.000000000D+00
  IN(12)= 1.809000000D+03  IN(28)= 1.000000000D-01  IN(44)= 1.330000000D+00
  IN(13)= 0.000000000D+00  IN(29)= 2.000000000D-01  IN(45)= 1.000000000D-20
  IN(14)= 0.000000000D+00  IN(30)= 0.000000000D+00  IN(46)= 1.000000000D+05
  IN(15)= 0.000000000D+00  IN(31)=-7.500000000D-01  IN(47)= 0.000000000D+00
  IN(16)= 0.000000000D+00  IN(32)= 5.000000000D-01  IN(48)= 0.000000000D+00

  N0= 0.10785D+23 Mean atomic weight= 0.55849D+02
  Z( 1)= 26.  number fraction( 1)= 1.00000D+00  atoms/gram( 1)= 1.07847D+22


NEW: Cv adjust, QCC1, QCC6=   0.133000D+01   0.100000D-19   0.100000D+06



  REFERENCE POINT CONDITIONS

  T=   2.567717D-02      RHO=    8.060000D+00      P=   1.000000D+06
  E=   9.468768D+08      DPDT=   9.075010D+11      CV=  6.021086D+10
  S=   6.427443D+10      DPDR=   1.873449D+11      B0=  1.510000D+12
  CS=  4.390344D+05      GAMMA=  1.869981D+00


  TWO-PHASE CALCULATION FOR MATERIAL     1

  CRITICAL POINT
  RHO=  9.6564151D-01       T=  7.6482684D-01         P=  6.5899295D+09
  E=  1.1290594D+11         S=  4.3940359D+11         NTY=  132


  TWO-PHASE BOUNDARIES
       T         RHOLIQ        RHOVAP        PLIQ         PVAP        ELIQ         EVAP         SLIQ         SVAP        GLIQ         GVAP         PSILIQ      PSIVAP         NTY
       K         kg/m**3       kg/m**3       GPa          GPa         J/kg         J/kg        J/kg-K       J/kg-K       J/kg         J/kg

  8.87630D+03  9.65642D+02  9.65642D+02  6.58993D-01  6.58993D-01  1.12906D+07  1.12906D+07  3.78634D+03  3.78634D+03 -2.16337D+07 -2.16337D+07  1.14409D+01  1.14409D+01      0
  8.75852D+03  1.28335D+03  7.05460D+02  6.25741D-01  6.25741D-01  1.06149D+07  1.17715D+07  3.69103D+03  3.86870D+03 -2.12236D+07 -2.12236D+07  6.72392D+00  1.20469D+01     10
  8.64073D+03  1.43486D+03  6.12205D+02  5.93423D-01  5.93423D-01  1.02791D+07  1.19116D+07  3.64667D+03  3.89993D+03 -2.08154D+07 -2.08154D+07  5.68452D+00  1.30039D+01      9
  8.52294D+03  1.56018D+03  5.45882D+02  5.62034D-01  5.62034D-01  9.99909D+06  1.19949D+07  3.61027D+03  3.92300D+03 -2.04090D+07 -2.04090D+07  4.93709D+00  1.36507D+01      8
  8.40515D+03  1.67255D+03  4.93318D+02  5.31566D-01  5.31566D-01  9.74780D+06  1.20485D+07  3.57780D+03  3.94193D+03 -2.00046D+07 -2.00046D+07  4.34625D+00  1.41235D+01      8
  8.28736D+03  1.77706D+03  4.49444D+02  5.02015D-01  5.02015D-01  9.51466D+06  1.20828D+07  3.54769D+03  3.95829D+03 -1.96021D+07 -1.96021D+07  3.85800D+00  1.44769D+01      8
  8.16957D+03  1.87635D+03  4.11675D+02  4.73376D-01  4.73376D-01  9.29423D+06  1.21034D+07  3.51913D+03  3.97289D+03 -1.92016D+07 -1.92016D+07  3.44389D+00  1.47400D+01      8
  8.05179D+03  1.97199D+03  3.78483D+02  4.45643D-01  4.45643D-01  9.08325D+06  1.21134D+07  3.49165D+03  3.98619D+03 -1.88032D+07 -1.88032D+07  3.08661D+00  1.49308D+01      7
  7.93400D+03  2.06501D+03  3.48880D+02  4.18811D-01  4.18811D-01  8.87960D+06  1.21150D+07  3.46494D+03  3.99850D+03 -1.84068D+07 -1.84068D+07  2.77462D+00  1.50615D+01      7
  7.81621D+03  2.15614D+03  3.22182D+02  3.92877D-01  3.92877D-01  8.68176D+06  1.21097D+07  3.43876D+03  4.01006D+03 -1.80125D+07 -1.80125D+07  2.49974D+00  1.51407D+01      7
  7.69842D+03  2.24592D+03  2.97895D+02  3.67835D-01  3.67835D-01  8.48865D+06  1.20985D+07  3.41295D+03  4.02101D+03 -1.76204D+07 -1.76204D+07  2.25591D+00  1.51750D+01      7
  7.58063D+03  2.33477D+03  2.75647D+02  3.43681D-01  3.43681D-01  8.29943D+06  1.20822D+07  3.38740D+03  4.03149D+03 -1.72305D+07 -1.72305D+07  2.03846D+00  1.51698D+01      7
  7.46284D+03  2.42303D+03  2.55153D+02  3.20412D-01  3.20412D-01  8.11346D+06  1.20615D+07  3.36198D+03  4.04160D+03 -1.68428D+07 -1.68428D+07  1.84371D+00  1.51291D+01      7
  7.34506D+03  2.51097D+03  2.36187D+02  2.98024D-01  2.98024D-01  7.93022D+06  1.20370D+07  3.33663D+03  4.05142D+03 -1.64574D+07 -1.64574D+07  1.66872D+00  1.50564D+01      7
  7.22727D+03  2.59882D+03  2.18566D+02  2.76514D-01  2.76513D-01  7.74928D+06  1.20090D+07  3.31126D+03  4.06103D+03 -1.60743D+07 -1.60743D+07  1.51104D+00  1.49545D+01      6
  7.10948D+03  2.68677D+03  2.02141D+02  2.55876D-01  2.55875D-01  7.57032D+06  1.19780D+07  3.28583D+03  4.07049D+03 -1.56936D+07 -1.56936D+07  1.36866D+00  1.48259D+01      6
  6.99169D+03  2.77500D+03  1.86791D+02  2.36108D-01  2.36108D-01  7.39303D+06  1.19441D+07  3.26027D+03  4.07987D+03 -1.53153D+07 -1.53153D+07  1.23986D+00  1.46726D+01      6
  6.87390D+03  2.86365D+03  1.72411D+02  2.17208D-01  2.17208D-01  7.21721D+06  1.19078D+07  3.23454D+03  4.08921D+03 -1.49396D+07 -1.49396D+07  1.12319D+00  1.44966D+01      6
  6.75611D+03  2.95286D+03  1.58916D+02  1.99172D-01  1.99172D-01  7.04265D+06  1.18692D+07  3.20860D+03  4.09857D+03 -1.45663D+07 -1.45663D+07  1.01740D+00  1.42994D+01      6
  6.63833D+03  3.04274D+03  1.46231D+02  1.81996D-01  1.81996D-01  6.86920D+06  1.18284D+07  3.18242D+03  4.10801D+03 -1.41957D+07 -1.41957D+07  9.21397D-01  1.40823D+01      6
  6.52054D+03  3.13339D+03  1.34294D+02  1.65678D-01  1.65678D-01  6.69676D+06  1.17858D+07  3.15595D+03  4.11757D+03 -1.38277D+07 -1.38277D+07  8.34230D-01  1.38466D+01      6
  6.40275D+03  3.22489D+03  1.23050D+02  1.50212D-01  1.50212D-01  6.52522D+06  1.17415D+07  3.12918D+03  4.12733D+03 -1.34624D+07 -1.34624D+07  7.55064D-01  1.35935D+01      6
  6.28496D+03  3.31732D+03  1.12453D+02  1.35596D-01  1.35596D-01  6.35454D+06  1.16957D+07  3.10208D+03  4.13732D+03 -1.30999D+07 -1.30999D+07  6.83154D-01  1.33238D+01      6
  6.16717D+03  3.41075D+03  1.02463D+02  1.21825D-01  1.21825D-01  6.18467D+06  1.16484D+07  3.07462D+03  4.14763D+03 -1.27403D+07 -1.27403D+07  6.17842D-01  1.30384D+01      6
  6.04938D+03  3.50521D+03  9.30463D+01  1.08894D-01  1.08894D-01  6.01560D+06  1.15999D+07  3.04680D+03  4.15831D+03 -1.23835D+07 -1.23835D+07  5.58535D-01  1.27381D+01      6
  5.93159D+03  3.60074D+03  8.41741D+01  9.68031D-02  9.67963D-02  5.84737D+06  1.15503D+07  3.01858D+03  4.16944D+03 -1.20297D+07 -1.20297D+07  5.04700D-01  1.24236D+01      5
  5.81381D+03  3.69736D+03  7.58216D+01  8.55291D-02  8.55255D-02  5.67999D+06  1.14998D+07  2.98996D+03  4.18110D+03 -1.16789D+07 -1.16789D+07  4.55858D-01  1.20954D+01      5
  5.69602D+03  3.79507D+03  6.79687D+01  7.50751D-02  7.50733D-02  5.51355D+06  1.14484D+07  2.96094D+03  4.19338D+03 -1.13313D+07 -1.13313D+07  4.11573D-01  1.17541D+01      5
  5.57823D+03  3.89386D+03  6.05989D+01  6.54305D-02  6.54296D-02  5.34812D+06  1.13963D+07  2.93151D+03  4.20639D+03 -1.09868D+07 -1.09868D+07  3.71448D-01  1.14003D+01      5
  5.46044D+03  3.99371D+03  5.36994D+01  5.65830D-02  5.65825D-02  5.18380D+06  1.13438D+07  2.90167D+03  4.22022D+03 -1.06455D+07 -1.06455D+07  3.35121D-01  1.10343D+01      5
  5.34265D+03  4.09455D+03  4.72602D+01  4.85180D-02  4.85178D-02  5.02073D+06  1.12908D+07  2.87141D+03  4.23502D+03 -1.03075D+07 -1.03075D+07  3.02260D-01  1.06567D+01      5
  5.22486D+03  4.19634D+03  4.12744D+01  4.12184D-02  4.12184D-02  4.85903D+06  1.12376D+07  2.84076D+03  4.25091D+03 -9.97286D+06 -9.97286D+06  2.72561D-01  1.02678D+01      5
  5.10708D+03  4.29899D+03  3.57373D+01  3.46638D-02  3.46638D-02  4.69888D+06  1.11844D+07  2.80971D+03  4.26805D+03 -9.64164D+06 -9.64164D+06  2.45745D-01  9.86830D+00      5
  4.98929D+03  4.40240D+03  3.06460D+01  2.88299D-02  2.88299D-02  4.54043D+06  1.11312D+07  2.77829D+03  4.28660D+03 -9.31389D+06 -9.31389D+06  2.21552D-01  9.45864D+00      5
  4.87150D+03  4.50646D+03  2.59985D+01  2.36887D-02  2.36887D-02  4.38387D+06  1.10783D+07  2.74650D+03  4.30677D+03 -8.98968D+06 -8.98968D+06  1.99747D-01  9.03955D+00      5
  4.75371D+03  4.61104D+03  2.17929D+01  1.92073D-02  1.92073D-02  4.22936D+06  1.10259D+07  2.71437D+03  4.32873D+03 -8.66907D+06 -8.66907D+06  1.80109D-01  8.61186D+00      5
  4.63592D+03  4.71600D+03  1.80257D+01  1.53486D-02  1.53486D-02  4.07709D+06  1.09741D+07  2.68192D+03  4.35273D+03 -8.35210D+06 -8.35210D+06  1.62437D-01  8.17656D+00      5
  4.51813D+03  4.82118D+03  1.46910D+01  1.20709D-02  1.20709D-02  3.92724D+06  1.09232D+07  2.64916D+03  4.37898D+03 -8.03883D+06 -8.03883D+06  1.46545D-01  7.73487D+00      5
  4.40035D+03  4.92642D+03  1.17790D+01  9.32805D-03  9.32805D-03  3.77998D+06  1.08733D+07  2.61613D+03  4.40777D+03 -7.72932D+06 -7.72932D+06  1.32261D-01  7.28819D+00      5
  4.28256D+03  5.03157D+03  9.27480D+00  7.08973D-03  7.07070D-03  3.63546D+06  1.08248D+07  2.58283D+03  4.43936D+03 -7.42359D+06 -7.42360D+06  1.19427D-01  6.83814D+00      4
  4.16477D+03  5.13644D+03  7.15812D+00  5.25675D-03  5.24673D-03  3.49383D+06  1.07778D+07  2.54929D+03  4.47409D+03 -7.12172D+06 -7.12172D+06  1.07901D-01  6.38645D+00      4
  4.04698D+03  5.24087D+03  5.40308D+00  3.80769D-03  3.80266D-03  3.35520D+06  1.07326D+07  2.51552D+03  4.51231D+03 -6.82373D+06 -6.82373D+06  9.75481D-02  5.93504D+00      4
  3.92919D+03  5.34470D+03  3.97874D+00  2.68735D-03  2.68494D-03  3.21969D+06  1.06897D+07  2.48153D+03  4.55443D+03 -6.52966D+06 -6.52966D+06  8.82492D-02  5.48585D+00      4
  3.81140D+03  5.44777D+03  2.85010D+00  1.84245D-03  1.84136D-03  3.08737D+06  1.06493D+07  2.44734D+03  4.60092D+03 -6.23954D+06 -6.23954D+06  7.98944D-02  5.04093D+00      4
  3.69361D+03  5.54992D+03  1.97939D+00  1.22284D-03  1.22238D-03  2.95831D+06  1.06120D+07  2.41294D+03  4.65235D+03 -5.95343D+06 -5.95343D+06  7.23843D-02  4.60232D+00      4
  3.57583D+03  5.65103D+03  1.32759D+00  7.82540D-04  7.82356D-04  2.83253D+06  1.05781D+07  2.37833D+03  4.70934D+03 -5.67134D+06 -5.67134D+06  6.56288D-02  4.17211D+00      4
  3.45804D+03  5.75096D+03  8.56002D-01  4.80600D-04  4.80533D-04  2.71007D+06  1.05483D+07  2.34351D+03  4.77263D+03 -5.39332D+06 -5.39332D+06  5.95469D-02  3.75239D+00      4
  3.34025D+03  5.84959D+03  5.27753D-01  2.81738D-04  2.81715D-04  2.59090D+06  1.05230D+07  2.30845D+03  4.84311D+03 -5.11940D+06 -5.11940D+06  5.40657D-02  3.34529D+00      4
  3.22246D+03  5.94683D+03  3.09164D-01  1.56653D-04  1.56646D-04  2.47502D+06  1.05030D+07  2.27313D+03  4.92177D+03 -4.84960D+06 -4.84960D+06  4.91199D-02  2.95297D+00      4
  3.13307D+03  6.01950D+03  2.04161D-01  1.00000D-04  9.99970D-05  2.38952D+06  1.04923D+07  2.24610D+03  4.98860D+03 -4.64801D+06 -4.64801D+06  4.57281D-02  2.66810D+00      0
  3.10467D+03  6.04258D+03  1.70810D-01  8.20055D-05  8.20036D-05  2.36236D+06  1.04889D+07  2.23752D+03  5.00982D+03 -4.58398D+06 -4.58398D+06  4.46508D-02  2.57761D+00      4
  2.98688D+03  6.13677D+03  8.82252D-02  4.00673D-05  4.00669D-05  2.25289D+06  1.04813D+07  2.20157D+03  5.10863D+03 -4.32256D+06 -4.32256D+06  4.06064D-02  2.22150D+00      4
  2.92799D+03  6.18326D+03  6.16305D-02  2.72070D-05  2.72068D-05  2.19932D+06  1.04802D+07  2.18346D+03  5.16257D+03 -4.19344D+06 -4.19344D+06  3.87287D-02  2.05138D+00      4
  2.86910D+03  6.22933D+03  4.21647D-02  1.80873D-05  1.80872D-05  2.14652D+06  1.04809D+07  2.16524D+03  5.21982D+03 -4.06539D+06 -4.06539D+06  3.69402D-02  1.88694D+00      4
  2.81020D+03  6.27499D+03  2.82080D-02  1.17545D-05  1.17545D-05  2.09448D+06  1.04836D+07  2.14691D+03  5.28062D+03 -3.93842D+06 -3.93842D+06  3.52357D-02  1.72847D+00      4
  2.75131D+03  6.32023D+03  1.84217D-02  7.45506D-06  7.45505D-06  2.04318D+06  1.04883D+07  2.12846D+03  5.34522D+03 -3.81253D+06 -3.81253D+06  3.36107D-02  1.57627D+00      4
  2.69241D+03  6.36503D+03  1.17227D-02  4.60618D-06  4.60617D-06  1.99262D+06  1.04950D+07  2.10988D+03  5.41391D+03 -3.68773D+06 -3.68773D+06  3.20606D-02  1.43060D+00      4
  2.63352D+03  6.40941D+03  7.25456D-03  2.76718D-06  2.76718D-06  1.94278D+06  1.05038D+07  2.09117D+03  5.48698D+03 -3.56403D+06 -3.56403D+06  3.05813D-02  1.29175D+00      4
  2.57462D+03  6.45334D+03  4.35672D-03  1.61304D-06  1.61304D-06  1.89365D+06  1.05146D+07  2.07230D+03  5.56472D+03 -3.44143D+06 -3.44143D+06  2.91689D-02  1.15998D+00      4
  2.51573D+03  6.49684D+03  2.53331D-03  9.10330D-07  9.10330D-07  1.84523D+06  1.05274D+07  2.05327D+03  5.64748D+03 -3.31995D+06 -3.31995D+06  2.78195D-02  1.03552D+00      4
  2.45684D+03  6.53990D+03  1.42277D-03  4.96204D-07  4.96204D-07  1.79749D+06  1.05422D+07  2.03407D+03  5.73559D+03 -3.19960D+06 -3.19960D+06  2.65297D-02  9.18567D-01      4
  2.39794D+03  6.58252D+03  7.69786D-04  2.60565D-07  2.60565D-07  1.75042D+06  1.05589D+07  2.01468D+03  5.82942D+03 -3.08038D+06 -3.08038D+06  2.52962D-02  8.09306D-01      4
  2.33905D+03  6.62469D+03  4.00107D-04  1.31453D-07  1.31453D-07  1.70401D+06  1.05774D+07  1.99508D+03  5.92936D+03 -2.96231D+06 -2.96231D+06  2.41159D-02  7.07860D-01      5
  2.28015D+03  6.66641D+03  1.99182D-04  6.35238D-08  6.35237D-08  1.65825D+06  1.05974D+07  1.97527D+03  6.03580D+03 -2.84540D+06 -2.84540D+06  2.29860D-02  6.14306D-01      5
  2.22126D+03  6.70770D+03  9.46669D-05  2.93105D-08  2.93105D-08  1.61313D+06  1.06188D+07  1.95522D+03  6.14917D+03 -2.72967D+06 -2.72967D+06  2.19035D-02  5.28662D-01      5
  2.16237D+03  6.74854D+03  4.28069D-05  1.28686D-08  1.28687D-08  1.56863D+06  1.06413D+07  1.93492D+03  6.26992D+03 -2.61512D+06 -2.61512D+06  2.08660D-02  4.50880D-01      5
  2.10347D+03  6.78893D+03  1.83475D-05  5.35597D-09  5.35597D-09  1.52475D+06  1.06647D+07  1.91434D+03  6.39853D+03 -2.50177D+06 -2.50177D+06  1.98710D-02  3.80842D-01      5
  2.04458D+03  6.82888D+03  7.42379D-06  2.10459D-09  2.10458D-09  1.48145D+06  1.06884D+07  1.89346D+03  6.53551D+03 -2.38965D+06 -2.38965D+06  1.89163D-02  3.18361D-01      5
  1.98568D+03  6.86839D+03  2.82319D-06  7.77292D-10  7.77266D-10  1.43875D+06  1.07123D+07  1.87227D+03  6.68139D+03 -2.27876D+06 -2.27876D+06  1.79996D-02  2.63176D-01      5
  1.92679D+03  6.90746D+03  1.00417D-06  2.68475D-10  2.68478D-10  1.39662D+06  1.07358D+07  1.85073D+03  6.83679D+03 -2.16914D+06 -2.16914D+06  1.71190D-02  2.14955D-01      5
  1.86789D+03  6.94609D+03  3.32269D-07  8.62396D-11  8.62580D-11  1.35505D+06  1.07585D+07  1.82882D+03  7.00235D+03 -2.06079D+06 -2.06079D+06  1.62725D-02  1.73306D-01      5
  1.80900D+03  6.98428D+03  1.01666D-07  2.29028D-10  2.56201D-11  1.31403D+06  1.07800D+07  1.80650D+03  7.17882D+03 -1.95374D+06 -1.95374D+06  1.54583D-02  1.37778D-01      4
  1.79091D+03  7.27129D+03  6.88022D-08  2.01823D-10  1.71806D-11  1.05388D+06  1.07867D+07  1.66265D+03  7.23695D+03 -1.92360D+06 -1.92360D+06  1.33038D-02  1.27807D-01      4
  1.73061D+03  7.30812D+03  1.75921D-08  1.01875D-10  4.25974D-12  1.01034D+06  1.08075D+07  1.63792D+03  7.43927D+03 -1.82409D+06 -1.82409D+06  1.26349D-02  9.83931D-02      4
  1.67031D+03  7.34453D+03  4.05926D-09  5.10559D-11  9.52476D-13  9.67255D+05  1.08257D+07  1.61258D+03  7.65560D+03 -1.72609D+06 -1.72609D+06  1.19892D-02  7.43734D-02      4
  1.61001D+03  7.38051D+03  8.36726D-10  2.50046D-11  1.90090D-13  9.24621D+05  1.08409D+07  1.58658D+03  7.88722D+03 -1.62964D+06 -1.62964D+06  1.13654D-02  5.50983D-02      4
  1.54971D+03  7.41607D+03  1.52270D-10  1.17874D-11  3.34569D-14  8.82423D+05  1.08527D+07  1.55987D+03  8.13565D+03 -1.53478D+06 -1.53478D+06  1.07625D-02  3.99238D-02      4
  1.48941D+03  7.45122D+03  2.41303D-11  5.23529D-12  5.12097D-15  8.40647D+05  1.08606D+07  1.53237D+03  8.40273D+03 -1.44155D+06 -1.44155D+06  1.01795D-02  2.82263D-02      4
  1.42911D+03  7.48596D+03  3.27629D-12  1.30243D-05  6.70519D-16  7.99283D+05  1.08645D+07  1.50402D+03  8.69062D+03 -1.35000D+06 -1.35000D+06  9.61526D-03  1.94167D-02      3
  1.36881D+03  7.52029D+03  3.73876D-13  8.05664D-13  7.36548D-17  7.58320D+05  1.08641D+07  1.47473D+03  9.00198D+03 -1.26019D+06 -1.26019D+06  9.06899D-03  1.29522D-02      4
  1.30851D+03  7.55421D+03  3.50455D-14  2.38037D-13  6.63192D-18  7.17746D+05  1.08594D+07  1.44442D+03  9.34000D+03 -1.17218D+06 -1.17218D+06  8.53975D-03  8.34504D-03      4
  1.24821D+03  7.58773D+03  2.62488D-15  7.62939D-15  4.76011D-19  6.77552D+05  1.08503D+07  1.41297D+03  9.70861D+03 -1.08603D+06 -1.08603D+06  8.02671D-03  5.16835D-03      4
  1.18791D+03  7.62085D+03  1.51926D-16 -3.96729D-14  2.63317D-20  6.37729D+05  1.08370D+07  1.38027D+03  1.01126D+04 -1.00181D+06 -1.00181D+06  7.52910D-03  3.05915D-03      4
  1.12761D+03  7.65357D+03  5.36019D-21 -3.66211D-14  8.89278D-25  5.98269D+05  1.04320D+07  1.34618D+03  1.02147D+04 -9.19606D+05 -9.19606D+05  7.04617D-03  1.00000+100      8
  1.06731D+03  7.68590D+03  1.87663D-22  3.05176D-15  2.95540D-26  5.59165D+05  1.04242D+07  1.31054D+03  1.07015D+04 -8.39502D+05 -8.39502D+05  6.57723D-03  1.00000+100      8
  1.00701D+03  7.71783D+03  4.39392D-24 -9.15527D-15  6.54461D-28  5.20410D+05  1.04151D+07  1.27316D+03  1.12475D+04 -7.61599D+05 -7.61599D+05  6.12161D-03  1.00000+100      8
  9.46710D+02  7.74937D+03  6.36191D-26 -5.11169D-14  8.92604D-30  4.82002D+05  1.04050D+07  1.23383D+03  1.18642D+04 -6.86008D+05 -6.86008D+05  5.67868D-03  1.00000+100      8
  8.86410D+02  7.78051D+03  5.15488D-28  5.34058D-15  6.78228D-32  4.43936D+05  1.03940D+07  1.19228D+03  1.25665D+04 -6.12853D+05 -6.12853D+05  5.24785D-03  1.00000+100      8
  8.26110D+02  7.81126D+03  2.05413D-30  3.96729D-14  2.52166D-34  4.06215D+05  1.03822D+07  1.14821D+03  1.33734D+04 -5.42277D+05 -5.42277D+05  4.82857D-03  1.00000+100      8
  7.65810D+02  7.84160D+03  3.39595D-33  1.67847D-14  3.86766D-37  3.68842D+05  1.03698D+07  1.10123D+03  1.43101D+04 -4.74445D+05 -4.74445D+05  4.42029D-03  1.00000+100      8
  7.05510D+02  7.87152D+03  1.85383D-36 -7.62939D-16  1.94608D-40  3.31828D+05  1.03570D+07  1.05089D+03  1.54103D+04 -4.09544D+05 -4.09544D+05  4.02253D-03  1.00000+100      8
  6.45210D+02  7.90101D+03  2.44196D-40  5.03540D-14  2.34507D-44  2.95189D+05  1.03439D+07  9.96607D+02  1.67206D+04 -3.47794D+05 -3.47794D+05  3.63480D-03  1.00000+100      8
  5.84910D+02  7.93005D+03  4.98438D-45 -2.97546D-14  4.33992D-49  2.58954D+05  1.03305D+07  9.37649D+02  1.83066D+04 -2.89454D+05 -2.89454D+05  3.25664D-03  1.00000+100     10
  5.24610D+02  7.95861D+03  8.25899D-51  3.39508D-14  6.45020D-55  2.23169D+05  1.03171D+07  8.73082D+02  2.02640D+04 -2.34833D+05 -2.34833D+05  2.88765D-03  1.00000+100      8
  4.64310D+02  7.98661D+03  4.15992D-58 -1.22070D-14  2.87549D-62  1.87906D+05  1.03037D+07  8.01685D+02  2.27385D+04 -1.84303D+05 -1.84303D+05  2.52740D-03  1.00000+100      7
  4.04010D+02  8.01398D+03  1.32646D-67  5.64575D-14  7.97826D-72  1.53285D+05  1.02902D+07  7.21830D+02  2.59630D+04 -1.38325D+05 -1.38325D+05  2.17552D-03  1.00000+100      7
  3.43710D+02  8.04055D+03  1.85313D-80 -2.32697D-14  9.48243D-85  1.19511D+05  1.02768D+07  6.31326D+02  3.03337D+04 -9.74691D+04 -9.74691D+04  1.83162D-03  1.00000+100      6
  2.83410D+02  8.06604D+03  8.07658D-99  4.00543D-15  3.40772-103  8.69503D+04  1.02633D+07  5.27231D+02  3.65850D+04 -6.24636D+04 -6.24636D+04  1.49537D-03  1.00000+100      8
  2.23110D+02  8.08992D+03  1.00000D-97  3.69751D-09  3.32154-102  5.63072D+04  1.02498D+07  4.05847D+02  3.61569D+04 -6.24636D+04 -6.24636D+04  1.16638D-03  1.00000+100     34


  DATA ARRAY FOR MATERIAL   1

  C( 1) = 1.000000000+100  C(31) = 1.000000000D+00  C(61) =-7.500000000D-01
  C( 2) = 0.000000000D+00  C(32) = 9.232485832D+13  C(62) = 5.000000000D-01
  C( 3) = 1.595099607D+12  C(33) = 3.409003507D+00  C(63) = 1.000000000D+00
  C( 4) = 6.139992525D+11  C(34) = 4.001724375D+13  C(64) = 0.000000000D+00
  C( 5) = 9.596827887D+00  C(35) =-9.481950059D+13  C(65) = 0.000000000D+00
  C( 6) = 1.803172113D+00  C(36) = 5.785582232D+13  C(66) = 0.000000000D+00
  C( 7) = 0.000000000D+00  C(37) = 7.287973498D+13  C(67) = 0.000000000D+00
  C( 8) = 0.000000000D+00  C(38) = 0.000000000D+00  C(68) = 0.000000000D+00
  C( 9) = 0.000000000D+00  C(39) = 0.000000000D+00  C(69) = 0.000000000D+00
  C(10) = 1.020000000D+11  C(40) = 0.000000000D+00  C(70) = 0.000000000D+00
  C(11) = 8.060000000D+00  C(41) = 0.000000000D+00  C(71) = 1.000000000D+00
  C(12) = 2.567717075D-02  C(42) = 1.000000000D-01  C(72) = 0.000000000D+00
  C(13) = 2.295534270D-05  C(43) =-4.787742748D+09  C(73) = 7.648268382D-01
  C(14) =-7.490331831D-04  C(44) =-4.214872145D+10  C(74) = 9.656415123D-01
  C(15) = 1.900000000D+00  C(45) = 3.693551724D+10  C(75) = 0.000000000D+00
  C(16) =-5.464598637D-02  C(46) = 7.260162593D+00  C(76) = 0.000000000D+00
  C(17) = 6.451612903D-01  C(47) = 6.984276414D+00  C(77) = 5.326171873D-01
  C(18) = 1.558724896D-01  C(48) = 2.303524478D+00  C(78) = 5.903508458D+00
  C(19) = 8.133271268D+00  C(49) = 1.001654703D-01  C(79) = 6.953331278-310
  C(20) = 1.000000000D+06  C(50) = 6.206702574D-02  C(80) = 0.000000000D+00
  C(21) = 1.510000000D+12  C(51) = 5.149807507D-02  C(81) = 0.000000000D+00
  C(22) = 0.000000000D+00  C(52) = 7.906486914D-01  C(82) = 0.000000000D+00
  C(23) = 6.448000000D+00  C(53) = 0.000000000D+00  C(83) = 0.000000000D+00
  C(24) = 5.000000000D-01  C(54) = 0.000000000D+00  C(84) = 0.000000000D+00
  C(25) =-3.877425114D-02  C(55) = 9.999990000D-01  C(85) = 0.000000000D+00
  C(26) = 2.600000000D+01  C(56) = 1.000000000D-06  C(86) = 0.000000000D+00
  C(27) = 1.078471056D+22  C(57) = 3.000000000D-01  C(87) = 2.354994714-314
  C(28) = 1.000000000D+00  C(58) = 1.000000000D-01  C(88) = 1.330000000D+00
  C(29) = 5.584900000D+01  C(59) = 2.000000000D-01  C(89) = 1.000000000D-20
  C(30) = 4.000000000D+00  C(60) = 0.000000000D+00  C(90) = 1.000000000D+05

  LOCKP( 1)=   1    LOCKPL( 1)=  99  (two-phase array storage data)


 BOUNDS OF LIQUID/SOLID PHASE TRANSITION
   ENTHALPY OF FUSION (ERG/GM)................... 2.47000D+09
   LOWER LIMIT OF METASTABLE LIQUID ACK(49)...... 1.16248D+03
   MELT TEMPERATURE (TRIPLE POINT) ACK(18)....... 1.80900D+03
   INTERMEDIATE TEMPERATURE ACK(52).............. 9.17598D+03
   MAXIMUM TEMPERATURE ACK(48)................... 2.67339D+04
   SLOPE OF LEFT  BOUNDARY, dT/dRHO ACK(50)...... 7.20328D-01
   SLOPE OF RIGHT BOUNDARY, dT/dRHO ACK(51)...... 5.97668D-01
   MINIMUM DENSITY ACK(23), GM/CC................ 6.44800D+03
   SOLID/MELT DENSITY AT Tm ACK(46), GM/CC....... 0.00000D+00
   LIQUID/VAPOR DENSITY AT Tm ACK(47), GM/CC..... 6.98428D+03



 LIQUID/SOLID PHASE CURVE

       T         RLIQ       RSOLID      PLIQ       PSOLID      ELIQ        ESOLID       SLIQ       SOLID        GLIQ       GSOLID        #ITER
       K        kg/m**3     kg/m**3      GPa         GPa       J/kg         J/kg        J/kg-K     J/kg-K       J/kg        J/kg

  1.1625D+03  5.9473D+03  6.4420D+03 -1.3187D+01 -1.3187D+01  1.4381D+06  1.0322D+06  1.7602D+03  1.5575D+03 -2.8253D+06 -2.8253D+06        11
  1.3780D+03  6.3185D+03  6.7039D+03 -9.4644D+00 -9.4644D+00  1.3481D+06  1.0258D+06  1.7785D+03  1.6071D+03 -2.6004D+06 -2.6004D+06         9
  1.5935D+03  6.6588D+03  6.9786D+03 -5.0690D+00 -5.0690D+00  1.3115D+06  1.0359D+06  1.7941D+03  1.6430D+03 -2.3085D+06 -2.3085D+06         6
  1.8090D+03  6.9843D+03  7.2602D+03  2.2903D-10  2.2903D-10  1.3140D+06  1.0670D+06  1.8065D+03  1.6700D+03 -1.9537D+06 -1.9537D+06         1
  1.8584D+03  7.0576D+03  7.3254D+03  1.2572D+00  1.2572D+00  1.3194D+06  1.0774D+06  1.8089D+03  1.6752D+03 -1.8640D+06 -1.8640D+06         3
  1.9091D+03  7.1325D+03  7.3926D+03  2.5860D+00  2.5860D+00  1.3267D+06  1.0893D+06  1.8113D+03  1.6803D+03 -1.7685D+06 -1.7685D+06         3
  1.9612D+03  7.2092D+03  7.4618D+03  3.9908D+00  3.9908D+00  1.3361D+06  1.1029D+06  1.8136D+03  1.6852D+03 -1.6670D+06 -1.6670D+06         3
  2.0148D+03  7.2876D+03  7.5332D+03  5.4758D+00  5.4758D+00  1.3475D+06  1.1184D+06  1.8158D+03  1.6899D+03 -1.5593D+06 -1.5593D+06         3
  2.0698D+03  7.3680D+03  7.6068D+03  7.0458D+00  7.0458D+00  1.3613D+06  1.1359D+06  1.8180D+03  1.6945D+03 -1.4450D+06 -1.4450D+06         3
  2.1263D+03  7.4503D+03  7.6827D+03  8.7059D+00  8.7059D+00  1.3774D+06  1.1554D+06  1.8200D+03  1.6990D+03 -1.3237D+06 -1.3237D+06         3
  2.1843D+03  7.5346D+03  7.7609D+03  1.0461D+01  1.0461D+01  1.3961D+06  1.1773D+06  1.8220D+03  1.7033D+03 -1.1951D+06 -1.1951D+06         4
  2.2439D+03  7.6211D+03  7.8414D+03  1.2317D+01  1.2317D+01  1.4176D+06  1.2017D+06  1.8240D+03  1.7075D+03 -1.0589D+06 -1.0589D+06         4
  2.3052D+03  7.7098D+03  7.9245D+03  1.4280D+01  1.4280D+01  1.4419D+06  1.2287D+06  1.8259D+03  1.7116D+03 -9.1457D+05 -9.1457D+05         4
  2.3681D+03  7.8008D+03  8.0101D+03  1.6356D+01  1.6356D+01  1.4694D+06  1.2587D+06  1.8277D+03  1.7156D+03 -7.6182D+05 -7.6182D+05         4
  2.4327D+03  7.8943D+03  8.0983D+03  1.8552D+01  1.8552D+01  1.5001D+06  1.2917D+06  1.8295D+03  1.7195D+03 -6.0020D+05 -6.0020D+05         4
  2.4992D+03  7.9904D+03  8.1888D+03  2.0878D+01  2.0878D+01  1.5344D+06  1.3280D+06  1.8312D+03  1.7233D+03 -4.2887D+05 -4.2887D+05         4
  2.5674D+03  8.0898D+03  8.2817D+03  2.3351D+01  2.3351D+01  1.5724D+06  1.3678D+06  1.8328D+03  1.7270D+03 -2.4633D+05 -2.4633D+05         4
  2.6375D+03  8.1921D+03  8.3775D+03  2.5988D+01  2.5988D+01  1.6145D+06  1.4114D+06  1.8344D+03  1.7307D+03 -5.0918D+04 -5.0918D+04         4
  2.7095D+03  8.2974D+03  8.4763D+03  2.8805D+01  2.8805D+01  1.6610D+06  1.4591D+06  1.8359D+03  1.7343D+03  1.5868D+05  1.5868D+05         4
  2.7834D+03  8.4057D+03  8.5782D+03  3.1820D+01  3.1820D+01  1.7122D+06  1.5112D+06  1.8374D+03  1.7378D+03  3.8384D+05  3.8384D+05         4
  2.8594D+03  8.5172D+03  8.6834D+03  3.5052D+01  3.5052D+01  1.7683D+06  1.5679D+06  1.8388D+03  1.7412D+03  6.2606D+05  6.2606D+05         4
  2.9375D+03  8.6320D+03  8.7919D+03  3.8520D+01  3.8520D+01  1.8299D+06  1.6298D+06  1.8403D+03  1.7445D+03  8.8695D+05  8.8695D+05         4
  3.0176D+03  8.7502D+03  8.9040D+03  4.2248D+01  4.2248D+01  1.8972D+06  1.6971D+06  1.8417D+03  1.7477D+03  1.1683D+06  1.1683D+06         4
  3.1000D+03  8.8719D+03  9.0198D+03  4.6260D+01  4.6260D+01  1.9707D+06  1.7704D+06  1.8430D+03  1.7508D+03  1.4719D+06  1.4719D+06         4
  3.1846D+03  8.9973D+03  9.1395D+03  5.0585D+01  5.0585D+01  2.0510D+06  1.8502D+06  1.8444D+03  1.7539D+03  1.7999D+06  1.7999D+06         3
  3.2716D+03  9.1266D+03  9.2631D+03  5.5251D+01  5.5251D+01  2.1385D+06  1.9369D+06  1.8457D+03  1.7568D+03  2.1544D+06  2.1544D+06         4
  3.3609D+03  9.2598D+03  9.3910D+03  6.0293D+01  6.0293D+01  2.2338D+06  2.0312D+06  1.8470D+03  1.7596D+03  2.5379D+06  2.5379D+06         4
  3.4526D+03  9.3973D+03  9.5232D+03  6.5746D+01  6.5746D+01  2.3375D+06  2.1336D+06  1.8482D+03  1.7624D+03  2.9530D+06  2.9530D+06         4
  3.5469D+03  9.5391D+03  9.6600D+03  7.1652D+01  7.1652D+01  2.4504D+06  2.2450D+06  1.8494D+03  1.7650D+03  3.4024D+06  3.4024D+06         4
  3.6437D+03  9.6855D+03  9.8015D+03  7.8053D+01  7.8053D+01  2.5732D+06  2.3661D+06  1.8506D+03  1.7676D+03  3.8892D+06  3.8892D+06         4
  3.7431D+03  9.8366D+03  9.9480D+03  8.4999D+01  8.4999D+01  2.7067D+06  2.4977D+06  1.8518D+03  1.7701D+03  4.4167D+06  4.4167D+06         4
  3.8453D+03  9.9928D+03  1.0100D+04  9.2543D+01  9.2543D+01  2.8520D+06  2.6407D+06  1.8529D+03  1.7725D+03  4.9884D+06  4.9884D+06         4
  3.9503D+03  1.0154D+04  1.0257D+04  1.0075D+02  1.0075D+02  3.0098D+06  2.7962D+06  1.8540D+03  1.7748D+03  5.6080D+06  5.6080D+06         4
  4.0581D+03  1.0321D+04  1.0420D+04  1.0967D+02  1.0967D+02  3.1815D+06  2.9652D+06  1.8550D+03  1.7770D+03  6.2799D+06  6.2799D+06         4
  4.1689D+03  1.0494D+04  1.0588D+04  1.1939D+02  1.1939D+02  3.3681D+06  3.1491D+06  1.8560D+03  1.7791D+03  7.0085D+06  7.0085D+06         4
  4.2827D+03  1.0673D+04  1.0763D+04  1.2999D+02  1.2999D+02  3.5711D+06  3.3490D+06  1.8570D+03  1.7812D+03  7.7986D+06  7.7986D+06         4
  4.3996D+03  1.0858D+04  1.0945D+04  1.4156D+02  1.4156D+02  3.7918D+06  3.5666D+06  1.8579D+03  1.7831D+03  8.6555D+06  8.6555D+06         4
  4.5197D+03  1.1049D+04  1.1133D+04  1.5418D+02  1.5418D+02  4.0319D+06  3.8033D+06  1.8588D+03  1.7850D+03  9.5850D+06  9.5850D+06         5
  4.6431D+03  1.1248D+04  1.1329D+04  1.6798D+02  1.6798D+02  4.2932D+06  4.0610D+06  1.8596D+03  1.7868D+03  1.0593D+07  1.0593D+07         5
  4.7698D+03  1.1454D+04  1.1532D+04  1.8307D+02  1.8307D+02  4.5776D+06  4.3416D+06  1.8604D+03  1.7885D+03  1.1687D+07  1.1687D+07         5
  4.9000D+03  1.1668D+04  1.1742D+04  1.9959D+02  1.9959D+02  4.8871D+06  4.6472D+06  1.8612D+03  1.7901D+03  1.2873D+07  1.2873D+07         5
  5.0338D+03  1.1890D+04  1.1962D+04  2.1768D+02  2.1768D+02  5.2243D+06  4.9803D+06  1.8619D+03  1.7917D+03  1.4160D+07  1.4160D+07         5
  5.1712D+03  1.2121D+04  1.2190D+04  2.3751D+02  2.3751D+02  5.5916D+06  5.3432D+06  1.8625D+03  1.7931D+03  1.5556D+07  1.5556D+07         5
  5.3124D+03  1.2360D+04  1.2427D+04  2.5927D+02  2.5927D+02  5.9919D+06  5.7390D+06  1.8631D+03  1.7945D+03  1.7071D+07  1.7071D+07         5
  5.4574D+03  1.2610D+04  1.2673D+04  2.8317D+02  2.8317D+02  6.4282D+06  6.1706D+06  1.8637D+03  1.7958D+03  1.8714D+07  1.8714D+07         6
  5.6064D+03  1.2869D+04  1.2930D+04  3.0942D+02  3.0942D+02  6.9041D+06  6.6416D+06  1.8642D+03  1.7970D+03  2.0497D+07  2.0497D+07         6
  5.7594D+03  1.3139D+04  1.3198D+04  3.3828D+02  3.3828D+02  7.4233D+06  7.1557D+06  1.8646D+03  1.7982D+03  2.2431D+07  2.2431D+07         6
  5.9166D+03  1.3420D+04  1.3477D+04  3.7005D+02  3.7005D+02  7.9900D+06  7.7171D+06  1.8650D+03  1.7992D+03  2.4530D+07  2.4530D+07         6
  6.0781D+03  1.3713D+04  1.3768D+04  4.0505D+02  4.0505D+02  8.6088D+06  8.3304D+06  1.8654D+03  1.8002D+03  2.6808D+07  2.6808D+07         6
  6.2440D+03  1.4019D+04  1.4072D+04  4.4362D+02  4.4362D+02  9.2847D+06  9.0006D+06  1.8656D+03  1.8011D+03  2.9280D+07  2.9280D+07         6
  6.4145D+03  1.4338D+04  1.4389D+04  4.8617D+02  4.8617D+02  1.0023D+07  9.7334D+06  1.8658D+03  1.8019D+03  3.1964D+07  3.1964D+07         7
  6.5896D+03  1.4671D+04  1.4721D+04  5.3316D+02  5.3316D+02  1.0831D+07  1.0535D+07  1.8660D+03  1.8026D+03  3.4876D+07  3.4876D+07         7
  6.7695D+03  1.5020D+04  1.5067D+04  5.8509D+02  5.8509D+02  1.1715D+07  1.1412D+07  1.8660D+03  1.8032D+03  3.8038D+07  3.8038D+07         7
  6.9542D+03  1.5384D+04  1.5430D+04  6.4253D+02  6.4253D+02  1.2681D+07  1.2372D+07  1.8660D+03  1.8037D+03  4.1472D+07  4.1472D+07         7
  7.1441D+03  1.5765D+04  1.5809D+04  7.0614D+02  7.0614D+02  1.3740D+07  1.3424D+07  1.8660D+03  1.8041D+03  4.5201D+07  4.5201D+07         8
  7.3391D+03  1.6164D+04  1.6207D+04  7.7662D+02  7.7662D+02  1.4899D+07  1.4576D+07  1.8658D+03  1.8045D+03  4.9252D+07  4.9252D+07         8
  7.5394D+03  1.6583D+04  1.6624D+04  8.5482D+02  8.5482D+02  1.6170D+07  1.5839D+07  1.8656D+03  1.8047D+03  5.3654D+07  5.3654D+07         8
  7.7452D+03  1.7021D+04  1.7061D+04  9.4165D+02  9.4165D+02  1.7563D+07  1.7224D+07  1.8653D+03  1.8049D+03  5.8438D+07  5.8438D+07         9
  7.9567D+03  1.7482D+04  1.7521D+04  1.0382D+03  1.0382D+03  1.9091D+07  1.8745D+07  1.8649D+03  1.8049D+03  6.3638D+07  6.3638D+07         9
  8.1739D+03  1.7966D+04  1.8004D+04  1.1456D+03  1.1456D+03  2.0769D+07  2.0414D+07  1.8645D+03  1.8048D+03  6.9294D+07  6.9294D+07         9
  8.3970D+03  1.8475D+04  1.8512D+04  1.2653D+03  1.2653D+03  2.2611D+07  2.2248D+07  1.8639D+03  1.8047D+03  7.5447D+07  7.5447D+07        10
  8.6262D+03  1.9011D+04  1.9046D+04  1.3988D+03  1.3988D+03  2.4636D+07  2.4264D+07  1.8633D+03  1.8044D+03  8.2143D+07  8.2143D+07        10
  8.8617D+03  1.9576D+04  1.9610D+04  1.5479D+03  1.5479D+03  2.6862D+07  2.6481D+07  1.8625D+03  1.8040D+03  8.9432D+07  8.9432D+07        11
  9.1036D+03  2.0171D+04  2.0204D+04  1.7147D+03  1.7147D+03  2.9311D+07  2.8920D+07  1.8617D+03  1.8035D+03  9.7373D+07  9.7373D+07        11
  9.3521D+03  2.0799D+04  2.0831D+04  1.9014D+03  1.9014D+03  3.2008D+07  3.1607D+07  1.8607D+03  1.8028D+03  1.0603D+08  1.0603D+08        12
  9.6074D+03  2.1463D+04  2.1494D+04  2.1109D+03  2.1109D+03  3.4978D+07  3.4567D+07  1.8596D+03  1.8020D+03  1.1546D+08  1.1546D+08        13
  9.8696D+03  2.2166D+04  2.2196D+04  2.3460D+03  2.3460D+03  3.8253D+07  3.7831D+07  1.8584D+03  1.8011D+03  1.2575D+08  1.2575D+08        13
  1.0139D+04  2.2910D+04  2.2939D+04  2.6105D+03  2.6105D+03  4.1866D+07  4.1432D+07  1.8571D+03  1.8000D+03  1.3699D+08  1.3699D+08        14
  1.0416D+04  2.3698D+04  2.3727D+04  2.9085D+03  2.9085D+03  4.5855D+07  4.5409D+07  1.8557D+03  1.7988D+03  1.4926D+08  1.4926D+08        14
  1.0700D+04  2.4535D+04  2.4563D+04  3.2448D+03  3.2448D+03  5.0262D+07  4.9804D+07  1.8541D+03  1.7974D+03  1.6267D+08  1.6267D+08        15
  1.0992D+04  2.5425D+04  2.5452D+04  3.6248D+03  3.6248D+03  5.5136D+07  5.4665D+07  1.8523D+03  1.7959D+03  1.7735D+08  1.7735D+08        16
  1.1292D+04  2.6372D+04  2.6398D+04  4.0553D+03  4.0553D+03  6.0530D+07  6.0046D+07  1.8504D+03  1.7942D+03  1.9341D+08  1.9341D+08        17
  1.1601D+04  2.7381D+04  2.7406D+04  4.5437D+03  4.5437D+03  6.6506D+07  6.6009D+07  1.8484D+03  1.7923D+03  2.1101D+08  2.1101D+08        17
  1.1917D+04  2.8457D+04  2.8482D+04  5.0989D+03  5.0989D+03  7.3134D+07  7.2621D+07  1.8462D+03  1.7902D+03  2.3031D+08  2.3031D+08        18
  1.2243D+04  2.9608D+04  2.9632D+04  5.7316D+03  5.7316D+03  8.0490D+07  7.9963D+07  1.8437D+03  1.7879D+03  2.5150D+08  2.5150D+08        19
  1.2577D+04  3.0840D+04  3.0863D+04  6.4540D+03  6.4540D+03  8.8665D+07  8.8122D+07  1.8411D+03  1.7854D+03  2.7479D+08  2.7479D+08        20
  1.2920D+04  3.2161D+04  3.2184D+04  7.2809D+03  7.2809D+03  9.7761D+07  9.7201D+07  1.8383D+03  1.7826D+03  3.0040D+08  3.0040D+08        21
  1.3273D+04  3.3579D+04  3.3601D+04  8.2297D+03  8.2297D+03  1.0789D+08  1.0731D+08  1.8353D+03  1.7796D+03  3.2862D+08  3.2862D+08        22
  1.3635D+04  3.5106D+04  3.5127D+04  9.3213D+03  9.3213D+03  1.1919D+08  1.1860D+08  1.8320D+03  1.7764D+03  3.5973D+08  3.5973D+08        23
  1.4007D+04  3.6751D+04  3.6772D+04  1.0581D+04  1.0581D+04  1.3181D+08  1.3120D+08  1.8284D+03  1.7728D+03  3.9410D+08  3.9410D+08        25
  1.4390D+04  3.8528D+04  3.8549D+04  1.2038D+04  1.2038D+04  1.4593D+08  1.4529D+08  1.8246D+03  1.7690D+03  4.3211D+08  4.3211D+08        26
  1.4782D+04  4.0452D+04  4.0472D+04  1.3728D+04  1.3728D+04  1.6174D+08  1.6108D+08  1.8206D+03  1.7649D+03  4.7421D+08  4.7421D+08        27
  1.5186D+04  4.2539D+04  4.2558D+04  1.5697D+04  1.5697D+04  1.7948D+08  1.7881D+08  1.8162D+03  1.7604D+03  5.2092D+08  5.2092D+08        29
  1.5600D+04  4.4808D+04  4.4827D+04  1.7998D+04  1.7998D+04  1.9943D+08  1.9873D+08  1.8114D+03  1.7556D+03  5.7284D+08  5.7284D+08        30
  1.6026D+04  4.7282D+04  4.7301D+04  2.0696D+04  2.0696D+04  2.2189D+08  2.2117D+08  1.8063D+03  1.7504D+03  6.3066D+08  6.3066D+08        32
  1.6464D+04  4.9986D+04  5.0004D+04  2.3873D+04  2.3873D+04  2.4724D+08  2.4649D+08  1.8009D+03  1.7447D+03  6.9519D+08  6.9519D+08        33
  1.6913D+04  5.2950D+04  5.2968D+04  2.7629D+04  2.7629D+04  2.7592D+08  2.7514D+08  1.7950D+03  1.7387D+03  7.6736D+08  7.6736D+08        35
  1.7375D+04  5.6209D+04  5.6226D+04  3.2091D+04  3.2091D+04  3.0842D+08  3.0761D+08  1.7887D+03  1.7321D+03  8.4827D+08  8.4827D+08        37
  1.7849D+04  5.9804D+04  5.9821D+04  3.7416D+04  3.7416D+04  3.4537D+08  3.4453D+08  1.7818D+03  1.7250D+03  9.3922D+08  9.3922D+08        39
  1.8336D+04  6.3783D+04  6.3799D+04  4.3805D+04  4.3805D+04  3.8748D+08  3.8661D+08  1.7745D+03  1.7173D+03  1.0417D+09  1.0417D+09        41
  1.8837D+04  6.8203D+04  6.8219D+04  5.1513D+04  5.1513D+04  4.3562D+08  4.3472D+08  1.7666D+03  1.7091D+03  1.1576D+09  1.1576D+09        43
  1.9351D+04  7.3135D+04  7.3150D+04  6.0869D+04  6.0869D+04  4.9084D+08  4.8990D+08  1.7581D+03  1.7001D+03  1.2891D+09  1.2891D+09        46
  1.9879D+04  7.8660D+04  7.8675D+04  7.2301D+04  7.2301D+04  5.5440D+08  5.5342D+08  1.7489D+03  1.6904D+03  1.4388D+09  1.4388D+09        48
  2.0422D+04  8.4881D+04  8.4896D+04  8.6369D+04  8.6369D+04  6.2785D+08  6.2682D+08  1.7389D+03  1.6799D+03  1.6099D+09  1.6099D+09        51
  2.0980D+04  9.1921D+04  9.1935D+04  1.0382D+05  1.0382D+05  7.1310D+08  7.1203D+08  1.7281D+03  1.6685D+03  1.8063D+09  1.8063D+09        54
  2.1552D+04  9.9934D+04  9.9948D+04  1.2564D+05  1.2564D+05  8.1252D+08  8.1140D+08  1.7164D+03  1.6561D+03  2.0328D+09  2.0328D+09        57
  2.2141D+04  1.0911D+05  1.0913D+05  1.5321D+05  1.5321D+05  9.2908D+08  9.2791D+08  1.7037D+03  1.6426D+03  2.2955D+09  2.2955D+09        60
  2.2745D+04  1.1970D+05  1.1972D+05  1.8839D+05  1.8839D+05  1.0666D+09  1.0653D+09  1.6898D+03  1.6279D+03  2.6020D+09  2.6020D+09        64
  2.3366D+04  1.3202D+05  1.3203D+05  2.3383D+05  2.3383D+05  1.2298D+09  1.2285D+09  1.6747D+03  1.6118D+03  2.9619D+09  2.9619D+09        67
  2.4004D+04  1.4646D+05  1.4648D+05  2.9330D+05  2.9330D+05  1.4252D+09  1.4238D+09  1.6582D+03  1.5941D+03  3.3879D+09  3.3879D+09        71
  2.4659D+04  1.6358D+05  1.6360D+05  3.7230D+05  3.7230D+05  1.6610D+09  1.6595D+09  1.6399D+03  1.5746D+03  3.8964D+09  3.8964D+09        76
  2.5332D+04  1.8412D+05  1.8413D+05  4.7911D+05  4.7911D+05  1.9485D+09  1.9470D+09  1.6198D+03  1.5531D+03  4.5097D+09  4.5097D+09        80
  2.6023D+04  2.0908D+05  2.0909D+05  6.2646D+05  6.2646D+05  2.3034D+09  2.3018D+09  1.5975D+03  1.5291D+03  5.2580D+09  5.2580D+09        86
  2.6734D+04  2.3993D+05  2.3994D+05  8.3464D+05  8.3464D+05  2.7476D+09  2.7458D+09  1.5725D+03  1.5022D+03  6.1842D+09  6.1842D+09        92


   ZERO-TEMPERATURE ISOTHERM

        RHO          P         DPDR          E          ETA       GAMMA      T(PSI=1)     THETA       GIBBS
      kg/m**3       GPa	    (m/sec)**2     J/kg                                K           K          J/kg

    8.0600D+04  7.6003D+04  2.2153D+09  5.6522D+08  1.0000D+01  5.9500D-01  3.3769D+06 -4.0971D+03  1.5082D+09
    7.3508D+04  6.1117D+04  1.9827D+09  4.8359D+08  9.1201D+00  6.0469D-01  3.2151D+06 -3.8769D+03  1.3150D+09
    6.7040D+04  4.8980D+04  1.7703D+09  4.1174D+08  8.3176D+00  6.1543D-01  3.0554D+06 -3.6651D+03  1.1423D+09
    6.1141D+04  3.9109D+04  1.5766D+09  3.4871D+08  7.5858D+00  6.2733D-01  2.8976D+06 -3.4613D+03  9.8835D+08
    5.5762D+04  3.1101D+04  1.4002D+09  2.9363D+08  6.9183D+00  6.4054D-01  2.7415D+06 -3.2650D+03  8.5138D+08
    5.0855D+04  2.4625D+04  1.2398D+09  2.4571D+08  6.3096D+00  6.5520D-01  2.5873D+06 -3.0759D+03  7.2992D+08
    4.6380D+04  1.9403D+04  1.0941D+09  2.0420D+08  5.7544D+00  6.7150D-01  2.4347D+06 -2.8937D+03  6.2255D+08
    4.2299D+04  1.5208D+04  9.6205D+08  1.6843D+08  5.2481D+00  6.8965D-01  2.2839D+06 -2.7179D+03  5.2796D+08
    3.8578D+04  1.1850D+04  8.4254D+08  1.3777D+08  4.7863D+00  7.0986D-01  2.1349D+06 -2.5483D+03  4.4495D+08
    3.5183D+04  9.1738D+03  7.3460D+08  1.1166D+08  4.3652D+00  7.3242D-01  1.9878D+06 -2.3846D+03  3.7240D+08
    3.2087D+04  7.0505D+03  6.3734D+08  8.9575D+07  3.9811D+00  7.5762D-01  1.8427D+06 -2.2265D+03  3.0930D+08
    2.9264D+04  5.3748D+03  5.4991D+08  7.1034D+07  3.6308D+00  7.8581D-01  1.6999D+06 -2.0738D+03  2.5470D+08
    2.6689D+04  4.0601D+03  4.7153D+08  5.5604D+07  3.3113D+00  8.1740D-01  1.5595D+06 -1.9262D+03  2.0773D+08
    2.4341D+04  3.0353D+03  4.0150D+08  4.2886D+07  3.0200D+00  8.5284D-01  1.4219D+06 -1.7837D+03  1.6758D+08
    2.2199D+04  2.2424D+03  3.3914D+08  3.2518D+07  2.7542D+00  8.9268D-01  1.2875D+06 -1.6460D+03  1.3353D+08
    2.0246D+04  1.6343D+03  2.8385D+08  2.4174D+07  2.5119D+00  9.3754D-01  1.1567D+06 -1.5130D+03  1.0490D+08
    1.8464D+04  1.1723D+03  2.3508D+08  1.7555D+07  2.2909D+00  9.8814D-01  1.0302D+06 -1.3847D+03  8.1046D+07
    1.6840D+04  8.2540D+02  1.9231D+08  1.2394D+07  2.0893D+00  1.0453D+00  9.0842D+05 -1.2610D+03  6.1409D+07
    1.5358D+04  5.6826D+02  1.5508D+08  8.4503D+06  1.9055D+00  1.1100D+00  7.9213D+05 -1.1419D+03  4.5451D+07
    1.4007D+04  3.8061D+02  1.2298D+08  5.5107D+06  1.7378D+00  1.1835D+00  6.8200D+05 -1.0275D+03  3.2684D+07
    1.2774D+04  2.4612D+02  9.5605D+07  3.3858D+06  1.5849D+00  1.2669D+00  5.7877D+05 -9.1793D+02  2.2653D+07
    1.1650D+04  1.5178D+02  7.2625D+07  1.9104D+06  1.4454D+00  1.3620D+00  4.8317D+05 -8.1334D+02  1.4938D+07
    1.0625D+04  8.7201D+01  5.3728D+07  9.4242D+05  1.3183D+00  1.4704D+00  3.9588D+05 -7.1396D+02  9.1495D+06
    9.6902D+03  4.4202D+01  3.8640D+07  3.6249D+05  1.2023D+00  1.5945D+00  3.1750D+05 -6.2005D+02  4.9240D+06
    8.8376D+03  1.6338D+01  2.7119D+07  7.3516D+04  1.0965D+00  1.7367D+00  2.4848D+05 -5.3195D+02  1.9222D+06
    8.0600D+03 -1.4127D+00  1.8944D+07  7.9651D+02  1.0000D+00  1.9000D+00  1.8908D+05 -4.5000D+02 -1.7447D+05
    7.3508D+03 -1.2654D+01  1.2879D+07  9.1337D+04  9.1201D-01  2.0397D+00  1.3972D+05 -3.7514D+02 -1.6301D+06
    6.7040D+03 -1.9372D+01  8.0013D+06  3.0630D+05  8.3176D-01  2.1192D+00  1.0121D+05 -3.0963D+02 -2.5833D+06
    6.1141D+03 -2.2921D+01  4.1265D+06  6.1415D+05  7.5858D-01  2.1518D+00  7.2575D+04 -2.5426D+02 -3.1348D+06
    5.5762D+03 -2.4303D+01  1.0896D+06  9.8922D+05  6.9183D-01  2.1484D+00  5.1908D+04 -2.0853D+02 -3.3691D+06
    5.0855D+03 -2.4246D+01 -1.2538D+06  1.4109D+06  6.3096D-01  2.1177D+00  3.7248D+04 -1.7131D+02 -3.3568D+06
    4.6380D+03 -2.3275D+01 -3.0291D+06  1.8626D+06  5.7544D-01  2.0668D+00  2.6933D+04 -1.4126D+02 -3.1556D+06
    4.2299D+03 -2.1760D+01 -4.3438D+06  2.3314D+06  5.2481D-01  2.0012D+00  1.9685D+04 -1.1712D+02 -2.8129D+06
    3.8578D+03 -1.9960D+01 -5.2890D+06  2.8072D+06  4.7863D-01  1.9256D+00  1.4577D+04 -9.7738D+01 -2.3668D+06
    3.5183D+03 -1.8049D+01 -5.9406D+06  3.2822D+06  4.3652D-01  1.8434D+00  1.0953D+04 -8.2161D+01 -1.8476D+06
    3.2087D+03 -1.6140D+01 -6.3614D+06  3.7505D+06  3.9811D-01  1.7575D+00  8.3591D+03 -6.9604D+01 -1.2796D+06
    2.9264D+03 -1.4307D+01 -6.6028D+06  4.2076D+06  3.6308D-01  1.6700D+00  6.4822D+03 -5.9441D+01 -6.8132D+05
    2.6689D+03 -1.2591D+01 -6.7061D+06  4.6501D+06  3.3113D-01  1.5826D+00  5.1084D+03 -5.1172D+01 -6.7497D+04
    2.4341D+03 -1.1015D+01 -6.7040D+06  5.0759D+06  3.0199D-01  1.4966D+00  4.0907D+03 -4.4407D+01  5.5076D+05
    2.2199D+03 -9.5862D+00 -6.6225D+06  5.4833D+06  2.7542D-01  1.4129D+00  3.3274D+03 -3.8839D+01  1.1650D+06
    2.0246D+03 -8.3053D+00 -6.4817D+06  5.8711D+06  2.5119D-01  1.3322D+00  2.7478D+03 -3.4228D+01  1.7689D+06
    1.8464D+03 -7.1663D+00 -6.2973D+06  6.2388D+06  2.2909D-01  1.2549D+00  2.3025D+03 -3.0384D+01  2.3576D+06
    1.6840D+03 -6.1601D+00 -6.0810D+06  6.5860D+06  2.0893D-01  1.1815D+00  1.9563D+03 -2.7160D+01  2.9279D+06
    1.5358D+03 -5.2763D+00 -5.8420D+06  6.9126D+06  1.9055D-01  1.1119D+00  1.6842D+03 -2.4439D+01  3.4771D+06
    1.4007D+03 -4.5036D+00 -5.5872D+06  7.2189D+06  1.7378D-01  1.0464D+00  1.4681D+03 -2.2127D+01  4.0035D+06
    1.2774D+03 -3.8311D+00 -5.3217D+06  7.5050D+06  1.5849D-01  9.8497D-01  1.2947D+03 -2.0152D+01  4.5060D+06
    1.1650D+03 -3.2479D+00 -5.0497D+06  7.7715D+06  1.4454D-01  9.2746D-01  1.1545D+03 -1.8453D+01  4.9836D+06
    1.0625D+03 -2.7442D+00 -4.7744D+06  8.0188D+06  1.3183D-01  8.7380D-01  1.0400D+03 -1.6985D+01  5.4361D+06
    9.6902D+02 -2.3105D+00 -4.4981D+06  8.2475D+06  1.2023D-01  8.2386D-01  9.4580D+02 -1.5708D+01  5.8631D+06
    8.8376D+02 -1.9386D+00 -4.2230D+06  8.4582D+06  1.0965D-01  7.7749D-01  8.6783D+02 -1.4592D+01  6.2647D+06
    8.0600D+02 -1.6206D+00 -3.9508D+06  8.6518D+06  1.0000D-01  7.3450D-01  8.0287D+02 -1.3611D+01  6.6411D+06
    7.3508D+02 -1.3498D+00 -3.6829D+06  8.8289D+06  9.1201D-02  6.9472D-01  7.4845D+02 -1.2744D+01  6.9926D+06
    6.7040D+02 -1.1200D+00 -3.4207D+06  8.9903D+06  8.3176D-02  6.5796D-01  7.0266D+02 -1.1975D+01  7.3197D+06
    6.1141D+02 -9.2568D-01 -3.1653D+06  9.1369D+06  7.5858D-02  6.2403D-01  6.6397D+02 -1.1288D+01  7.6229D+06
    5.5761D+02 -7.6199D-01 -2.9177D+06  9.2695D+06  6.9183D-02  5.9276D-01  6.3119D+02 -1.0673D+01  7.9030D+06
    5.0855D+02 -6.2464D-01 -2.6788D+06  9.3889D+06  6.3096D-02  5.6396D-01  6.0336D+02 -1.0120D+01  8.1606D+06
    4.6380D+02 -5.0986D-01 -2.4495D+06  9.4960D+06  5.7544D-02  5.3747D-01  5.7969D+02 -9.6195D+00  8.3967D+06
    4.2299D+02 -4.1434D-01 -2.2303D+06  9.5917D+06  5.2481D-02  5.1312D-01  5.5957D+02 -9.1654D+00  8.6122D+06
    3.8577D+02 -3.3518D-01 -2.0219D+06  9.6767D+06  4.7863D-02  4.9075D-01  5.4248D+02 -8.7514D+00  8.8079D+06
    3.5183D+02 -2.6988D-01 -1.8247D+06  9.7520D+06  4.3651D-02  4.7022D-01  5.2798D+02 -8.3727D+00  8.9849D+06
    3.2087D+02 -2.1625D-01 -1.6392D+06  9.8183D+06  3.9811D-02  4.5139D-01  5.1574D+02 -8.0249D+00  9.1444D+06
    2.9264D+02 -1.7241D-01 -1.4654D+06  9.8764D+06  3.6308D-02  4.3412D-01  5.0546D+02 -7.7043D+00  9.2873D+06
    2.6689D+02 -1.3675D-01 -1.3036D+06  9.9271D+06  3.3113D-02  4.1830D-01  4.9690D+02 -7.4078D+00  9.4147D+06
    2.4341D+02 -1.0790D-01 -1.1537D+06  9.9710D+06  3.0199D-02  4.0380D-01  4.8985D+02 -7.1326D+00  9.5277D+06
    2.2199D+02 -8.4665D-02 -1.0156D+06  1.0009D+07  2.7542D-02  3.9053D-01  4.8413D+02 -6.8765D+00  9.6276D+06
    2.0246D+02 -6.6061D-02 -8.8923D+05  1.0041D+07  2.5119D-02  3.7838D-01  4.7960D+02 -6.6373D+00  9.7152D+06
    1.8464D+02 -5.1246D-02 -7.7417D+05  1.0069D+07  2.2909D-02  3.6726D-01  4.7613D+02 -6.4133D+00  9.7917D+06
    1.6840D+02 -3.9516D-02 -6.7008D+05  1.0093D+07  2.0893D-02  3.5709D-01  4.7361D+02 -6.2030D+00  9.8581D+06
    1.5358D+02 -3.0282D-02 -5.7651D+05  1.0113D+07  1.9055D-02  3.4779D-01  4.7196D+02 -6.0049D+00  9.9155D+06
    1.4007D+02 -2.3059D-02 -4.9293D+05  1.0129D+07  1.7378D-02  3.3929D-01  4.7107D+02 -5.8179D+00  9.9646D+06
    1.2774D+02 -1.7443D-02 -4.1876D+05  1.0143D+07  1.5849D-02  3.3152D-01  4.7090D+02 -5.6409D+00  1.0007D+07
    1.1650D+02 -1.3106D-02 -3.5341D+05  1.0155D+07  1.4454D-02  3.2442D-01  4.7137D+02 -5.4731D+00  1.0042D+07
    1.0625D+02 -9.7784D-03 -2.9622D+05  1.0164D+07  1.3183D-02  3.1793D-01  4.7243D+02 -5.3136D+00  1.0072D+07
    9.6902D+01 -7.2433D-03 -2.4654D+05  1.0172D+07  1.2023D-02  3.1200D-01  4.7404D+02 -5.1617D+00  1.0097D+07
    8.8376D+01 -5.3256D-03 -2.0370D+05  1.0178D+07  1.0965D-02  3.0659D-01  4.7614D+02 -5.0168D+00  1.0118D+07
    8.0600D+01 -3.8857D-03 -1.6705D+05  1.0183D+07  1.0000D-02  3.0164D-01  4.7872D+02 -4.8782D+00  1.0135D+07
    7.3508D+01 -2.8128D-03 -1.3593D+05  1.0187D+07  9.1201D-03  2.9713D-01  4.8172D+02 -4.7455D+00  1.0148D+07
    6.7040D+01 -2.0196D-03 -1.0972D+05  1.0190D+07  8.3176D-03  2.9301D-01  4.8513D+02 -4.6183D+00  1.0160D+07
    6.1141D+01 -1.4379D-03 -8.7837D+04  1.0192D+07  7.5858D-03  2.8924D-01  4.8892D+02 -4.4961D+00  1.0169D+07
    5.5761D+01 -1.0149D-03 -6.9720D+04  1.0194D+07  6.9183D-03  2.8581D-01  4.9307D+02 -4.3787D+00  1.0176D+07
    5.0855D+01 -7.0997D-04 -5.4855D+04  1.0196D+07  6.3096D-03  2.8267D-01  4.9755D+02 -4.2655D+00  1.0182D+07
    4.6380D+01 -4.9209D-04 -4.2768D+04  1.0197D+07  5.7544D-03  2.7981D-01  5.0235D+02 -4.1565D+00  1.0186D+07
    4.2299D+01 -3.3785D-04 -3.3033D+04  1.0198D+07  5.2481D-03  2.7719D-01  5.0745D+02 -4.0512D+00  1.0190D+07
    3.8577D+01 -2.2969D-04 -2.5268D+04  1.0198D+07  4.7863D-03  2.7481D-01  5.1284D+02 -3.9495D+00  1.0192D+07
    3.5183D+01 -1.5458D-04 -1.9137D+04  1.0199D+07  4.3651D-03  2.7263D-01  5.1850D+02 -3.8512D+00  1.0194D+07
    3.2087D+01 -1.0295D-04 -1.4344D+04  1.0199D+07  3.9811D-03  2.7065D-01  5.2443D+02 -3.7561D+00  1.0196D+07
    2.9264D+01 -6.7836D-05 -1.0638D+04  1.0199D+07  3.6308D-03  2.6883D-01  5.3061D+02 -3.6639D+00  1.0197D+07
    2.6689D+01 -4.4204D-05 -7.8034D+03  1.0200D+07  3.3113D-03  2.6718D-01  5.3704D+02 -3.5746D+00  1.0198D+07
    2.4341D+01 -2.8477D-05 -5.6596D+03  1.0200D+07  3.0199D-03  2.6567D-01  5.4370D+02 -3.4879D+00  1.0199D+07
    2.2199D+01 -1.8130D-05 -4.0571D+03  1.0200D+07  2.7542D-03  2.6430D-01  5.5059D+02 -3.4038D+00  1.0199D+07
    2.0246D+01 -1.1403D-05 -2.8735D+03  1.0200D+07  2.5119D-03  2.6304D-01  5.5770D+02 -3.3222D+00  1.0199D+07
    1.8464D+01 -7.0830D-06 -2.0101D+03  1.0200D+07  2.2909D-03  2.6189D-01  5.6503D+02 -3.2428D+00  1.0200D+07
    1.6840D+01 -4.3429D-06 -1.3882D+03  1.0200D+07  2.0893D-03  2.6085D-01  5.7257D+02 -3.1657D+00  1.0200D+07
    1.5358D+01 -2.6276D-06 -9.4605D+02  1.0200D+07  1.9055D-03  2.5990D-01  5.8032D+02 -3.0907D+00  1.0200D+07
    1.4007D+01 -1.5680D-06 -6.3601D+02  1.0200D+07  1.7378D-03  2.5903D-01  5.8827D+02 -3.0177D+00  1.0200D+07
    1.2774D+01 -9.2256D-07 -4.2159D+02  1.0200D+07  1.5849D-03  2.5823D-01  5.9642D+02 -2.9467D+00  1.0200D+07
    1.1650D+01 -5.3491D-07 -2.7543D+02  1.0200D+07  1.4454D-03  2.5751D-01  6.0477D+02 -2.8775D+00  1.0200D+07
    1.0625D+01 -3.0550D-07 -1.7727D+02  1.0200D+07  1.3183D-03  2.5685D-01  6.1331D+02 -2.8101D+00  1.0200D+07
    9.6902D+00 -1.7179D-07 -1.1234D+02  1.0200D+07  1.2023D-03  2.5625D-01  6.2205D+02 -2.7445D+00  1.0200D+07
    8.8376D+00 -9.5058D-08 -7.0066D+01  1.0200D+07  1.0965D-03  2.5570D-01  6.3098D+02 -2.6806D+00  1.0200D+07
    8.0600D+00 -5.1736D-08 -4.2987D+01  1.0200D+07  1.0000D-03  2.5520D-01  6.4010D+02 -2.6182D+00  1.0200D+07


   HUGONIOT

      RHO          T           P          PC           E           S           V           U       RHO/RHOO  #IT  STATE
    kg/m**3        K          GPa        GPa          J/kg      J/kg-K       km/sec      km/sec

  7.8740D+03  2.9803D+02 -3.3308D+00 -4.7809D+00  1.0655D+05  5.7691D+02  4.2026D+00  0.0000D+00  1.0000D+00  0  INITIAL
  7.9253D+03  3.0175D+02 -2.4133D+00 -3.8827D+00  1.0419D+05  5.7692D+02  4.2429D+00  2.7463D-02  1.0065D+00  2  SOLID  
  7.9651D+03  3.0465D+02 -1.6849D+00 -3.1692D+00  1.0291D+05  5.7696D+02  4.2744D+00  4.8903D-02  1.0116D+00  2  SOLID  
  8.0046D+03  3.0755D+02 -9.4976D-01 -2.4489D+00  1.0212D+05  5.7704D+02  4.3058D+00  7.0229D-02  1.0166D+00  2  SOLID  
  8.0434D+03  3.1045D+02 -2.1114D-01 -1.7250D+00  1.0181D+05  5.7719D+02  4.3368D+00  9.1356D-02  1.0215D+00  2  SOLID  
  8.0816D+03  3.1335D+02  5.2801D-01 -1.0006D+00  1.0198D+05  5.7743D+02  4.3675D+00  1.1221D-01  1.0264D+00  2  SOLID  
  8.1190D+03  3.1625D+02  1.2649D+00 -2.7859D-01  1.0259D+05  5.7776D+02  4.3977D+00  1.3272D-01  1.0311D+00  2  SOLID  
  8.1555D+03  3.1916D+02  1.9970D+00  4.3842D-01  1.0363D+05  5.7819D+02  4.4275D+00  1.5283D-01  1.0358D+00  2  SOLID  
  8.1910D+03  3.2206D+02  2.7222D+00  1.1482D+00  1.0506D+05  5.7873D+02  4.4566D+00  1.7249D-01  1.0403D+00  2  SOLID  
  8.2255D+03  3.2496D+02  3.4386D+00  1.8491D+00  1.0685D+05  5.7939D+02  4.4851D+00  1.9168D-01  1.0446D+00  2  SOLID  
  8.2590D+03  3.2786D+02  4.1449D+00  2.5395D+00  1.0896D+05  5.8015D+02  4.5130D+00  2.1037D-01  1.0489D+00  2  SOLID  
  8.2914D+03  3.3076D+02  4.8399D+00  3.2185D+00  1.1138D+05  5.8103D+02  4.5402D+00  2.2855D-01  1.0530D+00  2  SOLID  
  8.4644D+03  3.4817D+02  8.7471D+00  7.0243D+00  1.3054D+05  5.8844D+02  4.6893D+00  3.2711D-01  1.0750D+00  3  SOLID  
  8.6878D+03  3.7718D+02  1.4315D+01  1.2408D+01  1.7189D+05  6.0647D+02  4.8913D+00  4.5817D-01  1.1034D+00  4  SOLID  
  8.8582D+03  4.0620D+02  1.9004D+01  1.6900D+01  2.1714D+05  6.2805D+02  5.0526D+00  5.6140D-01  1.1250D+00  3  SOLID  
  8.9961D+03  4.3521D+02  2.3099D+01  2.0789D+01  2.6312D+05  6.5095D+02  5.1876D+00  6.4704D-01  1.1425D+00  3  SOLID  
  9.1123D+03  4.6423D+02  2.6776D+01  2.4254D+01  3.0886D+05  6.7413D+02  5.3044D+00  7.2082D-01  1.1573D+00  3  SOLID  
  9.3026D+03  5.2225D+02  3.3270D+01  3.0310D+01  3.9850D+05  7.1958D+02  5.5017D+00  8.4488D-01  1.1814D+00  3  SOLID  
  9.4567D+03  5.8028D+02  3.8985D+01  3.5576D+01  4.8546D+05  7.6272D+02  5.6667D+00  9.4837D-01  1.2010D+00  3  SOLID  
  9.5872D+03  6.3831D+02  4.4168D+01  4.0299D+01  5.6994D+05  8.0324D+02  5.8101D+00  1.0383D+00  1.2176D+00  3  SOLID  
  9.7011D+03  6.9634D+02  4.8959D+01  4.4623D+01  6.5225D+05  8.4119D+02  5.9380D+00  1.1184D+00  1.2320D+00  3  SOLID  
  9.8943D+03  8.1239D+02  5.7687D+01  5.2402D+01  8.1135D+05  9.1016D+02  6.1605D+00  1.2579D+00  1.2566D+00  3  SOLID  
  1.0056D+04  9.2845D+02  6.5596D+01  5.9346D+01  9.6443D+05  9.7129D+02  6.3517D+00  1.3782D+00  1.2771D+00  3  SOLID  
  1.0196D+04  1.0445D+03  7.2912D+01  6.5687D+01  1.1126D+06  1.0260D+03  6.5211D+00  1.4849D+00  1.2948D+00  3  SOLID  
  1.0319D+04  1.1606D+03  7.9775D+01  7.1565D+01  1.2568D+06  1.0754D+03  6.6739D+00  1.5815D+00  1.3105D+00  3  SOLID  
  1.0532D+04  1.3927D+03  9.2479D+01  8.2280D+01  1.5353D+06  1.1619D+03  6.9434D+00  1.7524D+00  1.3376D+00  3  SOLID  
  1.0713D+04  1.6248D+03  1.0417D+02  9.1963D+01  1.8032D+06  1.2355D+03  7.1780D+00  1.9020D+00  1.3605D+00  3  SOLID  
  1.0870D+04  1.8569D+03  1.1511D+02  1.0088D+02  2.0629D+06  1.2997D+03  7.3874D+00  2.0361D+00  1.3805D+00  3  SOLID  
  1.1010D+04  2.0890D+03  1.2546D+02  1.0920D+02  2.3156D+06  1.3564D+03  7.5776D+00  2.1585D+00  1.3983D+00  3  SOLID  
  1.1137D+04  2.3211D+03  1.3533D+02  1.1704D+02  2.5626D+06  1.4073D+03  7.7526D+00  2.2716D+00  1.4144D+00  3  SOLID  
  1.1412D+04  2.9014D+03  1.5842D+02  1.3501D+02  3.1596D+06  1.5151D+03  8.1403D+00  2.5236D+00  1.4493D+00  3  SOLID  
  1.1643D+04  3.4817D+03  1.7980D+02  1.5123D+02  3.7339D+06  1.6033D+03  8.4765D+00  2.7438D+00  1.4786D+00  3  SOLID  
  1.1843D+04  4.0620D+03  1.9992D+02  1.6618D+02  4.2905D+06  1.6778D+03  8.7759D+00  2.9413D+00  1.5041D+00  3  SOLID  
  1.2022D+04  4.6423D+03  2.1906D+02  1.8012D+02  4.8329D+06  1.7423D+03  9.0476D+00  3.1216D+00  1.5268D+00  3  SOLID  
  1.2459D+04  5.8028D+03  2.7232D+02  2.1707D+02  6.3926D+06  1.9046D+03  9.7531D+00  3.5894D+00  1.5823D+00  5  LIQUID 
  1.2580D+04  6.3831D+03  2.8834D+02  2.2792D+02  6.8765D+06  1.9487D+03  9.9512D+00  3.7224D+00  1.5976D+00  3  LIQUID 
  1.2693D+04  6.9634D+03  3.0399D+02  2.3839D+02  7.3545D+06  1.9890D+03  1.0139D+01  3.8493D+00  1.6120D+00  3  LIQUID 
  1.2799D+04  7.5437D+03  3.1929D+02  2.4852D+02  7.8272D+06  2.0260D+03  1.0319D+01  3.9708D+00  1.6255D+00  3  LIQUID 
  1.2900D+04  8.1239D+03  3.3430D+02  2.5834D+02  8.2952D+06  2.0602D+03  1.0491D+01  4.0874D+00  1.6383D+00  3  LIQUID 
  1.2996D+04  8.7042D+03  3.4904D+02  2.6788D+02  8.7588D+06  2.0921D+03  1.0656D+01  4.1997D+00  1.6505D+00  3  LIQUID 
  1.3088D+04  9.2845D+03  3.6352D+02  2.7717D+02  9.2183D+06  2.1219D+03  1.0814D+01  4.3082D+00  1.6622D+00  3  LIQUID 
  1.3176D+04  9.8648D+03  3.7778D+02  2.8622D+02  9.6741D+06  2.1498D+03  1.0968D+01  4.4131D+00  1.6733D+00  3  LIQUID 
  1.3260D+04  1.0445D+04  3.9183D+02  2.9506D+02  1.0126D+07  2.1761D+03  1.1116D+01  4.5148D+00  1.6840D+00  3  LIQUID 
  1.3340D+04  1.1025D+04  4.0568D+02  3.0371D+02  1.0576D+07  2.2010D+03  1.1259D+01  4.6135D+00  1.6942D+00  3  LIQUID 
  1.3418D+04  1.1606D+04  4.1935D+02  3.1216D+02  1.1022D+07  2.2246D+03  1.1398D+01  4.7095D+00  1.7041D+00  2  LIQUID 
  1.3565D+04  1.2766D+04  4.4621D+02  3.2857D+02  1.1906D+07  2.2685D+03  1.1665D+01  4.8942D+00  1.7228D+00  3  LIQUID 
  1.3704D+04  1.3927D+04  4.7249D+02  3.4438D+02  1.2780D+07  2.3084D+03  1.1918D+01  5.0702D+00  1.7404D+00  3  LIQUID 
  1.3834D+04  1.5087D+04  4.9825D+02  3.5966D+02  1.3646D+07  2.3452D+03  1.2160D+01  5.2386D+00  1.7569D+00  3  LIQUID 
  1.3957D+04  1.6248D+04  5.2356D+02  3.7448D+02  1.4504D+07  2.3792D+03  1.2391D+01  5.4003D+00  1.7725D+00  3  LIQUID 
  1.4074D+04  1.7408D+04  5.4848D+02  3.8888D+02  1.5356D+07  2.4109D+03  1.2613D+01  5.5562D+00  1.7873D+00  3  LIQUID 
  1.4292D+04  1.9730D+04  5.9731D+02  4.1662D+02  1.7044D+07  2.4684D+03  1.3033D+01  5.8528D+00  1.8151D+00  3  LIQUID 
  1.4589D+04  2.3211D+04  6.6857D+02  4.5611D+02  1.9549D+07  2.5433D+03  1.3616D+01  6.2670D+00  1.8528D+00  3  LIQUID 
  1.5025D+04  2.9014D+04  7.8384D+02  5.1795D+02  2.3695D+07  2.6473D+03  1.4493D+01  6.8978D+00  1.9082D+00  3  LIQUID 
  1.5412D+04  3.4817D+04  8.9677D+02  5.7669D+02  2.7855D+07  2.7339D+03  1.5288D+01  7.4774D+00  1.9573D+00  3  LIQUID 
  1.6097D+04  4.6423D+04  1.1212D+03  6.8969D+02  3.6369D+07  2.8759D+03  1.6720D+01  8.5415D+00  2.0444D+00  3  LIQUID 
  1.6710D+04  5.8028D+04  1.3489D+03  8.0069D+02  4.5288D+07  2.9934D+03  1.8021D+01  9.5295D+00  2.1222D+00  3  LIQUID 
  1.7276D+04  6.9634D+04  1.5834D+03  9.1181D+02  5.4710D+07  3.0962D+03  1.9242D+01  1.0472D+01  2.1941D+00  3  LIQUID 
  1.7808D+04  8.1239D+04  1.8264D+03  1.0238D+03  6.4687D+07  3.1896D+03  2.0410D+01  1.1386D+01  2.2616D+00  3  LIQUID 
  1.8313D+04  9.2845D+04  2.0793D+03  1.1370D+03  7.5249D+07  3.2763D+03  2.1541D+01  1.2279D+01  2.3257D+00  3  LIQUID 
  1.8794D+04  1.0445D+05  2.3427D+03  1.2512D+03  8.6418D+07  3.3583D+03  2.2645D+01  1.3157D+01  2.3868D+00  3  LIQUID 
  1.9254D+04  1.1606D+05  2.6172D+03  1.3663D+03  9.8207D+07  3.4367D+03  2.3730D+01  1.4025D+01  2.4452D+00  3  LIQUID 


 EOS package call numbers
        ANEOS number =      -1        ALL 
 Calls to
 ANEOS                     1253      1253
 ANEOS1                   27270     27270
 ANION1                   29706     29706
 ANEOS1 from ANEOSV         960       960
 ANELSM from ANEOSV        1253      1253
 ANELSM                    1253      1253
 ANEOS1 from ANELSM       26310     26310
 ANEOS1/ANEOSV        2.176E+01 2.176E+01
 Calls to eos tables =         0
