

  Data for ANEOS number  -1   library number    0  type 99     ver 09/30/13

  IRON WITH MELT CURVE                                    RHUG=-1.00000D+00
                                                          THUG=-1.00000D+00

  IN( 1)= 1.000000000D+00  IN( 9)= 0.000000000D+00  IN(17)= 0.000000000D+00
  IN( 2)= 4.000000000D+00  IN(10)= 2.000000000D+00  IN(18)= 0.000000000D+00
  IN( 3)= 7.850000000D+00  IN(11)= 8.200000000D+10  IN(19)= 0.000000000D+00
  IN( 4)= 2.980000000D+02  IN(12)= 1.809000000D+03  IN(20)= 0.000000000D+00
  IN( 5)= 0.000000000D+00  IN(13)= 0.000000000D+00  IN(21)= 0.000000000D+00
  IN( 6)= 1.450000000D+12  IN(14)= 0.000000000D+00  IN(22)= 0.000000000D+00
  IN( 7)= 1.690000000D+00  IN(15)= 0.000000000D+00  IN(23)= 2.471000000D+09
  IN( 8)= 0.000000000D+00  IN(16)= 0.000000000D+00  IN(24)= 9.550000000D-01

  N0= 0.10785D+23 Mean atomic weight= 0.55849D+02
  Z( 1)= 26.  number fraction( 1)= 1.00000D+00  atoms/gram( 1)= 1.07847D+22


NEW: Cv adjust, QCC1, QCC6=   0.000000D+00   0.000000D+00   0.000000D+00



  REFERENCE POINT CONDITIONS

  T=   2.567717D-02      RHO=    7.850000D+00      P=   1.841774D-01
  E=   1.341794D+09      DPDT=   6.835605D+11      CV=  5.164158D+10
  S=   7.030423D+10      DPDR=   1.847134D+11      B0=  1.450000D+12
  CS=  4.341469D+05      GAMMA=  1.686195D+00


  TWO-PHASE CALCULATION FOR MATERIAL     1

  CRITICAL POINT
  RHO=  1.7004061D+00       T=  2.6162829D+00         P=  4.2258701D+10
  E=  1.3655862D+11         S=  3.4415835D+11         NTY=    5


  TWO-PHASE BOUNDARIES
       T         RHOLIQ        RHOVAP        PLIQ         PVAP        ELIQ         EVAP         SLIQ         SVAP        GLIQ         GVAP         PSILIQ      PSIVAP         NTY
       K         kg/m**3       kg/m**3       GPa          GPa         J/kg         J/kg        J/kg-K       J/kg-K       J/kg         J/kg

  3.03636D+04  1.70041D+03  1.70041D+03  4.22587D+00  4.22587D+00  1.36559D+07  1.36559D+07  2.96561D+03  2.96561D+03 -7.39005D+07 -7.39005D+07  6.25992D+01  6.25992D+01      0
  2.98877D+04  1.95299D+03  1.45294D+03  4.06577D+00  4.06577D+00  1.29577D+07  1.39894D+07  2.93197D+03  2.99047D+03 -7.25854D+07 -7.25854D+07  2.57916D+01  5.29713D+01     13
  2.94118D+04  2.05951D+03  1.35172D+03  3.90990D+00  3.90990D+00  1.25821D+07  1.40043D+07  2.91574D+03  2.99790D+03 -7.12717D+07 -7.12717D+07  2.21178D+01  6.14478D+01     12
  2.89359D+04  2.14218D+03  1.27453D+03  3.75818D+00  3.75818D+00  1.22659D+07  1.39638D+07  2.90244D+03  3.00240D+03 -6.99596D+07 -6.99596D+07  1.96161D+01  6.89116D+01     12
  2.84600D+04  2.21260D+03  1.20977D+03  3.61050D+00  3.61050D+00  1.19828D+07  1.38941D+07  2.89067D+03  3.00536D+03 -6.86490D+07 -6.86490D+07  1.76971D+01  7.59602D+01     11
  2.79841D+04  2.27528D+03  1.15295D+03  3.46678D+00  3.46678D+00  1.17224D+07  1.38057D+07  2.87988D+03  3.00734D+03 -6.73401D+07 -6.73401D+07  1.61373D+01  8.28261D+01     11
  2.75082D+04  2.33253D+03  1.10177D+03  3.32693D+00  3.32693D+00  1.14791D+07  1.37043D+07  2.86979D+03  3.00861D+03 -6.60327D+07 -6.60327D+07  1.48242D+01  8.96311D+01     10
  2.70323D+04  2.38572D+03  1.05487D+03  3.19087D+00  3.19087D+00  1.12495D+07  1.35932D+07  2.86023D+03  3.00936D+03 -6.47270D+07 -6.47270D+07  1.36923D+01  9.64511D+01     10
  2.65564D+04  2.43576D+03  1.01135D+03  3.05850D+00  3.05850D+00  1.10311D+07  1.34748D+07  2.85107D+03  3.00970D+03 -6.34229D+07 -6.34229D+07  1.26996D+01  1.03339D+02     10
  2.60804D+04  2.48328D+03  9.70591D+02  2.92974D+00  2.92974D+00  1.08223D+07  1.33508D+07  2.84224D+03  3.00971D+03 -6.21206D+07 -6.21206D+07  1.18175D+01  1.10337D+02      9
  2.56045D+04  2.52874D+03  9.32148D+02  2.80451D+00  2.80451D+00  1.06217D+07  1.32225D+07  2.83368D+03  3.00946D+03 -6.08201D+07 -6.08201D+07  1.10255D+01  1.17478D+02      9
  2.51286D+04  2.57251D+03  8.95681D+02  2.68272D+00  2.68272D+00  1.04285D+07  1.30909D+07  2.82534D+03  3.00899D+03 -5.95213D+07 -5.95213D+07  1.03085D+01  1.24792D+02      9
  2.46527D+04  2.61486D+03  8.60923D+02  2.56430D+00  2.56430D+00  1.02417D+07  1.29567D+07  2.81717D+03  3.00835D+03 -5.82244D+07 -5.82244D+07  9.65462D+00  1.32308D+02      9
  2.41768D+04  2.65601D+03  8.27665D+02  2.44915D+00  2.44915D+00  1.00607D+07  1.28206D+07  2.80914D+03  3.00757D+03 -5.69294D+07 -5.69294D+07  9.05491D+00  1.40052D+02      9
  2.37009D+04  2.69617D+03  7.95736D+02  2.33721D+00  2.33721D+00  9.88483D+06  1.26832D+07  2.80124D+03  3.00667D+03 -5.56362D+07 -5.56362D+07  8.50206D+00  1.48051D+02      9
  2.32250D+04  2.73549D+03  7.64996D+02  2.22839D+00  2.22839D+00  9.71360D+06  1.25450D+07  2.79342D+03  3.00569D+03 -5.43451D+07 -5.43451D+07  7.99016D+00  1.56334D+02      9
  2.27491D+04  2.77412D+03  7.35327D+02  2.12263D+00  2.12263D+00  9.54655D+06  1.24063D+07  2.78567D+03  3.00465D+03 -5.30560D+07 -5.30560D+07  7.51437D+00  1.64929D+02      9
  2.22732D+04  2.81218D+03  7.06630D+02  2.01984D+00  2.01984D+00  9.38328D+06  1.22674D+07  2.77797D+03  3.00356D+03 -5.17690D+07 -5.17690D+07  7.07062D+00  1.73868D+02      9
  2.17972D+04  2.84979D+03  6.78818D+02  1.91997D+00  1.91997D+00  9.22340D+06  1.21288D+07  2.77029D+03  3.00245D+03 -5.04841D+07 -5.04841D+07  6.65552D+00  1.83186D+02      8
  2.13213D+04  2.88705D+03  6.51820D+02  1.82293D+00  1.82293D+00  9.06658D+06  1.19905D+07  2.76262D+03  3.00133D+03 -4.92014D+07 -4.92014D+07  6.26615D+00  1.92919D+02      8
  2.08454D+04  2.92407D+03  6.25569D+02  1.72868D+00  1.72868D+00  8.91248D+06  1.18528D+07  2.75495D+03  3.00022D+03 -4.79210D+07 -4.79210D+07  5.90003D+00  2.03109D+02      8
  2.03695D+04  2.96093D+03  6.00010D+02  1.63713D+00  1.63713D+00  8.76082D+06  1.17159D+07  2.74724D+03  2.99914D+03 -4.66429D+07 -4.66429D+07  5.55501D+00  2.13802D+02      8
  1.98936D+04  2.99774D+03  5.75093D+02  1.54825D+00  1.54825D+00  8.61131D+06  1.15800D+07  2.73948D+03  2.99809D+03 -4.53672D+07 -4.53672D+07  5.22923D+00  2.25049D+02      8
  1.94177D+04  3.03460D+03  5.50774D+02  1.46196D+00  1.46196D+00  8.46366D+06  1.14451D+07  2.73166D+03  2.99711D+03 -4.40940D+07 -4.40940D+07  4.92105D+00  2.36910D+02      8
  1.89418D+04  3.07158D+03  5.27012D+02  1.37823D+00  1.37823D+00  8.31761D+06  1.13114D+07  2.72375D+03  2.99620D+03 -4.28234D+07 -4.28234D+07  4.62903D+00  2.49452D+02      8
  1.84659D+04  3.10880D+03  5.03772D+02  1.29699D+00  1.29699D+00  8.17291D+06  1.11789D+07  2.71574D+03  2.99537D+03 -4.15554D+07 -4.15554D+07  4.35190D+00  2.62750D+02      8
  1.79900D+04  3.14636D+03  4.81021D+02  1.21821D+00  1.21821D+00  8.02928D+06  1.10477D+07  2.70759D+03  2.99464D+03 -4.02902D+07 -4.02902D+07  4.08853D+00  2.76896D+02      7
  1.75141D+04  3.18437D+03  4.58730D+02  1.14184D+00  1.14184D+00  7.88648D+06  1.09177D+07  2.69929D+03  2.99403D+03 -3.90278D+07 -3.90278D+07  3.83793D+00  2.91990D+02      7
  1.70381D+04  3.22294D+03  4.36873D+02  1.06785D+00  1.06785D+00  7.74425D+06  1.07891D+07  2.69082D+03  2.99356D+03 -3.77683D+07 -3.77683D+07  3.59918D+00  3.08155D+02      7
  1.65622D+04  3.26221D+03  4.15425D+02  9.96212D-01  9.96212D-01  7.60231D+06  1.06617D+07  2.68214D+03  2.99323D+03 -3.65119D+07 -3.65119D+07  3.37148D+00  3.25533D+02      7
  1.60863D+04  3.30231D+03  3.94364D+02  9.26894D-01  9.26894D-01  7.46039D+06  1.05355D+07  2.67323D+03  2.99307D+03 -3.52588D+07 -3.52588D+07  3.15412D+00  3.44293D+02      7
  1.56104D+04  3.34340D+03  3.73669D+02  8.59875D-01  8.59875D-01  7.31821D+06  1.04105D+07  2.66404D+03  2.99309D+03 -3.40090D+07 -3.40090D+07  2.94643D+00  3.64638D+02      7
  1.51345D+04  3.38566D+03  3.53322D+02  7.95141D-01  7.95141D-01  7.17547D+06  1.02865D+07  2.65456D+03  2.99332D+03 -3.27627D+07 -3.27627D+07  2.74784D+00  3.86814D+02      7
  1.46586D+04  3.42929D+03  3.33306D+02  7.32681D-01  7.32681D-01  7.03184D+06  1.01636D+07  2.64472D+03  2.99377D+03 -3.15201D+07 -3.15201D+07  2.55782D+00  4.11117D+02      7
  1.41827D+04  3.47451D+03  3.13605D+02  6.72490D-01  6.72490D-01  6.88696D+06  1.00415D+07  2.63449D+03  2.99448D+03 -3.02814D+07 -3.02814D+07  2.37588D+00  4.37914D+02      7
  1.37068D+04  3.52159D+03  2.94207D+02  6.14572D-01  6.14572D-01  6.74047D+06  9.92011D+06  2.62380D+03  2.99547D+03 -2.90468D+07 -2.90468D+07  2.20160D+00  4.67662D+02      7
  1.32309D+04  3.57084D+03  2.75098D+02  5.58935D-01  5.58935D-01  6.59192D+06  9.79933D+06  2.61260D+03  2.99677D+03 -2.78165D+07 -2.78165D+07  2.03461D+00  5.00934D+02      6
  1.27549D+04  3.62260D+03  2.56270D+02  5.05595D-01  5.05595D-01  6.44085D+06  9.67899D+06  2.60081D+03  2.99844D+03 -2.65908D+07 -2.65908D+07  1.87456D+00  5.38458D+02      6
  1.22790D+04  3.67730D+03  2.37715D+02  4.54575D-01  4.54575D-01  6.28670D+06  9.55891D+06  2.58833D+03  3.00051D+03 -2.53700D+07 -2.53700D+07  1.72116D+00  5.81177D+02      6
  1.18031D+04  3.73544D+03  2.19428D+02  4.05907D-01  4.05907D-01  6.12887D+06  9.43893D+06  2.57507D+03  3.00305D+03 -2.41545D+07 -2.41545D+07  1.57416D+00  6.30325D+02      6
  1.13272D+04  3.79761D+03  2.01409D+02  3.59630D-01  3.59630D-01  5.96663D+06  9.31886D+06  2.56089D+03  3.00614D+03 -2.29447D+07 -2.29447D+07  1.43336D+00  6.87547D+02      6
  1.08513D+04  3.86451D+03  1.83661D+02  3.15793D-01  3.15793D-01  5.79915D+06  9.19852D+06  2.54564D+03  3.00986D+03 -2.17411D+07 -2.17411D+07  1.29860D+00  7.55077D+02      6
  1.03754D+04  3.93699D+03  1.66194D+02  2.74455D-01  2.74455D-01  5.62547D+06  9.07774D+06  2.52914D+03  3.01435D+03 -2.05441D+07 -2.05441D+07  1.16978D+00  8.36013D+02      6
  9.89948D+03  4.01606D+03  1.49027D+02  2.35685D-01  2.35685D-01  5.44447D+06  8.95635D+06  2.51115D+03  3.01976D+03 -1.93545D+07 -1.93545D+07  1.04685D+00  9.34753D+02      6
  9.42357D+03  4.10294D+03  1.32189D+02  1.99563D-01  1.99563D-01  5.25486D+06  8.83417D+06  2.49140D+03  3.02630D+03 -1.81730D+07 -1.81730D+07  9.29852D-01  1.05771D+03      6
  8.94766D+03  4.19906D+03  1.15725D+02  1.66181D-01  1.66181D-01  5.05517D+06  8.71106D+06  2.46954D+03  3.03422D+03 -1.70006D+07 -1.70006D+07  8.18901D-01  1.21453D+03      6
  8.47175D+03  4.30609D+03  9.97016D+01  1.35641D-01  1.35641D-01  4.84380D+06  8.58691D+06  2.44516D+03  3.04389D+03 -1.58382D+07 -1.58382D+07  7.14220D-01  1.42023D+03      5
  7.99584D+03  4.42589D+03  8.42138D+01  1.08057D-01  1.08057D-01  4.61912D+06  8.46164D+06  2.41776D+03  3.05578D+03 -1.46873D+07 -1.46873D+07  6.16147D-01  1.69910D+03      5
  7.51993D+03  4.56041D+03  6.93924D+01  8.35510D-02  8.35510D-02  4.37965D+06  8.33524D+06  2.38679D+03  3.07052D+03 -1.35494D+07 -1.35494D+07  5.25145D-01  2.09248D+03      5
  7.04402D+03  4.71143D+03  5.54138D+01  6.22410D-02  6.22410D-02  4.12441D+06  8.20782D+06  2.35164D+03  3.08896D+03 -1.24264D+07 -1.24264D+07  4.41780D-01  2.67452D+03      5
  6.56811D+03  4.88020D+03  4.25040D+01  4.42306D-02  4.42306D-02  3.85343D+06  8.07969D+06  2.31173D+03  3.11229D+03 -1.13203D+07 -1.13203D+07  3.66666D-01  3.58768D+03      5
  6.33015D+03  4.97133D+03  3.65335D+01  3.64895D-02  3.64844D-02  3.71246D+06  8.01556D+06  2.28985D+03  3.12628D+03 -1.07744D+07 -1.07744D+07  3.32379D-01  4.25069D+03      4
  6.09220D+03  5.06682D+03  3.09348D+01  2.95838D-02  2.95804D-02  3.56832D+06  7.95153D+06  2.26661D+03  3.14215D+03 -1.02337D+07 -1.02337D+07  3.00342D-01  5.12909D+03      4
  5.85424D+03  5.16644D+03  2.57453D+01  2.35152D-02  2.35130D-02  3.42149D+06  7.88780D+06  2.24201D+03  3.16021D+03 -9.69847D+06 -9.69847D+06  2.70583D-01  6.32161D+03      4
  5.61628D+03  5.26981D+03  2.10013D+01  1.82695D-02  1.82683D-02  3.27260D+06  7.82461D+06  2.21603D+03  3.18085D+03 -9.16907D+06 -9.16907D+06  2.43102D-01  7.98638D+03      4
  5.37833D+03  5.37646D+03  1.67355D+01  1.38227D-02  1.38220D-02  3.12237D+06  7.76228D+06  2.18868D+03  3.20453D+03 -8.64585D+06 -8.64585D+06  2.17871D-01  1.03866D+04      4
  5.14037D+03  5.48585D+03  1.29747D+01  1.01391D-02  1.01387D-02  2.97154D+06  7.70125D+06  2.15999D+03  3.23182D+03 -8.12913D+06 -8.12913D+06  1.94831D-01  1.39792D+04      4
  4.90242D+03  5.59734D+03  9.73671D+00  7.17033D-03  7.17019D-03  2.82091D+06  7.64211D+06  2.12998D+03  3.26343D+03 -7.61926D+06 -7.61926D+06  1.73891D-01  1.95994D+04      4
  4.66446D+03  5.71027D+03  7.02763D+00  4.85526D-03  4.85521D-03  2.67123D+06  7.58563D+06  2.09868D+03  3.30026D+03 -7.11656D+06 -7.11656D+06  1.54939D-01  2.88641D+04      4
  4.42651D+03  5.82399D+03  4.83877D+00  3.12040D-03  3.12038D-03  2.52319D+06  7.53287D+06  2.06610D+03  3.34348D+03 -6.62135D+06 -6.62135D+06  1.37839D-01  4.51294D+04      4
  4.18855D+03  5.93787D+03  3.14467D+00  1.88204D-03  1.88204D-03  2.37738D+06  7.48520D+06  2.03224D+03  3.39460D+03 -6.13395D+06 -6.13395D+06  1.22446D-01  7.59597D+04      4
  3.95060D+03  6.05135D+03  1.90210D+00  1.04968D-03  1.04968D-03  2.23430D+06  7.44449D+06  1.99707D+03  3.45564D+03 -5.65469D+06 -5.65469D+06  1.08606D-01  1.40193D+05      5
  3.71264D+03  6.16391D+03  1.05064D+00  5.30815D-04  5.30815D-04  2.09433D+06  7.41327D+06  1.96053D+03  3.52934D+03 -5.18391D+06 -5.18391D+06  9.61677D-02  2.90901D+05      4
  3.47469D+03  6.27512D+03  5.16356D-01  2.36993D-04  2.36993D-04  1.95775D+06  7.39490D+06  1.92252D+03  3.61948D+03 -4.72196D+06 -4.72196D+06  8.49833D-02  7.02256D+05      4
  3.25281D+03  6.37723D+03  2.37937D-01  1.00000D-04  1.00000D-04  1.83374D+06  7.39389D+06  1.88555D+03  3.72378D+03 -4.29982D+06 -4.29982D+06  7.55942D-02  1.97662D+06      0
  3.23673D+03  6.38463D+03  2.17757D-01  9.00709D-05  9.00709D-05  1.82475D+06  7.39381D+06  1.88287D+03  3.73134D+03 -4.26922D+06 -4.26922D+06  7.49137D-02  2.06898D+06      5
  2.99878D+03  6.49215D+03  7.48755D-02  2.77054D-05  2.77054D-05  1.69541D+06  7.41568D+06  1.84137D+03  3.87241D+03 -3.82611D+06 -3.82611D+06  6.58306D-02  7.95830D+06      5
  2.76082D+03  6.59746D+03  1.95377D-02  6.43310D-06  6.43310D-06  1.56978D+06  7.46712D+06  1.79772D+03  4.05320D+03 -3.39313D+06 -3.39313D+06  5.76174D-02  4.39429D+07      6
  2.52287D+03  6.70039D+03  3.50528D-03  1.02616D-06  1.02616D-06  1.44784D+06  7.55437D+06  1.75154D+03  4.28820D+03 -2.97081D+06 -2.97081D+06  5.01694D-02  3.96841D+08      7
  2.28491D+03  6.80083D+03  3.80058D-04  9.94842D-08  9.94842D-08  1.32955D+06  7.68003D+06  1.70231D+03  4.59634D+03 -2.55984D+06 -2.55984D+06  4.33936D-02  6.95168D+09      5
  2.04696D+03  6.89869D+03  2.12618D-05  5.03401D-09  5.03399D-09  1.21487D+06  7.83794D+06  1.64931D+03  5.00075D+03 -2.16101D+06 -2.16101D+06  3.72080D-02  2.91070D+11      5
  1.80900D+03  6.99392D+03  5.07013D-07  1.23978D-11  1.09796D-10  1.10373D+06  8.00990D+06  1.59161D+03  5.52922D+03 -1.77533D+06 -1.77533D+06  3.15407D-02  3.74772D+13      4
  1.79091D+03  7.33033D+03  3.61859D-07  7.79144D-11  7.78674D-11  8.47472D+05  8.02341D+06  1.44992D+03  5.57719D+03 -1.74906D+06 -1.74906D+06  2.71553D-02  5.81713D+13      6
  1.73061D+03  7.35308D+03  1.11911D-07  2.35672D-11  2.35778D-11  8.17049D+05  8.06762D+06  1.43264D+03  5.74424D+03 -1.66215D+06 -1.66215D+06  2.60052D-02  2.68776D+14      6
  1.67031D+03  7.37569D+03  3.19342D-08  6.63147D-12  6.58545D-12  7.86781D+05  8.11015D+06  1.41484D+03  5.92300D+03 -1.57630D+06 -1.57630D+06  2.48764D-02  1.00000+100      6
  1.61001D+03  7.39813D+03  8.34971D-09  1.74103D-12  1.68439D-12  7.56667D+05  8.15056D+06  1.39648D+03  6.11450D+03 -1.49154D+06 -1.49154D+06  2.37682D-02  1.00000+100      5
  1.54971D+03  7.42043D+03  1.98403D-09  4.27246D-13  3.91160D-13  7.26704D+05  8.18842D+06  1.37751D+03  6.31992D+03 -1.40791D+06 -1.40791D+06  2.26801D-02  1.00000+100      5
  1.48941D+03  7.44257D+03  4.24265D-10  6.10352D-14  8.16429D-14  6.96888D+05  8.22336D+06  1.35788D+03  6.54071D+03 -1.32544D+06 -1.32544D+06  2.16113D-02  1.00000+100      5
  1.42911D+03  7.46457D+03  8.06944D-11  4.73022D-14  1.51316D-14  6.67217D+05  8.25508D+06  1.33755D+03  6.77857D+03 -1.24417D+06 -1.24417D+06  2.05614D-02  1.00000+100      5
  1.36881D+03  7.48641D+03  1.34599D-11 -2.74658D-14  2.45455D-15  6.37689D+05  8.28331D+06  1.31643D+03  7.03559D+03 -1.16416D+06 -1.16416D+06  1.95297D-02  1.00000+100      5
  1.30851D+03  7.50810D+03  1.93564D-12 -2.28882D-14  3.42459D-16  6.08300D+05  8.30785D+06  1.29448D+03  7.31425D+03 -1.08544D+06 -1.08544D+06  1.85158D-02  1.00000+100      6
  1.24821D+03  7.52964D+03  2.35066D-13 -1.52588D-15  4.02372D-17  5.79048D+05  8.32858D+06  1.27159D+03  7.61761D+03 -1.00807D+06 -1.00807D+06  1.75190D-02  1.00000+100      6
  1.18791D+03  7.55104D+03  2.35031D-14  2.89917D-14  3.88018D-18  5.49931D+05  8.34540D+06  1.24768D+03  7.94939D+03 -9.32112D+05 -9.32112D+05  1.65389D-02  1.00000+100      6
  1.12761D+03  7.57228D+03  1.87531D-15 -6.79016D-14  2.97540D-19  5.20945D+05  8.35832D+06  1.22264D+03  8.31418D+03 -8.57631D+05 -8.57631D+05  1.55750D-02  1.00000+100      9
  1.06731D+03  7.59338D+03  1.14866D-16  3.12805D-14  1.74457D-20  4.92089D+05  8.36738D+06  1.19633D+03  8.71770D+03 -7.84696D+05 -7.84696D+05  1.46267D-02  1.00000+100      7
  1.00701D+03  7.61433D+03  5.14499D-18  2.67029D-14  7.44703D-22  4.63359D+05  8.37270D+06  1.16862D+03  9.16711D+03 -7.13389D+05 -7.13389D+05  1.36938D-02  1.00000+100      6
  9.46710D+02  7.63514D+03  1.58457D-19 -1.52588D-14  2.17513D-23  4.34752D+05  8.37448D+06  1.13933D+03  9.67148D+03 -6.43800D+05 -6.43800D+05  1.27756D-02  1.00000+100      5
  8.86410D+02  7.65580D+03  3.10090D-21 -4.27246D-14  4.01496D-25  4.06268D+05  8.37298D+06  1.10824D+03  1.02425D+04 -5.76030D+05 -5.76030D+05  1.18717D-02  1.00000+100      7
  8.26110D+02  7.67632D+03  3.47954D-23  1.90735D-14  4.22399D-27  3.77902D+05  8.36852D+06  1.07510D+03  1.08952D+04 -5.10195D+05 -5.10195D+05  1.09818D-02  1.00000+100      7
  7.65810D+02  7.69669D+03  1.95469D-25 -3.35693D-14  2.20997D-29  3.49652D+05  8.36150D+06  1.03959D+03  1.16498D+04 -4.46429D+05 -4.46429D+05  1.01054D-02  1.00000+100      7
  7.05510D+02  7.71693D+03  4.57936D-28 -3.12805D-14  4.78605D-32  3.21517D+05  8.35235D+06  1.00132D+03  1.25332D+04 -3.84884D+05 -3.84884D+05  9.24219D-03  1.00000+100      7
  6.45210D+02  7.73702D+03  3.47918D-31 -3.81470D-15  3.33313D-35  2.93492D+05  8.34155D+06  9.59796D+02  1.35826D+04 -3.25742D+05 -3.25742D+05  8.39171D-03  1.00000+100      7
  5.84910D+02  7.75697D+03  6.00841D-35  6.48499D-14  5.22562D-39  2.65577D+05  8.32955D+06  9.14373D+02  1.48506D+04 -2.69217D+05 -2.69217D+05  7.55361D-03  1.00000+100      7
  5.24610D+02  7.77678D+03  1.40440D-39  1.67847D-14  1.09634D-43  2.37769D+05  8.31678D+06  8.64195D+02  1.64139D+04 -2.15570D+05 -2.15570D+05  6.72756D-03  1.00000+100      7
  4.64310D+02  7.79645D+03  2.02259D-45 -8.01086D-15  1.39790D-49  2.10065D+05  8.30359D+06  8.08096D+02  1.83893D+04 -1.65120D+05 -1.65120D+05  5.91320D-03  1.00000+100      7
  4.04010D+02  7.81599D+03  5.11394D-53 -5.14984D-14  3.07579D-57  1.82464D+05  8.29020D+06  7.44418D+02  2.09626D+04 -1.18271D+05 -1.18271D+05  5.11019D-03  1.00000+100      7
  3.43710D+02  7.83539D+03  2.68304D-63 -7.62939D-15  1.37290D-67  1.54962D+05  8.27675D+06  6.70695D+02  2.44507D+04 -7.55494D+04 -7.55494D+04  4.31822D-03  1.00000+100      7
  2.83410D+02  7.85465D+03  5.60720D-78  4.76837D-15  2.36582D-82  1.27558D+05  8.26329D+06  5.83027D+02  2.94402D+04 -3.76685D+04 -3.76685D+04  3.53698D-03  1.00000+100      7
  2.23110D+02  7.87377D+03  1.24418-100 -2.28882D-14  4.13260-105  1.00249D+05  8.24982D+06  4.74685D+02  3.71528D+04 -5.65209D+03 -5.65209D+03  2.76616D-03  1.00000+100      7

 WARNING message from ANEOS package - eos number    -1

 CRITICAL TEMPERATURE IS TOO HIGH
 EOS MIGHT REQUIRE REDEFINITION



  DATA ARRAY FOR MATERIAL   1

  C( 1) = 1.000000000+100  C(30) = 4.000000000D+00  C(59) = 2.000000000D-01
  C( 2) = 0.000000000D+00  C(31) = 1.000000000D+00  C(60) = 0.000000000D+00
  C( 3) = 1.527576312D+12  C(32) = 8.876055735D+13  C(61) = 0.000000000D+00
  C( 4) = 1.068592389D+12  C(33) = 3.435952678D+00  C(62) = 0.000000000D+00
  C( 5) = 7.214282974D+00  C(34) = 4.023546633D+13  C(63) = 1.000000000D+00
  C( 6) = 2.925717026D+00  C(35) =-9.427972164D+13  C(64) = 0.000000000D+00
  C( 7) = 0.000000000D+00  C(36) = 5.690187700D+13  C(65) = 0.000000000D+00
  C( 8) = 0.000000000D+00  C(37) = 7.094123694D+13  C(66) = 0.000000000D+00
  C( 9) = 0.000000000D+00  C(38) = 0.000000000D+00  C(67) = 0.000000000D+00
  C(10) = 8.200000000D+10  C(39) = 0.000000000D+00  C(68) = 0.000000000D+00
  C(11) = 7.850000000D+00  C(40) = 0.000000000D+00  C(69) = 0.000000000D+00
  C(12) = 2.567717075D-02  C(41) = 0.000000000D+00  C(70) = 0.000000000D+00
  C(13) = 2.295534270D-05  C(42) = 1.000000000D-01  C(71) = 1.000000000D+00
  C(14) = 4.859557508D-04  C(43) =-5.158352547D+09  C(72) = 0.000000000D+00
  C(15) = 1.690000000D+00  C(44) =-5.621366259D+10  C(73) = 2.616282863D+00
  C(16) =-3.862225648D-02  C(45) = 4.864899942D+10  C(74) = 1.700406104D+00
  C(17) = 3.910828025D-01  C(46) = 7.323472780D+00  C(75) = 0.000000000D+00
  C(18) = 1.558724896D-01  C(47) = 6.993916505D+00  C(76) = 0.000000000D+00
  C(19) = 7.943393551D+00  C(48) = 3.491374524D+00  C(77) = 8.211255646D-01
  C(20) = 0.000000000D+00  C(49) = 6.836840198D-02  C(78) = 4.745957780D+00
  C(21) = 1.450000000D+12  C(50) = 7.975722356D-02  C(79) = 6.953122216-310
  C(22) = 0.000000000D+00  C(51) = 7.738528195D-02  C(80) = 0.000000000D+00
  C(23) = 6.280000000D+00  C(52) = 7.906486914D-01  C(81) = 0.000000000D+00
  C(24) = 6.666666667D-01  C(53) = 0.000000000D+00  C(82) = 0.000000000D+00
  C(25) = 2.500000000D-02  C(54) = 0.000000000D+00  C(83) = 0.000000000D+00
  C(26) = 2.600000000D+01  C(55) = 9.999990000D-01  C(84) = 0.000000000D+00
  C(27) = 1.078471056D+22  C(56) = 1.000000000D-06  C(85) = 0.000000000D+00
  C(28) = 1.000000000D+00  C(57) = 3.000000000D-01  C(86) = 0.000000000D+00
  C(29) = 5.584900000D+01  C(58) = 1.000000000D-01  C(87) = 2.413275169-314

  LOCKP( 1)=   1    LOCKPL( 1)=  99  (two-phase array storage data)


 BOUNDS OF LIQUID/SOLID PHASE TRANSITION
   ENTHALPY OF FUSION (ERG/GM)................... 2.47100D+09
   LOWER LIMIT OF METASTABLE LIQUID ACK(49)...... 7.93459D+02
   MELT TEMPERATURE (TRIPLE POINT) ACK(18)....... 1.80900D+03
   INTERMEDIATE TEMPERATURE ACK(52).............. 9.17598D+03
   MAXIMUM TEMPERATURE ACK(48)................... 4.05196D+04
   SLOPE OF LEFT  BOUNDARY, dT/dRHO ACK(50)...... 9.25634D-01
   SLOPE OF RIGHT BOUNDARY, dT/dRHO ACK(51)...... 8.98106D-01
   MINIMUM DENSITY ACK(23), GM/CC................ 6.28000D+03
   SOLID/MELT DENSITY AT Tm ACK(46), GM/CC....... 0.00000D+00
   LIQUID/VAPOR DENSITY AT Tm ACK(47), GM/CC..... 6.99392D+03



 LIQUID/SOLID PHASE CURVE

       T         RLIQ       RSOLID      PLIQ       PSOLID      ELIQ        ESOLID       SLIQ       SOLID        GLIQ       GSOLID        #ITER
       K        kg/m**3     kg/m**3      GPa         GPa       J/kg         J/kg        J/kg-K     J/kg-K       J/kg        J/kg

  7.9346D+02  5.5518D+03  6.2758D+03 -1.7025D+01 -1.7025D+01  1.3411D+06  7.9261D+05  1.4649D+03  1.2195D+03 -2.8878D+06 -2.8878D+06        15
  1.1320D+03  6.1201D+03  6.6118D+03 -1.2410D+01 -1.2410D+01  1.1406D+06  7.7912D+05  1.5179D+03  1.3318D+03 -2.6053D+06 -2.6053D+06        10
  1.4705D+03  6.5772D+03  6.9662D+03 -6.7037D+00 -6.7037D+00  1.0837D+06  7.9761D+05  1.5597D+03  1.4039D+03 -2.2289D+06 -2.2289D+06         6
  1.8090D+03  6.9939D+03  7.3235D+03  1.2398D-11  1.2398D-11  1.1037D+06  8.5663D+05  1.5916D+03  1.4550D+03 -1.7753D+06 -1.7753D+06         1
  1.8661D+03  7.0619D+03  7.3838D+03  1.2263D+00  1.2263D+00  1.1131D+06  8.7063D+05  1.5963D+03  1.4623D+03 -1.6919D+06 -1.6919D+06         3
  1.9251D+03  7.1315D+03  7.4460D+03  2.5197D+00  2.5197D+00  1.1244D+06  8.8629D+05  1.6008D+03  1.4694D+03 -1.6038D+06 -1.6038D+06         3
  1.9858D+03  7.2028D+03  7.5102D+03  3.8839D+00  3.8839D+00  1.1377D+06  9.0373D+05  1.6054D+03  1.4765D+03 -1.5110D+06 -1.5110D+06         3
  2.0486D+03  7.2759D+03  7.5764D+03  5.3229D+00  5.3229D+00  1.1532D+06  9.2308D+05  1.6099D+03  1.4834D+03 -1.4130D+06 -1.4130D+06         3
  2.1132D+03  7.3507D+03  7.6448D+03  6.8409D+00  6.8409D+00  1.1711D+06  9.4448D+05  1.6144D+03  1.4902D+03 -1.3097D+06 -1.3097D+06         3
  2.1800D+03  7.4276D+03  7.7152D+03  8.4426D+00  8.4426D+00  1.1913D+06  9.6809D+05  1.6188D+03  1.4970D+03 -1.2008D+06 -1.2008D+06         3
  2.2488D+03  7.5064D+03  7.7879D+03  1.0133D+01  1.0133D+01  1.2142D+06  9.9405D+05  1.6232D+03  1.5036D+03 -1.0861D+06 -1.0861D+06         3
  2.3198D+03  7.5872D+03  7.8630D+03  1.1916D+01  1.1916D+01  1.2398D+06  1.0225D+06  1.6276D+03  1.5102D+03 -9.6523D+05 -9.6523D+05         3
  2.3931D+03  7.6703D+03  7.9402D+03  1.3798D+01  1.3798D+01  1.2683D+06  1.0537D+06  1.6319D+03  1.5167D+03 -8.3787D+05 -8.3787D+05         3
  2.4687D+03  7.7558D+03  8.0196D+03  1.5788D+01  1.5788D+01  1.2999D+06  1.0878D+06  1.6362D+03  1.5231D+03 -7.0341D+05 -7.0341D+05         3
  2.5466D+03  7.8440D+03  8.1013D+03  1.7894D+01  1.7894D+01  1.3349D+06  1.1250D+06  1.6404D+03  1.5295D+03 -5.6106D+05 -5.6106D+05         3
  2.6270D+03  7.9350D+03  8.1855D+03  2.0129D+01  2.0129D+01  1.3735D+06  1.1654D+06  1.6446D+03  1.5358D+03 -4.0984D+05 -4.0984D+05         4
  2.7100D+03  8.0288D+03  8.2723D+03  2.2505D+01  2.2505D+01  1.4158D+06  1.2094D+06  1.6487D+03  1.5421D+03 -2.4880D+05 -2.4880D+05         4
  2.7956D+03  8.1253D+03  8.3619D+03  2.5034D+01  2.5034D+01  1.4623D+06  1.2571D+06  1.6528D+03  1.5482D+03 -7.6917D+04 -7.6917D+04         4
  2.8838D+03  8.2248D+03  8.4543D+03  2.7732D+01  2.7732D+01  1.5131D+06  1.3088D+06  1.6568D+03  1.5543D+03  1.0692D+05  1.0692D+05         4
  2.9749D+03  8.3273D+03  8.5498D+03  3.0612D+01  3.0612D+01  1.5685D+06  1.3649D+06  1.6609D+03  1.5603D+03  3.0392D+05  3.0392D+05         4
  3.0689D+03  8.4330D+03  8.6484D+03  3.3694D+01  3.3694D+01  1.6289D+06  1.4256D+06  1.6649D+03  1.5662D+03  5.1541D+05  5.1541D+05         4
  3.1658D+03  8.5419D+03  8.7502D+03  3.6995D+01  3.6995D+01  1.6947D+06  1.4914D+06  1.6688D+03  1.5720D+03  7.4282D+05  7.4282D+05         4
  3.2657D+03  8.6542D+03  8.8556D+03  4.0537D+01  4.0537D+01  1.7662D+06  1.5625D+06  1.6728D+03  1.5778D+03  9.8773D+05  9.8773D+05         4
  3.3689D+03  8.7700D+03  8.9645D+03  4.4342D+01  4.4342D+01  1.8438D+06  1.6396D+06  1.6767D+03  1.5835D+03  1.2518D+06  1.2518D+06         4
  3.4753D+03  8.8895D+03  9.0772D+03  4.8437D+01  4.8437D+01  1.9281D+06  1.7229D+06  1.6805D+03  1.5890D+03  1.5370D+06  1.5370D+06         4
  3.5850D+03  9.0128D+03  9.1938D+03  5.2849D+01  5.2849D+01  2.0195D+06  1.8131D+06  1.6843D+03  1.5945D+03  1.8452D+06  1.8452D+06         4
  3.6982D+03  9.1400D+03  9.3146D+03  5.7608D+01  5.7608D+01  2.1186D+06  1.9106D+06  1.6881D+03  1.6000D+03  2.1787D+06  2.1787D+06         4
  3.8150D+03  9.2715D+03  9.4397D+03  6.2749D+01  6.2749D+01  2.2260D+06  2.0162D+06  1.6919D+03  1.6053D+03  2.5398D+06  2.5398D+06         4
  3.9355D+03  9.4072D+03  9.5692D+03  6.8310D+01  6.8310D+01  2.3424D+06  2.1304D+06  1.6956D+03  1.6105D+03  2.9311D+06  2.9311D+06         4
  4.0597D+03  9.5475D+03  9.7035D+03  7.4331D+01  7.4331D+01  2.4684D+06  2.2541D+06  1.6993D+03  1.6157D+03  3.3555D+06  3.3555D+06         4
  4.1879D+03  9.6925D+03  9.8427D+03  8.0859D+01  8.0859D+01  2.6050D+06  2.3881D+06  1.7030D+03  1.6208D+03  3.8160D+06  3.8160D+06         4
  4.3202D+03  9.8426D+03  9.9871D+03  8.7945D+01  8.7945D+01  2.7531D+06  2.5332D+06  1.7066D+03  1.6257D+03  4.3159D+06  4.3159D+06         4
  4.4566D+03  9.9978D+03  1.0137D+04  9.5644D+01  9.5644D+01  2.9135D+06  2.6904D+06  1.7102D+03  1.6306D+03  4.8589D+06  4.8589D+06         4
  4.5973D+03  1.0159D+04  1.0292D+04  1.0402D+02  1.0402D+02  3.0873D+06  2.8608D+06  1.7137D+03  1.6354D+03  5.4490D+06  5.4490D+06         4
  4.7425D+03  1.0325D+04  1.0454D+04  1.1314D+02  1.1314D+02  3.2758D+06  3.0456D+06  1.7172D+03  1.6402D+03  6.0904D+06  6.0904D+06         4
  4.8923D+03  1.0498D+04  1.0621D+04  1.2308D+02  1.2308D+02  3.4803D+06  3.2461D+06  1.7206D+03  1.6448D+03  6.7878D+06  6.7878D+06         4
  5.0468D+03  1.0676D+04  1.0796D+04  1.3393D+02  1.3393D+02  3.7021D+06  3.4638D+06  1.7240D+03  1.6493D+03  7.5464D+06  7.5464D+06         4
  5.2061D+03  1.0862D+04  1.0977D+04  1.4578D+02  1.4578D+02  3.9429D+06  3.7001D+06  1.7273D+03  1.6538D+03  8.3716D+06  8.3716D+06         4
  5.3705D+03  1.1055D+04  1.1165D+04  1.5873D+02  1.5873D+02  4.2043D+06  3.9569D+06  1.7306D+03  1.6581D+03  9.2695D+06  9.2695D+06         4
  5.5401D+03  1.1255D+04  1.1361D+04  1.7291D+02  1.7291D+02  4.4884D+06  4.2360D+06  1.7339D+03  1.6624D+03  1.0247D+07  1.0247D+07         4
  5.7151D+03  1.1462D+04  1.1564D+04  1.8844D+02  1.8844D+02  4.7972D+06  4.5397D+06  1.7370D+03  1.6666D+03  1.1310D+07  1.1310D+07         4
  5.8956D+03  1.1678D+04  1.1777D+04  2.0547D+02  2.0547D+02  5.1330D+06  4.8701D+06  1.7402D+03  1.6707D+03  1.2469D+07  1.2469D+07         4
  6.0817D+03  1.1903D+04  1.1998D+04  2.2416D+02  2.2416D+02  5.4985D+06  5.2299D+06  1.7432D+03  1.6747D+03  1.3729D+07  1.3729D+07         5
  6.2738D+03  1.2137D+04  1.2228D+04  2.4470D+02  2.4470D+02  5.8964D+06  5.6219D+06  1.7462D+03  1.6785D+03  1.5103D+07  1.5103D+07         5
  6.4719D+03  1.2381D+04  1.2469D+04  2.6728D+02  2.6728D+02  6.3299D+06  6.0493D+06  1.7491D+03  1.6823D+03  1.6598D+07  1.6598D+07         5
  6.6763D+03  1.2635D+04  1.2719D+04  2.9214D+02  2.9214D+02  6.8026D+06  6.5156D+06  1.7520D+03  1.6860D+03  1.8228D+07  1.8228D+07         5
  6.8871D+03  1.2900D+04  1.2981D+04  3.1952D+02  3.1952D+02  7.3182D+06  7.0245D+06  1.7548D+03  1.6896D+03  2.0003D+07  2.0003D+07         5
  7.1046D+03  1.3176D+04  1.3255D+04  3.4972D+02  3.4972D+02  7.8810D+06  7.5803D+06  1.7575D+03  1.6931D+03  2.1937D+07  2.1937D+07         5
  7.3289D+03  1.3465D+04  1.3540D+04  3.8306D+02  3.8306D+02  8.4957D+06  8.1878D+06  1.7601D+03  1.6965D+03  2.4045D+07  2.4045D+07         5
  7.5604D+03  1.3767D+04  1.3839D+04  4.1990D+02  4.1990D+02  9.1675D+06  8.8522D+06  1.7627D+03  1.6998D+03  2.6343D+07  2.6343D+07         5
  7.7991D+03  1.4082D+04  1.4152D+04  4.6065D+02  4.6065D+02  9.9023D+06  9.5792D+06  1.7652D+03  1.7029D+03  2.8849D+07  2.8849D+07         5
  8.0454D+03  1.4412D+04  1.4480D+04  5.0578D+02  5.0578D+02  1.0707D+07  1.0375D+07  1.7675D+03  1.7060D+03  3.1581D+07  3.1581D+07         6
  8.2995D+03  1.4758D+04  1.4823D+04  5.5580D+02  5.5580D+02  1.1587D+07  1.1248D+07  1.7698D+03  1.7089D+03  3.4560D+07  3.4560D+07         6
  8.5615D+03  1.5120D+04  1.5183D+04  6.1130D+02  6.1130D+02  1.2553D+07  1.2204D+07  1.7720D+03  1.7117D+03  3.7811D+07  3.7811D+07         6
  8.8319D+03  1.5500D+04  1.5561D+04  6.7296D+02  6.7296D+02  1.3611D+07  1.3254D+07  1.7741D+03  1.7144D+03  4.1359D+07  4.1359D+07         6
  9.1108D+03  1.5899D+04  1.5958D+04  7.4154D+02  7.4154D+02  1.4773D+07  1.4406D+07  1.7761D+03  1.7170D+03  4.5232D+07  4.5232D+07         7
  9.3985D+03  1.6319D+04  1.6375D+04  8.1789D+02  8.1789D+02  1.6049D+07  1.5673D+07  1.7780D+03  1.7194D+03  4.9460D+07  4.9460D+07         7
  9.6953D+03  1.6760D+04  1.6814D+04  9.0302D+02  9.0302D+02  1.7452D+07  1.7065D+07  1.7797D+03  1.7217D+03  5.4079D+07  5.4079D+07         7
  1.0001D+04  1.7224D+04  1.7277D+04  9.9805D+02  9.9805D+02  1.8995D+07  1.8598D+07  1.7814D+03  1.7239D+03  5.9126D+07  5.9126D+07         7
  1.0317D+04  1.7713D+04  1.7764D+04  1.1043D+03  1.1043D+03  2.0693D+07  2.0285D+07  1.7829D+03  1.7259D+03  6.4643D+07  6.4643D+07         8
  1.0643D+04  1.8228D+04  1.8278D+04  1.2231D+03  1.2231D+03  2.2564D+07  2.2145D+07  1.7843D+03  1.7277D+03  7.0677D+07  7.0677D+07         8
  1.0979D+04  1.8772D+04  1.8820D+04  1.3564D+03  1.3564D+03  2.4627D+07  2.4196D+07  1.7855D+03  1.7294D+03  7.7278D+07  7.7278D+07         8
  1.1326D+04  1.9348D+04  1.9394D+04  1.5059D+03  1.5059D+03  2.6904D+07  2.6460D+07  1.7866D+03  1.7310D+03  8.4504D+07  8.4504D+07         9
  1.1684D+04  1.9956D+04  2.0001D+04  1.6740D+03  1.6740D+03  2.9417D+07  2.8960D+07  1.7876D+03  1.7323D+03  9.2419D+07  9.2419D+07         9
  1.2052D+04  2.0600D+04  2.0644D+04  1.8633D+03  1.8633D+03  3.2196D+07  3.1726D+07  1.7884D+03  1.7335D+03  1.0109D+08  1.0109D+08        10
  1.2433D+04  2.1284D+04  2.1326D+04  2.0768D+03  2.0768D+03  3.5270D+07  3.4786D+07  1.7890D+03  1.7345D+03  1.1060D+08  1.1060D+08        10
  1.2826D+04  2.2009D+04  2.2050D+04  2.3179D+03  2.3179D+03  3.8674D+07  3.8175D+07  1.7894D+03  1.7353D+03  1.2104D+08  1.2104D+08        11
  1.3231D+04  2.2780D+04  2.2820D+04  2.5908D+03  2.5908D+03  4.2447D+07  4.1932D+07  1.7897D+03  1.7359D+03  1.3250D+08  1.3250D+08        11
  1.3649D+04  2.3601D+04  2.3639D+04  2.9003D+03  2.9003D+03  4.6633D+07  4.6102D+07  1.7897D+03  1.7362D+03  1.4510D+08  1.4510D+08        12
  1.4080D+04  2.4475D+04  2.4512D+04  3.2518D+03  3.2518D+03  5.1282D+07  5.0735D+07  1.7896D+03  1.7364D+03  1.5895D+08  1.5895D+08        13
  1.4524D+04  2.5409D+04  2.5445D+04  3.6521D+03  3.6521D+03  5.6451D+07  5.5886D+07  1.7892D+03  1.7363D+03  1.7420D+08  1.7420D+08        13
  1.4983D+04  2.6406D+04  2.6441D+04  4.1087D+03  4.1087D+03  6.2204D+07  6.1621D+07  1.7886D+03  1.7359D+03  1.9100D+08  1.9100D+08        14
  1.5456D+04  2.7474D+04  2.7509D+04  4.6308D+03  4.6308D+03  6.8616D+07  6.8014D+07  1.7878D+03  1.7353D+03  2.0954D+08  2.0954D+08        15
  1.5944D+04  2.8620D+04  2.8653D+04  5.2293D+03  5.2293D+03  7.5769D+07  7.5147D+07  1.7867D+03  1.7344D+03  2.3000D+08  2.3000D+08        16
  1.6447D+04  2.9850D+04  2.9883D+04  5.9171D+03  5.9171D+03  8.3761D+07  8.3118D+07  1.7853D+03  1.7332D+03  2.5262D+08  2.5262D+08        17
  1.6967D+04  3.1174D+04  3.1206D+04  6.7095D+03  6.7095D+03  9.2702D+07  9.2037D+07  1.7836D+03  1.7317D+03  2.7766D+08  2.7766D+08        18
  1.7503D+04  3.2602D+04  3.2632D+04  7.6250D+03  7.6250D+03  1.0272D+08  1.0203D+08  1.7817D+03  1.7299D+03  3.0542D+08  3.0542D+08        18
  1.8055D+04  3.4144D+04  3.4174D+04  8.6859D+03  8.6859D+03  1.1396D+08  1.1324D+08  1.7794D+03  1.7277D+03  3.3622D+08  3.3622D+08        20
  1.8626D+04  3.5814D+04  3.5843D+04  9.9191D+03  9.9191D+03  1.2659D+08  1.2585D+08  1.7767D+03  1.7251D+03  3.7046D+08  3.7046D+08        21
  1.9214D+04  3.7626D+04  3.7654D+04  1.1357D+04  1.1357D+04  1.4080D+08  1.4004D+08  1.7737D+03  1.7221D+03  4.0858D+08  4.0858D+08        22
  1.9820D+04  3.9596D+04  3.9624D+04  1.3041D+04  1.3041D+04  1.5684D+08  1.5605D+08  1.7702D+03  1.7187D+03  4.5110D+08  4.5110D+08        23
  2.0446D+04  4.1745D+04  4.1771D+04  1.5018D+04  1.5018D+04  1.7496D+08  1.7414D+08  1.7664D+03  1.7149D+03  4.9861D+08  4.9861D+08        25
  2.1092D+04  4.4094D+04  4.4120D+04  1.7351D+04  1.7351D+04  1.9548D+08  1.9462D+08  1.7621D+03  1.7105D+03  5.5181D+08  5.5181D+08        26
  2.1758D+04  4.6669D+04  4.6694D+04  2.0113D+04  2.0113D+04  2.1876D+08  2.1787D+08  1.7573D+03  1.7057D+03  6.1151D+08  6.1151D+08        28
  2.2445D+04  4.9501D+04  4.9525D+04  2.3400D+04  2.3400D+04  2.4524D+08  2.4432D+08  1.7520D+03  1.7003D+03  6.7865D+08  6.7865D+08        29
  2.3154D+04  5.2625D+04  5.2649D+04  2.7330D+04  2.7330D+04  2.7545D+08  2.7449D+08  1.7461D+03  1.6943D+03  7.5437D+08  7.5437D+08        31
  2.3885D+04  5.6083D+04  5.6106D+04  3.2053D+04  3.2053D+04  3.0999D+08  3.0899D+08  1.7396D+03  1.6876D+03  8.3998D+08  8.3998D+08        33
  2.4639D+04  5.9926D+04  5.9948D+04  3.7761D+04  3.7761D+04  3.4961D+08  3.4857D+08  1.7324D+03  1.6802D+03  9.3707D+08  9.3707D+08        35
  2.5417D+04  6.4213D+04  6.4235D+04  4.4702D+04  4.4702D+04  3.9521D+08  3.9412D+08  1.7245D+03  1.6721D+03  1.0475D+09  1.0475D+09        38
  2.6220D+04  6.9016D+04  6.9038D+04  5.3196D+04  5.3196D+04  4.4786D+08  4.4672D+08  1.7159D+03  1.6631D+03  1.1736D+09  1.1736D+09        40
  2.7048D+04  7.4424D+04  7.4445D+04  6.3666D+04  6.3666D+04  5.0890D+08  5.0771D+08  1.7064D+03  1.6532D+03  1.3182D+09  1.3182D+09        42
  2.7902D+04  8.0543D+04  8.0563D+04  7.6671D+04  7.6671D+04  5.7996D+08  5.7871D+08  1.6959D+03  1.6424D+03  1.4846D+09  1.4846D+09        45
  2.8783D+04  8.7506D+04  8.7526D+04  9.2964D+04  9.2964D+04  6.6308D+08  6.6177D+08  1.6845D+03  1.6304D+03  1.6770D+09  1.6770D+09        48
  2.9692D+04  9.5479D+04  9.5499D+04  1.1357D+05  1.1357D+05  7.6081D+08  7.5943D+08  1.6719D+03  1.6173D+03  1.9006D+09  1.9006D+09        51
  3.0630D+04  1.0467D+05  1.0469D+05  1.3989D+05  1.3989D+05  8.7637D+08  8.7493D+08  1.6581D+03  1.6028D+03  2.1621D+09  2.1621D+09        54
  3.1597D+04  1.1535D+05  1.1537D+05  1.7391D+05  1.7391D+05  1.0139D+09  1.0124D+09  1.6429D+03  1.5869D+03  2.4697D+09  2.4697D+09        58
  3.2595D+04  1.2786D+05  1.2788D+05  2.1845D+05  2.1845D+05  1.1788D+09  1.1772D+09  1.6261D+03  1.5692D+03  2.8342D+09  2.8342D+09        61
  3.3624D+04  1.4267D+05  1.4269D+05  2.7761D+05  2.7761D+05  1.3782D+09  1.3765D+09  1.6076D+03  1.5497D+03  3.2699D+09  3.2699D+09        66
  3.4686D+04  1.6039D+05  1.6041D+05  3.5751D+05  3.5751D+05  1.6215D+09  1.6197D+09  1.5870D+03  1.5280D+03  3.7955D+09  3.7955D+09        70
  3.5781D+04  1.8186D+05  1.8188D+05  4.6752D+05  4.6752D+05  1.9218D+09  1.9199D+09  1.5642D+03  1.5039D+03  4.4366D+09  4.4366D+09        75
  3.6911D+04  2.0829D+05  2.0831D+05  6.2241D+05  6.2241D+05  2.2974D+09  2.2954D+09  1.5386D+03  1.4768D+03  5.2288D+09  5.2288D+09        80
  3.8077D+04  2.4140D+05  2.4142D+05  8.4637D+05  8.4637D+05  2.7745D+09  2.7723D+09  1.5099D+03  1.4462D+03  6.2231D+09  6.2231D+09        86
  3.9279D+04  2.8381D+05  2.8383D+05  1.1809D+06  1.1809D+06  3.3924D+09  3.3900D+09  1.4773D+03  1.4115D+03  7.4951D+09  7.4951D+09        94
  4.0520D+04  3.3965D+05  3.3967D+05  1.7009D+06  1.7009D+06  4.2123D+09  4.2097D+09  1.4398D+03  1.3715D+03  9.1618D+09  9.1618D+09       101


   ZERO-TEMPERATURE ISOTHERM

        RHO          P         DPDR          E          ETA       GAMMA      T(PSI=1)     THETA       GIBBS
      kg/m**3       GPa	    (m/sec)**2     J/kg                                K           K          J/kg

    7.8500D+04  7.1468D+04  2.1468D+09  5.4231D+08  1.0000D+01  7.0900D-01  1.3652D+06  2.5823D+03  1.4527D+09
    7.1593D+04  5.7422D+04  1.9202D+09  4.6353D+08  9.1201D+00  7.1379D-01  1.2734D+06  2.4185D+03  1.2656D+09
    6.5293D+04  4.5978D+04  1.7134D+09  3.9424D+08  8.3176D+00  7.1918D-01  1.1866D+06  2.2641D+03  1.0984D+09
    5.9548D+04  3.6676D+04  1.5248D+09  3.3352D+08  7.5858D+00  7.2527D-01  1.1046D+06  2.1184D+03  9.4942D+08
    5.4309D+04  2.9136D+04  1.3531D+09  2.8052D+08  6.9183D+00  7.3215D-01  1.0270D+06  1.9809D+03  8.1701D+08
    4.9530D+04  2.3043D+04  1.1971D+09  2.3445D+08  6.3096D+00  7.3994D-01  9.5361D+05  1.8511D+03  6.9969D+08
    4.5172D+04  1.8135D+04  1.0554D+09  1.9459D+08  5.7544D+00  7.4878D-01  8.8409D+05  1.7284D+03  5.9606D+08
    4.1197D+04  1.4196D+04  9.2708D+08  1.6028D+08  5.2481D+00  7.5883D-01  8.1822D+05  1.6125D+03  5.0486D+08
    3.7572D+04  1.1046D+04  8.1101D+08  1.3092D+08  4.7863D+00  7.7029D-01  7.5575D+05  1.5029D+03  4.2491D+08
    3.4266D+04  8.5382D+03  7.0625D+08  1.0595D+08  4.3652D+00  7.8336D-01  6.9649D+05  1.3991D+03  3.5512D+08
    3.1251D+04  6.5514D+03  6.1192D+08  8.4861D+07  3.9811D+00  7.9832D-01  6.4022D+05  1.3009D+03  2.9450D+08
    2.8502D+04  4.9855D+03  5.2719D+08  6.7186D+07  3.6308D+00  8.1547D-01  5.8676D+05  1.2077D+03  2.4211D+08
    2.5994D+04  3.7589D+03  4.5131D+08  5.2504D+07  3.3113D+00  8.3518D-01  5.3594D+05  1.1193D+03  1.9711D+08
    2.3707D+04  2.8045D+03  3.8357D+08  4.0426D+07  3.0200D+00  8.5787D-01  4.8762D+05  1.0354D+03  1.5872D+08
    2.1621D+04  2.0675D+03  3.2333D+08  3.0601D+07  2.7542D+00  8.8405D-01  4.4167D+05  9.5561D+02  1.2623D+08
    1.9718D+04  1.5034D+03  2.7000D+08  2.2710D+07  2.5119D+00  9.1432D-01  3.9798D+05  8.7969D+02  9.8952D+07
    1.7983D+04  1.0759D+03  2.2304D+08  1.6465D+07  2.2909D+00  9.4939D-01  3.5646D+05  8.0737D+02  7.6293D+07
    1.6401D+04  7.5573D+02  1.8195D+08  1.1607D+07  2.0893D+00  9.9010D-01  3.1706D+05  7.3842D+02  5.7686D+07
    1.4958D+04  5.1913D+02  1.4628D+08  7.9044D+06  1.9055D+00  1.0375D+00  2.7974D+05  6.7263D+02  4.2611D+07
    1.3642D+04  3.4701D+02  1.1561D+08  5.1498D+06  1.7378D+00  1.0927D+00  2.4449D+05  6.0982D+02  3.0587D+07
    1.2441D+04  2.2407D+02  8.9579D+07  3.1621D+06  1.5849D+00  1.1571D+00  2.1135D+05  5.4984D+02  2.1172D+07
    1.1347D+04  1.3810D+02  6.7851D+07  1.7835D+06  1.4454D+00  1.2325D+00  1.8037D+05  4.9259D+02  1.3954D+07
    1.0348D+04  7.9389D+01  5.0127D+07  8.7905D+05  1.3183D+00  1.3209D+00  1.5163D+05  4.3799D+02  8.5507D+06
    9.4378D+03  4.0290D+01  3.6142D+07  3.3663D+05  1.2023D+00  1.4246D+00  1.2525D+05  3.8602D+02  4.6057D+06
    8.6073D+03  1.4797D+01  2.5663D+07  6.6475D+04  1.0965D+00  1.5465D+00  1.0133D+05  3.3671D+02  1.7856D+06
    7.8500D+03 -1.7605D+00  1.8469D+07  1.3378D+03  1.0000D+00  1.6900D+00  7.9999D+04  2.9014D+02 -2.2293D+05
    7.1593D+03 -1.2618D+01  1.3028D+07  9.5591D+04  9.1201D-01  1.8203D+00  6.1520D+04  2.4674D+02 -1.6669D+06
    6.5293D+03 -1.9350D+01  8.4033D+06  3.1565D+05  8.3176D-01  1.9070D+00  4.6380D+04  2.0776D+02 -2.6478D+06
    5.9548D+03 -2.3047D+01  4.5258D+06  6.3246D+05  7.5858D-01  1.9593D+00  3.4526D+04  1.7384D+02 -3.2378D+06
    5.4309D+03 -2.4564D+01  1.3252D+06  1.0208D+06  6.9183D-01  1.9848D+00  2.5521D+04  1.4494D+02 -3.5023D+06
    4.9530D+03 -2.4565D+01 -1.2678D+06  1.4590D+06  6.3096D-01  1.9895D+00  1.8813D+04  1.2068D+02 -3.5005D+06
    4.5172D+03 -2.3553D+01 -3.3213D+06  1.9288D+06  5.7544D-01  1.9785D+00  1.3878D+04  1.0051D+02 -3.2853D+06
    4.1197D+03 -2.1909D+01 -4.9006D+06  2.4149D+06  5.2481D-01  1.9557D+00  1.0270D+04  8.3851D+01 -2.9033D+06
    3.7572D+03 -1.9913D+01 -6.0681D+06  2.9047D+06  4.7863D-01  1.9242D+00  7.6380D+03  7.0128D+01 -2.3952D+06
    3.4266D+03 -1.7765D+01 -6.8823D+06  3.3882D+06  4.3652D-01  1.8866D+00  5.7172D+03  5.8838D+01 -1.7963D+06
    3.1251D+03 -1.5607D+01 -7.3977D+06  3.8574D+06  3.9811D-01  1.8450D+00  4.3109D+03  4.9547D+01 -1.1366D+06
    2.8502D+03 -1.3532D+01 -7.6640D+06  4.3064D+06  3.6308D-01  1.8009D+00  3.2763D+03  4.1888D+01 -4.4128D+05
    2.5994D+03 -1.1598D+01 -7.7263D+06  4.7308D+06  3.3113D-01  1.7556D+00  2.5106D+03  3.5560D+01  2.6887D+05
    2.3707D+03 -9.8396D+00 -7.6252D+06  5.1275D+06  3.0199D-01  1.7101D+00  1.9401D+03  3.0314D+01  9.7694D+05
    2.1621D+03 -8.2706D+00 -7.3962D+06  5.4949D+06  2.7542D-01  1.6650D+00  1.5118D+03  2.5951D+01  1.6696D+06
    1.9718D+03 -6.8928D+00 -7.0705D+06  5.8320D+06  2.5119D-01  1.6210D+00  1.1878D+03  2.2307D+01  2.3364D+06
    1.7983D+03 -5.6990D+00 -6.6749D+06  6.1389D+06  2.2909D-01  1.5784D+00  9.4066D+02  1.9251D+01  2.9699D+06
    1.6401D+03 -4.6768D+00 -6.2322D+06  6.4161D+06  2.0893D-01  1.5375D+00  7.5072D+02  1.6678D+01  3.5645D+06
    1.4958D+03 -3.8107D+00 -5.7613D+06  6.6646D+06  1.9055D-01  1.4986D+00  6.0355D+02  1.4502D+01  4.1170D+06
    1.3642D+03 -3.0837D+00 -5.2778D+06  6.8859D+06  1.7378D-01  1.4616D+00  4.8864D+02  1.2654D+01  4.6254D+06
    1.2441D+03 -2.4788D+00 -4.7944D+06  7.0816D+06  1.5849D-01  1.4268D+00  3.9823D+02  1.1078D+01  5.0892D+06
    1.1347D+03 -1.9796D+00 -4.3209D+06  7.2535D+06  1.4454D-01  1.3940D+00  3.2657D+02  9.7287D+00  5.5089D+06
    1.0348D+03 -1.5708D+00 -3.8650D+06  7.4036D+06  1.3183D-01  1.3633D+00  2.6938D+02  8.5687D+00  5.8857D+06
    9.4378D+02 -1.2385D+00 -3.4322D+06  7.5338D+06  1.2023D-01  1.3347D+00  2.2342D+02  7.5676D+00  6.2216D+06
    8.6073D+02 -9.7022D-01 -3.0265D+06  7.6460D+06  1.0965D-01  1.3080D+00  1.8625D+02  6.7006D+00  6.5188D+06
    7.8500D+02 -7.5523D-01 -2.6503D+06  7.7420D+06  1.0000D-01  1.2832D+00  1.5600D+02  5.9470D+00  6.7800D+06
    7.1593D+02 -5.8408D-01 -2.3051D+06  7.8238D+06  9.1201D-02  1.2602D+00  1.3124D+02  5.2897D+00  7.0079D+06
    6.5293D+02 -4.4877D-01 -1.9913D+06  7.8929D+06  8.3176D-02  1.2389D+00  1.1086D+02  4.7147D+00  7.2056D+06
    5.9548D+02 -3.4252D-01 -1.7084D+06  7.9509D+06  7.5858D-02  1.2192D+00  9.4002D+01  4.2102D+00  7.3757D+06
    5.4309D+02 -2.5966D-01 -1.4557D+06  7.9993D+06  6.9183D-02  1.2010D+00  7.9984D+01  3.7662D+00  7.5212D+06
    4.9530D+02 -1.9548D-01 -1.2317D+06  8.0394D+06  6.3096D-02  1.1842D+00  6.8276D+01  3.3744D+00  7.6447D+06
    4.5172D+02 -1.4612D-01 -1.0348D+06  8.0724D+06  5.7544D-02  1.1688D+00  5.8456D+01  3.0279D+00  7.7489D+06
    4.1197D+02 -1.0843D-01 -8.6304D+05  8.0993D+06  5.2481D-02  1.1546D+00  5.0184D+01  2.7207D+00  7.8361D+06
    3.7572D+02 -7.9866D-02 -7.1450D+05  8.1212D+06  4.7863D-02  1.1415D+00  4.3192D+01  2.4477D+00  7.9086D+06
    3.4266D+02 -5.8374D-02 -5.8704D+05  8.1387D+06  4.3651D-02  1.1295D+00  3.7259D+01  2.2047D+00  7.9684D+06
    3.1251D+02 -4.2330D-02 -4.7857D+05  8.1528D+06  3.9811D-02  1.1184D+00  3.2210D+01  1.9879D+00  8.0173D+06
    2.8502D+02 -3.0446D-02 -3.8701D+05  8.1639D+06  3.6308D-02  1.1083D+00  2.7899D+01  1.7942D+00  8.0570D+06
    2.5994D+02 -2.1716D-02 -3.1039D+05  8.1726D+06  3.3113D-02  1.0990D+00  2.4209D+01  1.6208D+00  8.0891D+06
    2.3707D+02 -1.5356D-02 -2.4683D+05  8.1794D+06  3.0199D-02  1.0905D+00  2.1041D+01  1.4653D+00  8.1146D+06
    2.1621D+02 -1.0762D-02 -1.9457D+05  8.1846D+06  2.7542D-02  1.0827D+00  1.8315D+01  1.3258D+00  8.1349D+06
    1.9718D+02 -7.4734D-03 -1.5199D+05  8.1887D+06  2.5119D-02  1.0756D+00  1.5964D+01  1.2003D+00  8.1508D+06
    1.7983D+02 -5.1409D-03 -1.1762D+05  8.1917D+06  2.2909D-02  1.0691D+00  1.3932D+01  1.0874D+00  8.1631D+06
    1.6401D+02 -3.5020D-03 -9.0155D+04  8.1940D+06  2.0893D-02  1.0631D+00  1.2173D+01  9.8575D-01  8.1726D+06
    1.4958D+02 -2.3616D-03 -6.8419D+04  8.1957D+06  1.9055D-02  1.0576D+00  1.0647D+01  8.9403D-01  8.1799D+06
    1.3642D+02 -1.5761D-03 -5.1393D+04  8.1969D+06  1.7378D-02  1.0526D+00  9.3217D+00  8.1124D-01  8.1854D+06
    1.2441D+02 -1.0406D-03 -3.8198D+04  8.1979D+06  1.5849D-02  1.0481D+00  8.1684D+00  7.3644D-01  8.1895D+06
    1.1347D+02 -6.7950D-04 -2.8082D+04  8.1985D+06  1.4454D-02  1.0439D+00  7.1636D+00  6.6880D-01  8.1925D+06
    1.0348D+02 -4.3863D-04 -2.0414D+04  8.1990D+06  1.3183D-02  1.0401D+00  6.2870D+00  6.0760D-01  8.1947D+06
    9.4377D+01 -2.7979D-04 -1.4668D+04  8.1993D+06  1.2023D-02  1.0366D+00  5.5214D+00  5.5219D-01  8.1963D+06
    8.6073D+01 -1.7629D-04 -1.0413D+04  8.1995D+06  1.0965D-02  1.0334D+00  4.8520D+00  5.0199D-01  8.1975D+06
    7.8500D+01 -1.0965D-04 -7.3014D+03  8.1997D+06  1.0000D-02  1.0305D+00  4.2661D+00  4.5647D-01  8.1983D+06
    7.1593D+01 -6.7290D-05 -5.0541D+03  8.1998D+06  9.1201D-03  1.0278D+00  3.7529D+00  4.1519D-01  8.1989D+06
    6.5293D+01 -4.0710D-05 -3.4523D+03  8.1999D+06  8.3176D-03  1.0254D+00  3.3030D+00  3.7774D-01  8.1993D+06
    5.9548D+01 -2.4256D-05 -2.3257D+03  8.1999D+06  7.5858D-03  1.0232D+00  2.9083D+00  3.4373D-01  8.1995D+06
    5.4309D+01 -1.4212D-05 -1.5444D+03  8.2000D+06  6.9183D-03  1.0211D+00  2.5617D+00  3.1285D-01  8.1997D+06
    4.9530D+01 -8.1716D-06 -1.0102D+03  8.2000D+06  6.3096D-03  1.0193D+00  2.2573D+00  2.8479D-01  8.1998D+06
    4.5172D+01 -4.5939D-06 -6.5028D+02  8.2000D+06  5.7544D-03  1.0176D+00  1.9897D+00  2.5929D-01  8.1999D+06
    4.1197D+01 -2.5095D-06 -4.1149D+02  8.2000D+06  5.2481D-03  1.0160D+00  1.7543D+00  2.3611D-01  8.1999D+06
    3.7572D+01 -1.3167D-06 -2.5551D+02  8.2000D+06  4.7863D-03  1.0146D+00  1.5472D+00  2.1503D-01  8.2000D+06
    3.4266D+01 -6.4757D-07 -1.5525D+02  8.2000D+06  4.3651D-03  1.0134D+00  1.3649D+00  1.9586D-01  8.2000D+06
    3.1251D+01 -2.8095D-07 -9.1888D+01  8.2000D+06  3.9811D-03  1.0122D+00  1.2043D+00  1.7842D-01  8.2000D+06
    2.8502D+01 -8.5934D-08 -5.2519D+01  8.2000D+06  3.6308D-03  1.0111D+00  1.0628D+00  1.6254D-01  8.2000D+06
    2.5994D+01  1.3589D-08 -2.8490D+01  8.2000D+06  3.3113D-03  1.0101D+00  9.3818D-01  1.4810D-01  8.2000D+06
    2.3707D+01  6.1108D-08 -1.4089D+01  8.2000D+06  3.0199D-03  1.0092D+00  8.2828D-01  1.3494D-01  8.2000D+06
    2.1621D+01  8.1007D-08 -5.6208D+00  8.2000D+06  2.7542D-03  1.0084D+00  7.3137D-01  1.2297D-01  8.2000D+06
    1.9718D+01  8.6693D-08 -7.3723D-01  8.2000D+06  2.5119D-03  1.0077D+00  6.4589D-01  1.1207D-01  8.2000D+06
    1.7983D+01  8.5384D-08  2.0227D+00  8.2000D+06  2.2909D-03  1.0070D+00  5.7048D-01  1.0214D-01  8.2000D+06
    1.6401D+01  8.0873D-08  3.5501D+00  8.2000D+06  2.0893D-03  1.0064D+00  5.0393D-01  9.3093D-02  8.2000D+06
    1.4958D+01  7.5100D-08  4.3774D+00  8.2000D+06  1.9055D-03  1.0058D+00  4.4519D-01  8.4854D-02  8.2000D+06
    1.3642D+01  6.9024D-08  4.8156D+00  8.2000D+06  1.7378D-03  1.0053D+00  3.9334D-01  7.7348D-02  8.2000D+06
    1.2441D+01  6.3094D-08  5.0424D+00  8.2000D+06  1.5849D-03  1.0049D+00  3.4756D-01  7.0509D-02  8.2000D+06
    1.1347D+01  5.7505D-08  5.1571D+00  8.2000D+06  1.4454D-03  1.0044D+00  3.0713D-01  6.4278D-02  8.2000D+06
    1.0348D+01  5.2325D-08  5.2140D+00  8.2000D+06  1.3183D-03  1.0040D+00  2.7142D-01  5.8599D-02  8.2000D+06
    9.4377D+00  4.7564D-08  5.2418D+00  8.2000D+06  1.2023D-03  1.0037D+00  2.3989D-01  5.3424D-02  8.2000D+06
    8.6073D+00  4.3205D-08  5.2555D+00  8.2000D+06  1.0965D-03  1.0034D+00  2.1203D-01  4.8707D-02  8.2000D+06
    7.8500D+00  3.9221D-08  5.2625D+00  8.2000D+06  1.0000D-03  1.0031D+00  1.8741D-01  4.4409D-02  8.2000D+06


   HUGONIOT

      RHO          T           P          PC           E           S           V           U       RHO/RHOO  #IT  STATE
    kg/m**3        K          GPa        GPa          J/kg      J/kg-K       km/sec      km/sec

  7.8500D+03  2.9800D+02  1.8418D-11 -1.7604D+00  1.3418D+05  6.0581D+02  4.3415D+00  0.0000D+00  1.0000D+00  0  INITIAL
  7.9085D+03  3.0175D+02  1.1161D+00 -6.6644D-01  1.3471D+05  6.0582D+02  4.3851D+00  3.2424D-02  1.0074D+00  2  SOLID  
  7.9534D+03  3.0465D+02  1.9925D+00  1.9268D-01  1.3583D+05  6.0588D+02  4.4188D+00  5.7441D-02  1.0132D+00  2  SOLID  
  7.9976D+03  3.0755D+02  2.8723D+00  1.0551D+00  1.3756D+05  6.0600D+02  4.4523D+00  8.2182D-02  1.0188D+00  2  SOLID  
  8.0409D+03  3.1045D+02  3.7493D+00  1.9148D+00  1.3985D+05  6.0621D+02  4.4853D+00  1.0648D-01  1.0243D+00  2  SOLID  
  8.0830D+03  3.1335D+02  4.6180D+00  2.7661D+00  1.4266D+05  6.0654D+02  4.5178D+00  1.3021D-01  1.0297D+00  2  SOLID  
  8.1237D+03  3.1625D+02  5.4739D+00  3.6046D+00  1.4592D+05  6.0698D+02  4.5496D+00  1.5327D-01  1.0349D+00  3  SOLID  
  8.1629D+03  3.1916D+02  6.3133D+00  4.4266D+00  1.4959D+05  6.0756D+02  4.5806D+00  1.7558D-01  1.0399D+00  3  SOLID  
  8.2006D+03  3.2206D+02  7.1337D+00  5.2296D+00  1.5360D+05  6.0827D+02  4.6107D+00  1.9710D-01  1.0447D+00  3  SOLID  
  8.2367D+03  3.2496D+02  7.9335D+00  6.0118D+00  1.5790D+05  6.0911D+02  4.6398D+00  2.1782D-01  1.0493D+00  3  SOLID  
  8.2712D+03  3.2786D+02  8.7116D+00  6.7725D+00  1.6244D+05  6.1007D+02  4.6680D+00  2.3774D-01  1.0537D+00  3  SOLID  
  8.3043D+03  3.3076D+02  9.4678D+00  7.5112D+00  1.6717D+05  6.1115D+02  4.6952D+00  2.5688D-01  1.0579D+00  3  SOLID  
  8.4755D+03  3.4817D+02  1.3569D+01  1.1507D+01  1.9796D+05  6.1963D+02  4.8398D+00  3.5716D-01  1.0797D+00  3  SOLID  
  8.6870D+03  3.7718D+02  1.9115D+01  1.6877D+01  2.5149D+05  6.3827D+02  5.0271D+00  4.8438D-01  1.1066D+00  4  SOLID  
  8.8450D+03  4.0620D+02  2.3631D+01  2.1218D+01  3.0350D+05  6.5908D+02  5.1730D+00  5.8192D-01  1.1268D+00  3  SOLID  
  8.9717D+03  4.3521D+02  2.7505D+01  2.4916D+01  3.5322D+05  6.8031D+02  5.2937D+00  6.6187D-01  1.1429D+00  3  SOLID  
  9.0782D+03  4.6423D+02  3.0942D+01  2.8177D+01  4.0081D+05  7.0126D+02  5.3976D+00  7.3025D-01  1.1565D+00  3  SOLID  
  9.2522D+03  5.2225D+02  3.6939D+01  3.3822D+01  4.9076D+05  7.4134D+02  5.5722D+00  8.4449D-01  1.1786D+00  3  SOLID  
  9.3929D+03  5.8028D+02  4.2154D+01  3.8684D+01  5.7523D+05  7.7855D+02  5.7176D+00  9.3920D-01  1.1966D+00  3  SOLID  
  9.5121D+03  6.3831D+02  4.6840D+01  4.3018D+01  6.5551D+05  8.1296D+02  5.8436D+00  1.0211D+00  1.2117D+00  3  SOLID  
  9.6162D+03  6.9634D+02  5.1141D+01  4.6965D+01  7.3246D+05  8.4483D+02  5.9557D+00  1.0939D+00  1.2250D+00  3  SOLID  
  9.7928D+03  8.1239D+02  5.8913D+01  5.4029D+01  8.7863D+05  9.0208D+02  6.1505D+00  1.2202D+00  1.2475D+00  3  SOLID  
  9.9406D+03  9.2845D+02  6.5898D+01  6.0303D+01  1.0169D+06  9.5225D+02  6.3179D+00  1.3287D+00  1.2663D+00  3  SOLID  
  1.0069D+04  1.0445D+03  7.2320D+01  6.6013D+01  1.1492D+06  9.9682D+02  6.4659D+00  1.4248D+00  1.2826D+00  3  SOLID  
  1.0182D+04  1.1606D+03  7.8314D+01  7.1295D+01  1.2767D+06  1.0369D+03  6.5996D+00  1.5117D+00  1.2971D+00  3  SOLID  
  1.0378D+04  1.3927D+03  8.9351D+01  8.0901D+01  1.5206D+06  1.1065D+03  6.8354D+00  1.6652D+00  1.3221D+00  3  SOLID  
  1.0545D+04  1.6248D+03  9.9451D+01  8.9566D+01  1.7530D+06  1.1655D+03  7.0408D+00  1.7994D+00  1.3433D+00  3  SOLID  
  1.0691D+04  1.8569D+03  1.0886D+02  9.7538D+01  1.9766D+06  1.2167D+03  7.2243D+00  1.9196D+00  1.3619D+00  3  SOLID  
  1.0821D+04  2.0890D+03  1.1774D+02  1.0497D+02  2.1931D+06  1.2618D+03  7.3912D+00  2.0292D+00  1.3785D+00  3  SOLID  
  1.0939D+04  2.3211D+03  1.2618D+02  1.1197D+02  2.4037D+06  1.3022D+03  7.5448D+00  2.1305D+00  1.3935D+00  3  SOLID  
  1.1195D+04  2.9014D+03  1.4585D+02  1.2801D+02  2.9098D+06  1.3877D+03  7.8857D+00  2.3561D+00  1.4261D+00  3  SOLID  
  1.1411D+04  3.4817D+03  1.6398D+02  1.4249D+02  3.3935D+06  1.4575D+03  8.1816D+00  2.5532D+00  1.4536D+00  3  SOLID  
  1.1599D+04  4.0620D+03  1.8097D+02  1.5583D+02  3.8600D+06  1.5163D+03  8.4454D+00  2.7298D+00  1.4776D+00  3  SOLID  
  1.1767D+04  4.6423D+03  1.9709D+02  1.6828D+02  4.3129D+06  1.5671D+03  8.6849D+00  2.8909D+00  1.4990D+00  3  SOLID  
  1.1918D+04  5.2225D+03  2.1250D+02  1.8002D+02  4.7544D+06  1.6119D+03  8.9053D+00  3.0398D+00  1.5183D+00  3  SOLID  
  1.2057D+04  5.8028D+03  2.2732D+02  1.9115D+02  5.1863D+06  1.6518D+03  9.1101D+00  3.1787D+00  1.5359D+00  3  SOLID  
  1.2297D+04  6.3831D+03  2.5698D+02  2.1133D+02  6.0533D+06  1.7286D+03  9.5145D+00  3.4407D+00  1.5665D+00  3  SOL+LIQ
  1.2444D+04  6.9634D+03  2.7592D+02  2.2430D+02  6.6222D+06  1.7762D+03  9.7577D+00  3.6022D+00  1.5852D+00  3  LIQUID 
  1.2541D+04  7.5437D+03  2.8836D+02  2.3308D+02  7.0041D+06  1.8047D+03  9.9099D+00  3.7067D+00  1.5976D+00  3  LIQUID 
  1.2633D+04  8.1239D+03  3.0054D+02  2.4161D+02  7.3818D+06  1.8310D+03  1.0056D+01  3.8073D+00  1.6093D+00  3  LIQUID 
  1.2721D+04  8.7042D+03  3.1250D+02  2.4991D+02  7.7555D+06  1.8556D+03  1.0196D+01  3.9042D+00  1.6205D+00  3  LIQUID 
  1.2805D+04  9.2845D+03  3.2425D+02  2.5800D+02  8.1256D+06  1.8785D+03  1.0332D+01  3.9979D+00  1.6312D+00  3  LIQUID 
  1.2885D+04  9.8648D+03  3.3580D+02  2.6590D+02  8.4924D+06  1.9000D+03  1.0463D+01  4.0886D+00  1.6414D+00  3  LIQUID 
  1.2963D+04  1.0445D+04  3.4718D+02  2.7361D+02  8.8559D+06  1.9202D+03  1.0589D+01  4.1765D+00  1.6513D+00  3  LIQUID 
  1.3037D+04  1.1025D+04  3.5840D+02  2.8116D+02  9.2166D+06  1.9394D+03  1.0712D+01  4.2620D+00  1.6608D+00  3  LIQUID 
  1.3109D+04  1.1606D+04  3.6946D+02  2.8855D+02  9.5744D+06  1.9575D+03  1.0831D+01  4.3452D+00  1.6699D+00  2  LIQUID 
  1.3245D+04  1.2766D+04  3.9116D+02  3.0291D+02  1.0282D+07  1.9911D+03  1.1060D+01  4.5052D+00  1.6873D+00  3  LIQUID 
  1.3373D+04  1.3927D+04  4.1235D+02  3.1676D+02  1.0981D+07  2.0217D+03  1.1278D+01  4.6577D+00  1.7036D+00  3  LIQUID 
  1.3494D+04  1.5087D+04  4.3310D+02  3.3016D+02  1.1672D+07  2.0499D+03  1.1485D+01  4.8038D+00  1.7190D+00  3  LIQUID 
  1.3608D+04  1.6248D+04  4.5346D+02  3.4316D+02  1.2356D+07  2.0759D+03  1.1684D+01  4.9440D+00  1.7335D+00  3  LIQUID 
  1.3717D+04  1.7408D+04  4.7348D+02  3.5582D+02  1.3034D+07  2.1001D+03  1.1875D+01  5.0793D+00  1.7474D+00  3  LIQUID 
  1.3921D+04  1.9730D+04  5.1263D+02  3.8022D+02  1.4374D+07  2.1440D+03  1.2237D+01  5.3367D+00  1.7734D+00  3  LIQUID 
  1.4200D+04  2.3211D+04  5.6964D+02  4.1506D+02  1.6359D+07  2.2011D+03  1.2739D+01  5.6964D+00  1.8089D+00  3  LIQUID 
  1.4612D+04  2.9014D+04  6.6172D+02  4.6994D+02  1.9639D+07  2.2803D+03  1.3497D+01  6.2457D+00  1.8614D+00  3  LIQUID 
  1.4981D+04  3.4817D+04  7.5198D+02  5.2254D+02  2.2933D+07  2.3464D+03  1.4186D+01  6.7527D+00  1.9084D+00  3  LIQUID 
  1.5645D+04  4.6423D+04  9.3232D+02  6.2529D+02  2.9721D+07  2.4556D+03  1.5440D+01  7.6924D+00  1.9929D+00  3  LIQUID 
  1.6248D+04  5.8028D+04  1.1173D+03  7.2827D+02  3.6917D+07  2.5471D+03  1.6594D+01  8.5770D+00  2.0699D+00  3  LIQUID 
  1.6815D+04  6.9634D+04  1.3099D+03  8.3319D+02  4.4617D+07  2.6286D+03  1.7692D+01  9.4322D+00  2.1420D+00  3  LIQUID 
  1.7353D+04  8.1239D+04  1.5119D+03  9.4052D+02  5.2872D+07  2.7036D+03  1.8754D+01  1.0270D+01  2.2105D+00  3  LIQUID 
  1.7867D+04  9.2845D+04  1.7243D+03  1.0502D+03  6.1708D+07  2.7744D+03  1.9794D+01  1.1097D+01  2.2761D+00  3  LIQUID 
  1.8361D+04  1.0445D+05  1.9475D+03  1.1620D+03  7.1144D+07  2.8421D+03  2.0818D+01  1.1917D+01  2.3389D+00  3  LIQUID 
  1.8835D+04  1.1606D+05  2.1821D+03  1.2755D+03  8.1192D+07  2.9076D+03  2.1831D+01  1.2732D+01  2.3993D+00  3  LIQUID 


 EOS package call numbers
        ANEOS number =      -1        ALL 
 Calls to
 ANEOS                     1211      1211
 ANEOS1                   30453     30453
 ANION1                   32085     32085
 ANEOS1 from ANEOSV         915       915
 ANELSM from ANEOSV        1211      1211
 ANELSM                    1211      1211
 ANEOS1 from ANELSM       29538     29538
 ANEOS1/ANEOSV        2.515E+01 2.515E+01
 Calls to eos tables =         0
