

  Data for ANEOS number  -1   library number    0  type 99     ver 09/30/13

  IRON 130PT Thompson 1970                                RHUG=-1.00000D+00
                                                          THUG=-1.00000D+00

  IN( 1)= 1.000000000D+00  IN( 9)= 0.000000000D+00  IN(17)= 0.000000000D+00
  IN( 2)= 4.000000000D+00  IN(10)= 2.000000000D+00  IN(18)= 8.360000000D+00
  IN( 3)= 7.850000000D+00  IN(11)= 7.300000000D+10  IN(19)= 8.750000000D+00
  IN( 4)= 2.980000000D+02  IN(12)= 1.809000000D+03  IN(20)= 1.120000000D+11
  IN( 5)= 0.000000000D+00  IN(13)= 0.000000000D+00  IN(21)= 2.300000000D+12
  IN( 6)= 1.930000000D+12  IN(14)= 0.000000000D+00  IN(22)= 5.000000000D+12
  IN( 7)= 1.750000000D+00  IN(15)= 0.000000000D+00  IN(23)= 0.000000000D+00
  IN( 8)= 0.000000000D+00  IN(16)= 0.000000000D+00  IN(24)= 0.000000000D+00

  N0= 0.10785D+23 Mean atomic weight= 0.55849D+02
  Z( 1)= 26.  number fraction( 1)= 1.00000D+00  atoms/gram( 1)= 1.07847D+22


NEW: Cv adjust, QCC1, QCC6=   0.000000D+00   0.000000D+00   0.000000D+00


  Zero-temperature isotherm has been modified for a solid-solid phase transition

  PCRITICAL= 1.120148D+11          PCTR(INPUT)= 1.120000D+11
  DPDETA(ETA1)= 2.055756D+12       DPDETA(ETA2)= 2.300000D+12
  D2PDETA2(ETA1)= 1.515331D+12     D2PDETA2(ETA2)= 5.000000D+12
  EC(ETA1)= 3.620116D+08           EC(ETA2)= 9.592199D+08
  TGAMSTAR=-5.456543D+00           TGAM= 0.000000D+00



  REFERENCE POINT CONDITIONS

  T=   2.567717D-02      RHO=    7.850000D+00      P=   3.810883D-03
  E=   1.339236D+09      DPDT=   7.077933D+11      CV=  5.164158D+10
  S=   7.030423D+10      DPDR=   2.458599D+11      B0=  1.930000D+12
  CS=  4.999021D+05      GAMMA=  1.745972D+00


  TWO-PHASE CALCULATION FOR MATERIAL     1

  CRITICAL POINT
  RHO=  1.9995555D+00       T=  2.6384489D+00         P=  5.4235951D+10
  E=  1.4244823D+11         S=  3.3891556D+11         NTY=    4


  TWO-PHASE BOUNDARIES
       T         RHOLIQ        RHOVAP        PLIQ         PVAP        ELIQ         EVAP         SLIQ         SVAP        GLIQ         GVAP         PSILIQ      PSIVAP         NTY
       K         kg/m**3       kg/m**3       GPa          GPa         J/kg         J/kg        J/kg-K       J/kg-K       J/kg         J/kg

  3.06209D+04  1.99956D+03  1.99956D+03  5.42360D+00  5.42360D+00  1.42448D+07  1.42448D+07  2.92044D+03  2.92044D+03 -7.24639D+07 -7.24639D+07  5.14653D+01  5.14653D+01      0
  3.01407D+04  2.25138D+03  1.74948D+03  5.23483D+00  5.23482D+00  1.36473D+07  1.44730D+07  2.89096D+03  2.94049D+03 -7.11579D+07 -7.11579D+07  2.07095D+01  4.04883D+01     14
  2.96605D+04  2.35706D+03  1.64569D+03  5.05029D+00  5.05029D+00  1.33076D+07  1.44482D+07  2.87617D+03  2.94585D+03 -6.98534D+07 -6.98534D+07  1.79146D+01  4.64392D+01     13
  2.91803D+04  2.43904D+03  1.56578D+03  4.86989D+00  4.86989D+00  1.30156D+07  1.43803D+07  2.86384D+03  2.94877D+03 -6.85506D+07 -6.85506D+07  1.59871D+01  5.16219D+01     12
  2.87001D+04  2.50890D+03  1.49815D+03  4.69355D+00  4.69355D+00  1.27503D+07  1.42902D+07  2.85279D+03  2.95042D+03 -6.72494D+07 -6.72494D+07  1.44936D+01  5.64755D+01     12
  2.82199D+04  2.57115D+03  1.43833D+03  4.52117D+00  4.52117D+00  1.25035D+07  1.41863D+07  2.84255D+03  2.95127D+03 -6.59499D+07 -6.59499D+07  1.32692D+01  6.11709D+01     11
  2.77397D+04  2.62810D+03  1.38402D+03  4.35268D+00  4.35268D+00  1.22706D+07  1.40731D+07  2.83289D+03  2.95155D+03 -6.46522D+07 -6.46522D+07  1.22305D+01  6.57979D+01     11
  2.72595D+04  2.68111D+03  1.33385D+03  4.18799D+00  4.18799D+00  1.20489D+07  1.39531D+07  2.82366D+03  2.95140D+03 -6.33562D+07 -6.33562D+07  1.13289D+01  7.04124D+01     10
  2.67793D+04  2.73111D+03  1.28693D+03  4.02702D+00  4.02702D+00  1.18364D+07  1.38283D+07  2.81476D+03  2.95094D+03 -6.20620D+07 -6.20620D+07  1.05333D+01  7.50536D+01     10
  2.62991D+04  2.77871D+03  1.24265D+03  3.86969D+00  3.86969D+00  1.16318D+07  1.37000D+07  2.80612D+03  2.95022D+03 -6.07696D+07 -6.07696D+07  9.82204D+00  7.97515D+01     10
  2.58189D+04  2.82438D+03  1.20055D+03  3.71591D+00  3.71591D+00  1.14341D+07  1.35691D+07  2.79768D+03  2.94930D+03 -5.94791D+07 -5.94791D+07  9.17996D+00  8.45311D+01      9
  2.53387D+04  2.86850D+03  1.16031D+03  3.56561D+00  3.56561D+00  1.12424D+07  1.34363D+07  2.78941D+03  2.94823D+03 -5.81905D+07 -5.81905D+07  8.59557D+00  8.94143D+01      9
  2.48585D+04  2.91133D+03  1.12164D+03  3.41871D+00  3.41871D+00  1.10559D+07  1.33024D+07  2.78127D+03  2.94702D+03 -5.69039D+07 -5.69039D+07  8.06011D+00  9.44215D+01      9
  2.43783D+04  2.95312D+03  1.08435D+03  3.27514D+00  3.27514D+00  1.08742D+07  1.31678D+07  2.77322D+03  2.94572D+03 -5.56194D+07 -5.56194D+07  7.56670D+00  9.95727D+01      9
  2.38981D+04  2.99407D+03  1.04826D+03  3.13483D+00  3.13483D+00  1.06967D+07  1.30329D+07  2.76526D+03  2.94435D+03 -5.43368D+07 -5.43368D+07  7.10984D+00  1.04888D+02      9
  2.34179D+04  3.03433D+03  1.01322D+03  2.99771D+00  2.99771D+00  1.05229D+07  1.28979D+07  2.75734D+03  2.94292D+03 -5.30564D+07 -5.30564D+07  6.68504D+00  1.10388D+02      9
  2.29377D+04  3.07408D+03  9.79122D+02  2.86370D+00  2.86370D+00  1.03525D+07  1.27633D+07  2.74944D+03  2.94145D+03 -5.17782D+07 -5.17782D+07  6.28862D+00  1.16094D+02      9
  2.24575D+04  3.11344D+03  9.45859D+02  2.73276D+00  2.73276D+00  1.01851D+07  1.26293D+07  2.74156D+03  2.93997D+03 -5.05022D+07 -5.05022D+07  5.91748D+00  1.22031D+02      9
  2.19773D+04  3.15254D+03  9.13342D+02  2.60481D+00  2.60481D+00  1.00203D+07  1.24960D+07  2.73366D+03  2.93849D+03 -4.92286D+07 -4.92286D+07  5.56902D+00  1.28224D+02      9
  2.14971D+04  3.19150D+03  8.81495D+02  2.47980D+00  2.47980D+00  9.85778D+06  1.23635D+07  2.72573D+03  2.93703D+03 -4.79573D+07 -4.79573D+07  5.24101D+00  1.34701D+02      8
  2.10169D+04  3.23044D+03  8.50250D+02  2.35767D+00  2.35767D+00  9.69729D+06  1.22321D+07  2.71775D+03  2.93559D+03 -4.66884D+07 -4.66884D+07  4.93156D+00  1.41495D+02      8
  2.05367D+04  3.26948D+03  8.19546D+02  2.23837D+00  2.23837D+00  9.53851D+06  1.21019D+07  2.70970D+03  2.93419D+03 -4.54220D+07 -4.54220D+07  4.63900D+00  1.48641D+02      8
  2.00565D+04  3.30872D+03  7.89330D+02  2.12187D+00  2.12187D+00  9.38114D+06  1.19728D+07  2.70156D+03  2.93285D+03 -4.41583D+07 -4.41583D+07  4.36191D+00  1.56180D+02      8
  1.95763D+04  3.34829D+03  7.59551D+02  2.00811D+00  2.00811D+00  9.22490D+06  1.18451D+07  2.69330D+03  2.93158D+03 -4.28972D+07 -4.28972D+07  4.09901D+00  1.64159D+02      8
  1.90961D+04  3.38831D+03  7.30164D+02  1.89706D+00  1.89706D+00  9.06951D+06  1.17187D+07  2.68491D+03  2.93039D+03 -4.16390D+07 -4.16390D+07  3.84920D+00  1.72633D+02      8
  1.86159D+04  3.42892D+03  7.01129D+02  1.78868D+00  1.78868D+00  8.91466D+06  1.15937D+07  2.67635D+03  2.92930D+03 -4.03836D+07 -4.03836D+07  3.61150D+00  1.81664D+02      8
  1.81357D+04  3.47024D+03  6.72407D+02  1.68296D+00  1.68296D+00  8.76008D+06  1.14700D+07  2.66761D+03  2.92832D+03 -3.91313D+07 -3.91313D+07  3.38504D+00  1.91327D+02      8
  1.76555D+04  3.51244D+03  6.43960D+02  1.57987D+00  1.57987D+00  8.60543D+06  1.13477D+07  2.65865D+03  2.92747D+03 -3.78820D+07 -3.78820D+07  3.16903D+00  2.01707D+02      7
  1.71753D+04  3.55568D+03  6.15758D+02  1.47940D+00  1.47940D+00  8.45042D+06  1.12268D+07  2.64945D+03  2.92677D+03 -3.66360D+07 -3.66360D+07  2.96279D+00  2.12909D+02      7
  1.66951D+04  3.60015D+03  5.87766D+02  1.38153D+00  1.38153D+00  8.29469D+06  1.11072D+07  2.63996D+03  2.92624D+03 -3.53935D+07 -3.53935D+07  2.76570D+00  2.25056D+02      7
  1.62149D+04  3.64605D+03  5.59956D+02  1.28628D+00  1.28628D+00  8.13788D+06  1.09888D+07  2.63014D+03  2.92589D+03 -3.41545D+07 -3.41545D+07  2.57720D+00  2.38299D+02      7
  1.57347D+04  3.69362D+03  5.32297D+02  1.19364D+00  1.19364D+00  7.97959D+06  1.08717D+07  2.61996D+03  2.92576D+03 -3.29192D+07 -3.29192D+07  2.39679D+00  2.52821D+02      7
  1.52545D+04  3.74313D+03  5.04764D+02  1.10364D+00  1.10364D+00  7.81940D+06  1.07557D+07  2.60935D+03  2.92586D+03 -3.16879D+07 -3.16879D+07  2.22404D+00  2.68847D+02      7
  1.47743D+04  3.79489D+03  4.77331D+02  1.01631D+00  1.01631D+00  7.65681D+06  1.06409D+07  2.59826D+03  2.92624D+03 -3.04608D+07 -3.04608D+07  2.05855D+00  2.86658D+02      7
  1.42942D+04  3.84925D+03  4.49974D+02  9.31680D-01  9.31680D-01  7.49129D+06  1.05270D+07  2.58662D+03  2.92694D+03 -2.92381D+07 -2.92381D+07  1.89998D+00  3.06606D+02      7
  1.38140D+04  3.90663D+03  4.22672D+02  8.49804D-01  8.49804D-01  7.32223D+06  1.04140D+07  2.57435D+03  2.92799D+03 -2.80201D+07 -2.80201D+07  1.74802D+00  3.29143D+02      7
  1.33338D+04  3.96752D+03  3.95406D+02  7.70745D-01  7.70745D-01  7.14893D+06  1.03019D+07  2.56135D+03  2.92945D+03 -2.68072D+07 -2.68072D+07  1.60243D+00  3.54849D+02      7
  1.28536D+04  4.03249D+03  3.68163D+02  6.94581D-01  6.94581D-01  6.97060D+06  1.01905D+07  2.54750D+03  2.93140D+03 -2.55996D+07 -2.55996D+07  1.46298D+00  3.84487D+02      6
  1.23734D+04  4.10220D+03  3.40934D+02  6.21409D-01  6.21409D-01  6.78633D+06  1.00797D+07  2.53266D+03  2.93391D+03 -2.43979D+07 -2.43979D+07  1.32954D+00  4.19074D+02      6
  1.18932D+04  4.17745D+03  3.13719D+02  5.51340D-01  5.51340D-01  6.59506D+06  9.96946D+06  2.51668D+03  2.93710D+03 -2.32025D+07 -2.32025D+07  1.20199D+00  4.59988D+02      6
  1.14130D+04  4.25917D+03  2.86529D+02  4.84510D-01  4.84510D-01  6.39559D+06  9.85971D+06  2.49935D+03  2.94110D+03 -2.20140D+07 -2.20140D+07  1.08030D+00  5.09137D+02      6
  1.09328D+04  4.34845D+03  2.59392D+02  4.21077D-01  4.21077D-01  6.18653D+06  9.75035D+06  2.48044D+03  2.94607D+03 -2.08331D+07 -2.08331D+07  9.64493D-01  5.69220D+02      6
  1.04526D+04  4.44650D+03  2.32359D+02  3.61229D-01  3.61229D-01  5.96638D+06  9.64131D+06  2.45966D+03  2.95223D+03 -1.96606D+07 -1.96606D+07  8.54698D-01  6.44154D+02      6
  9.97237D+03  4.55471D+03  2.05515D+02  3.05181D-01  3.05181D-01  5.73352D+06  9.53256D+06  2.43667D+03  2.95985D+03 -1.84975D+07 -1.84975D+07  7.51128D-01  7.39773D+02      6
  9.49217D+03  4.67450D+03  1.78991D+02  2.53182D-01  2.53182D-01  5.48635D+06  9.42404D+06  2.41110D+03  2.96928D+03 -1.73447D+07 -1.73447D+07  6.54107D-01  8.65050D+02      6
  9.01197D+03  4.80725D+03  1.52978D+02  2.05512D-01  2.05512D-01  5.22352D+06  9.31573D+06  2.38253D+03  2.98098D+03 -1.62038D+07 -1.62038D+07  5.64066D-01  1.03427D+03      6
  8.53177D+03  4.95398D+03  1.27746D+02  1.62479D-01  1.62479D-01  4.94429D+06  9.20761D+06  2.35055D+03  2.99552D+03 -1.50761D+07 -1.50761D+07  4.81513D-01  1.27110D+03      5
  8.05158D+03  5.11508D+03  1.03654D+02  1.24398D-01  1.24398D-01  4.64896D+06  9.09966D+06  2.31480D+03  3.01365D+03 -1.39635D+07 -1.39635D+07  4.06974D-01  1.61658D+03      5
  7.57138D+03  5.28986D+03  8.11547D+01  9.15645D-02  9.15644D-02  4.33935D+06  8.99188D+06  2.27506D+03  3.03632D+03 -1.28677D+07 -1.28677D+07  3.40874D-01  2.14589D+03      5
  7.09118D+03  5.47636D+03  6.07685D+01  6.41977D-02  6.41977D-02  4.01898D+06  8.88424D+06  2.23127D+03  3.06474D+03 -1.17907D+07 -1.17907D+07  2.83391D-01  3.00569D+03      5
  6.61098D+03  5.67135D+03  4.30293D+01  4.23693D-02  4.23693D-02  3.69274D+06  8.77672D+06  2.18357D+03  3.10046D+03 -1.07345D+07 -1.07345D+07  2.34343D-01  4.50531D+03      5
  6.37088D+03  5.77081D+03  3.53007D+01  3.34935D-02  3.34935D-02  3.52912D+06  8.72300D+06  2.15834D+03  3.12167D+03 -1.02148D+07 -1.02148D+07  2.12816D-01  5.68942D+03      5
  6.13078D+03  5.87089D+03  2.83923D+01  2.59214D-02  2.59214D-02  3.36606D+06  8.66930D+06  2.13224D+03  3.14551D+03 -9.70106D+06 -9.70106D+06  1.93153D-01  7.36158D+03      5
  5.89068D+03  5.97110D+03  2.23303D+01  1.95871D-02  1.95871D-02  3.20417D+06  8.61562D+06  2.10529D+03  3.17235D+03 -9.19343D+06 -9.19343D+06  1.75236D-01  9.79200D+03      5
  5.65059D+03  6.07097D+03  1.71220D+01  1.44057D-02  1.44057D-02  3.04396D+06  8.56195D+06  2.07751D+03  3.20259D+03 -8.69216D+06 -8.69216D+06  1.58936D-01  1.34417D+04      5
  5.41049D+03  6.17010D+03  1.27539D+01  1.02885D-02  1.02742D-02  2.88587D+06  8.50830D+06  2.04892D+03  3.23674D+03 -8.19747D+06 -8.19747D+06  1.44118D-01  1.91299D+04      4
  5.17039D+03  6.26814D+03  9.19070D+00  7.08224D-03  7.07495D-03  2.73024D+06  8.45466D+06  2.01949D+03  3.27539D+03 -7.70959D+06 -7.70959D+06  1.30649D-01  2.83796D+04      4
  4.93029D+03  6.36479D+03  6.37525D+00  4.67962D-03  4.67962D-03  2.57732D+06  8.40102D+06  1.98921D+03  3.31923D+03 -7.22874D+06 -7.22874D+06  1.18400D-01  4.41742D+04      5
  4.69019D+03  6.45981D+03  4.23134D+00  2.95462D-03  2.95462D-03  2.42728D+06  8.34739D+06  1.95801D+03  3.36910D+03 -6.75515D+06 -6.75515D+06  1.07248D-01  7.27138D+04      5
  4.45009D+03  6.55304D+03  2.66762D+00  1.76799D-03  1.76732D-03  2.28021D+06  8.29376D+06  1.92582D+03  3.42605D+03 -6.28909D+06 -6.28909D+06  9.70779D-02  1.27790D+05      4
  4.20999D+03  6.64432D+03  1.58308D+00  9.92211D-04  9.92211D-04  2.13615D+06  8.24014D+06  1.89254D+03  3.49136D+03 -5.83082D+06 -5.83082D+06  8.77851D-02  2.42639D+05      6
  3.96989D+03  6.73358D+03  8.74526D-01  5.16959D-04  5.16859D-04  1.99507D+06  8.18652D+06  1.85804D+03  3.56660D+03 -5.38064D+06 -5.38064D+06  7.92743D-02  5.05071D+05      4
  3.72979D+03  6.82075D+03  4.43422D-01  2.46220D-04  2.46220D-04  1.85693D+06  8.13291D+06  1.82215D+03  3.65378D+03 -4.93887D+06 -4.93887D+06  7.14595D-02  1.17405D+06      6
  3.48969D+03  6.90582D+03  2.02683D-01  1.05300D-04  1.05300D-04  1.72164D+06  8.07929D+06  1.78465D+03  3.75548D+03 -4.50588D+06 -4.50588D+06  6.42642D-02  3.12039D+06      6
  3.47036D+03  6.91249D+03  1.92935D-01  1.00000D-04  1.00000D-04  1.71097D+06  8.07497D+06  1.78149D+03  3.76510D+03 -4.47177D+06 -4.47177D+06  6.37294D-02  3.65630D+06      0
  3.24959D+03  6.98876D+03  8.15878D-02  3.94707D-05  3.94707D-05  1.58909D+06  8.02567D+06  1.74530D+03  3.87504D+03 -4.08211D+06 -4.08211D+06  5.76204D-02  9.77728D+06      7
  3.00950D+03  7.06960D+03  2.80426D-02  1.25642D-05  1.25642D-05  1.45916D+06  7.97206D+06  1.70377D+03  4.01689D+03 -3.66803D+06 -3.66803D+06  5.14676D-02  3.76106D+07      7
  2.76940D+03  7.14837D+03  7.89374D-03  3.25453D-06  3.25453D-06  1.33172D+06  7.91844D+06  1.65964D+03  4.18706D+03 -3.26422D+06 -3.26422D+06  4.57526D-02  1.87611D+08      7
  2.52930D+03  7.22510D+03  1.71774D-03  6.46813D-07  6.46813D-07  1.20665D+06  7.86482D+06  1.61240D+03  4.39386D+03 -2.87137D+06 -2.87137D+06  4.04285D-02  1.30910D+09      7
  2.28920D+03  7.29983D+03  2.66185D-04  9.07167D-08  9.07167D-08  1.08380D+06  7.81121D+06  1.56138D+03  4.64919D+03 -2.49029D+06 -2.49029D+06  3.54538D-02  1.42350D+10      7
  2.04910D+03  7.37263D+03  2.60284D-05  7.94016D-09  7.94020D-09  9.63039D+05  7.75759D+06  1.50565D+03  4.97060D+03 -2.12202D+06 -2.12202D+06  3.07919D-02  2.82847D+11      7
  1.80900D+03  7.44354D+03  1.33401D-06  3.59225D-10  3.59267D-10  8.44240D+05  7.70397D+06  1.44400D+03  5.38510D+03 -1.76780D+06 -1.76780D+06  2.64108D-02  1.31164D+13      7
  1.74870D+03  7.46106D+03  5.53679D-07  1.44154D-10  1.44143D-10  8.14697D+05  7.69051D+06  1.42739D+03  5.50845D+03 -1.68123D+06 -1.68123D+06  2.53512D-02  4.09533D+13      7
  1.68840D+03  7.47846D+03  2.15341D-07  5.41245D-11  5.41280D-11  7.85267D+05  7.67704D+06  1.41026D+03  5.64122D+03 -1.59568D+06 -1.59568D+06  2.43070D-02  1.39281D+14      7
  1.62810D+03  7.49575D+03  7.79103D-08  1.88843D-11  1.88841D-11  7.55950D+05  7.66357D+06  1.39258D+03  5.78446D+03 -1.51117D+06 -1.51117D+06  2.32779D-02  1.00000+100      7
  1.56780D+03  7.51293D+03  2.60023D-08  6.09283D-12  6.06908D-12  7.26741D+05  7.65011D+06  1.37429D+03  5.93941D+03 -1.42775D+06 -1.42775D+06  2.22635D-02  1.00000+100      7
  1.50750D+03  7.52999D+03  7.92744D-09  1.75629D-12  1.77914D-12  6.97641D+05  7.63664D+06  1.35537D+03  6.10750D+03 -1.34545D+06 -1.34545D+06  2.12634D-02  1.00000+100      7
  1.44720D+03  7.54694D+03  2.18277D-09  3.84521D-13  4.70281D-13  6.68646D+05  7.62318D+06  1.33574D+03  6.29041D+03 -1.26432D+06 -1.26432D+06  2.02772D-02  1.00000+100      7
  1.38690D+03  7.56379D+03  5.35575D-10  2.44141D-14  1.10583D-13  6.39756D+05  7.60971D+06  1.31534D+03  6.49008D+03 -1.18439D+06 -1.18439D+06  1.93046D-02  1.00000+100      7
  1.32660D+03  7.58052D+03  1.15263D-10  1.67847D-14  2.27642D-14  6.10967D+05  7.59625D+06  1.29412D+03  6.70886D+03 -1.10571D+06 -1.10571D+06  1.83453D-02  1.00000+100      7
  1.26630D+03  7.59715D+03  2.13513D-11 -1.83105D-14  4.02515D-15  5.82279D+05  7.58278D+06  1.27199D+03  6.94950D+03 -1.02835D+06 -1.02835D+06  1.73988D-02  1.00000+100      7
  1.20600D+03  7.61366D+03  3.32801D-12 -4.57764D-14  5.97521D-16  5.53690D+05  7.56931D+06  1.24885D+03  7.21534D+03 -9.52342D+05 -9.52342D+05  1.64649D-02  1.00000+100      7
  1.14570D+03  7.63008D+03  4.24670D-13 -1.83105D-14  7.24341D-17  5.25197D+05  7.55585D+06  1.22462D+03  7.51041D+03 -8.77765D+05 -8.77765D+05  1.55433D-02  1.00000+100      7
  1.08540D+03  7.64638D+03  4.28993D-14  4.04358D-14  6.93204D-18  4.96799D+05  7.54238D+06  1.19915D+03  7.83965D+03 -8.04686D+05 -8.04686D+05  1.46336D-02  1.00000+100      7
  1.02510D+03  7.66258D+03  3.29129D-15 -3.96729D-14  5.02288D-19  4.68494D+05  7.52892D+06  1.17232D+03  8.20915D+03 -7.33183D+05 -7.33183D+05  1.37355D-02  1.00000+100      7
  9.64800D+02  7.67868D+03  1.82080D-16  7.62939D-16  2.61530D-20  4.40281D+05  7.51545D+06  1.14396D+03  8.62657D+03 -6.63343D+05 -6.63343D+05  1.28488D-02  1.00000+100      7
  9.04500D+02  7.69467D+03  6.80112D-18  6.40869D-14  9.15819D-22  4.12158D+05  7.50199D+06  1.11385D+03  9.10159D+03 -5.95265D+05 -5.95265D+05  1.19732D-02  1.00000+100      7
  8.44200D+02  7.71057D+03  1.57607D-19  7.62939D-14  1.98080D-23  3.84123D+05  7.48852D+06  1.08178D+03  9.64669D+03 -5.29060D+05 -5.29060D+05  1.11084D-02  1.00000+100      7
  7.83900D+02  7.72636D+03  2.02846D-21 -7.62939D-16  2.36727D-25  3.56174D+05  7.47505D+06  1.04743D+03  1.02782D+04 -4.64856D+05 -4.64856D+05  1.02541D-02  1.00000+100      7
  7.23600D+02  7.74205D+03  1.25085D-23  3.81470D-15  1.34749D-27  3.28310D+05  7.46159D+06  1.01044D+03  1.10179D+04 -4.02801D+05 -4.02801D+05  9.41013D-03  1.00000+100      7
  6.63300D+02  7.75764D+03  3.02113D-26 -6.56128D-14  2.98332D-30  3.00529D+05  7.44812D+06  9.70350D+02  1.18957D+04 -3.43066D+05 -3.43066D+05  8.57617D-03  1.00000+100      7
  6.03000D+02  7.77313D+03  2.15495D-29 -6.02722D-14  1.93453D-33  2.72830D+05  7.43466D+06  9.26567D+02  1.29531D+04 -2.85857D+05 -2.85857D+05  7.75200D-03  1.00000+100      7
  5.42700D+02  7.78852D+03  3.01851D-33  1.86920D-14  2.43878D-37  2.45211D+05  7.42119D+06  8.78308D+02  1.42507D+04 -2.31419D+05 -2.31419D+05  6.93739D-03  1.00000+100      7
  4.82400D+02  7.80382D+03  4.50021D-38 -1.29700D-14  3.23193D-42  2.17671D+05  7.40773D+06  8.24512D+02  1.58790D+04 -1.80051D+05 -1.80051D+05  6.13209D-03  1.00000+100      7
  4.22100D+02  7.81902D+03  2.72585D-44 -9.91821D-15  1.71292D-48  1.90208D+05  7.39426D+06  7.63695D+02  1.79807D+04 -1.32129D+05 -1.32129D+05  5.33590D-03  1.00000+100      7
  3.61800D+02  7.83412D+03  1.34605D-52 -8.31604D-14  7.25020D-57  1.62820D+05  7.38079D+06  6.93679D+02  2.07939D+04 -8.81384D+04 -8.81384D+04  4.54860D-03  1.00000+100      7
  3.01500D+02  7.84913D+03  3.00297D-64  5.30243D-14  1.34790D-68  1.35507D+05  7.36733D+06  6.11093D+02  2.47475D+04 -4.87273D+04 -4.87273D+04  3.76997D-03  1.00000+100      7
  2.41200D+02  7.86405D+03  9.26098D-82 -5.13077D-14  3.32549D-86  1.08266D+05  7.35386D+06  5.10286D+02  3.07007D+04 -1.48081D+04 -1.48081D+04  2.99981D-03  1.00000+100      7
  1.80900D+02  7.87887D+03  5.31942-111  8.25882D-14  1.43260-115  8.10960D+04  7.34040D+06  3.80664D+02  4.06607D+04  1.22379D+04  1.22379D+04  2.23793D-03  1.00000+100     22

 WARNING message from ANEOS package - eos number    -1

 CRITICAL TEMPERATURE IS TOO HIGH
 EOS MIGHT REQUIRE REDEFINITION



  DATA ARRAY FOR MATERIAL   1

  C( 1) = 1.055183475D+00  C(30) = 4.000000000D+00  C(59) = 2.000000000D-01
  C( 2) = 1.104408542D+00  C(31) = 1.000000000D+00  C(60) = 0.000000000D+00
  C( 3) = 2.020456058D+12  C(32) = 8.837722908D+13  C(61) = 0.000000000D+00
  C( 4) = 1.640155883D+12  C(33) = 3.438928147D+00  C(62) = 0.000000000D+00
  C( 5) = 7.751612206D+00  C(34) = 6.431430901D+13  C(63) = 1.000000000D+00
  C( 6) = 4.056007272D+00  C(35) =-1.408333755D+14  C(64) = 0.000000000D+00
  C( 7) = 1.120148315D+11  C(36) = 7.935589360D+13  C(65) = 0.000000000D+00
  C( 8) = 3.620116035D+08  C(37) = 9.254058251D+13  C(66) = 0.000000000D+00
  C( 9) =-1.031105839D+13  C(38) = 5.299905662D+13  C(67) = 0.000000000D+00
  C(10) = 7.300000000D+10  C(39) =-1.183084657D+14  C(68) = 0.000000000D+00
  C(11) = 7.850000000D+00  C(40) = 6.825177167D+13  C(69) = 0.000000000D+00
  C(12) = 2.567717075D-02  C(41) = 0.000000000D+00  C(70) = 0.000000000D+00
  C(13) = 2.295534270D-05  C(42) = 1.000000000D-01  C(71) = 1.000000000D+00
  C(14) = 4.310040867D-04  C(43) = 0.000000000D+00  C(72) = 0.000000000D+00
  C(15) = 1.750000000D+00  C(44) = 0.000000000D+00  C(73) = 2.638448938D+00
  C(16) =-4.056959714D-02  C(45) = 0.000000000D+00  C(74) = 1.999555458D+00
  C(17) = 4.140127389D-01  C(46) = 0.000000000D+00  C(75) = 6.538097387D-01
  C(18) = 1.558724896D-01  C(47) = 7.443537988D+00  C(76) = 0.000000000D+00
  C(19) = 7.922792762D+00  C(48) = 0.000000000D+00  C(77) = 9.020405408D-01
  C(20) = 0.000000000D+00  C(49) = 0.000000000D+00  C(78) = 4.225059975D+00
  C(21) = 1.930000000D+12  C(50) = 0.000000000D+00  C(79) = 6.953120297-310
  C(22) = 0.000000000D+00  C(51) = 0.000000000D+00  C(80) = 0.000000000D+00
  C(23) = 6.280000000D+00  C(52) = 0.000000000D+00  C(81) = 0.000000000D+00
  C(24) = 6.666666667D-01  C(53) = 0.000000000D+00  C(82) = 0.000000000D+00
  C(25) = 2.500000000D-02  C(54) = 0.000000000D+00  C(83) = 0.000000000D+00
  C(26) = 2.600000000D+01  C(55) = 9.999990000D-01  C(84) = 0.000000000D+00
  C(27) = 1.078471056D+22  C(56) = 1.000000000D-06  C(85) = 0.000000000D+00
  C(28) = 1.000000000D+00  C(57) = 3.000000000D-01  C(86) = 0.000000000D+00
  C(29) = 5.584900000D+01  C(58) = 1.000000000D-01  C(87) = 2.414786867-314

  LOCKP( 1)=   1    LOCKPL( 1)=  99  (two-phase array storage data)


   ZERO-TEMPERATURE ISOTHERM

        RHO          P         DPDR          E          ETA          GIBBS
      kg/m**3       GPa	    (m/sec)**2     J/kg                     J/kg

    7.8500D+03 -1.8228D+00  2.4584D+07  1.0818D+03  9.9081D-01 -2.3112D+05
    7.8860D+03 -9.2965D-01  2.5037D+07  2.8019D+02  9.9536D-01 -1.1761D+05
    7.9220D+03 -2.0142D-02  2.5492D+07  5.3110D+00  9.9990D-01 -2.5372D+03
    7.9580D+03  8.9770D-01  2.5491D+07  2.5548D+02  1.0044D+00  1.1306D+05
    7.9940D+03  1.8153D+00  2.5488D+07  1.0227D+03  1.0090D+00  2.2810D+05
    8.0300D+03  2.7329D+00  2.5494D+07  2.2977D+03  1.0135D+00  3.4264D+05
    8.0660D+03  3.6510D+00  2.5509D+07  4.0714D+03  1.0181D+00  4.5671D+05
    8.1020D+03  4.5697D+00  2.5533D+07  6.3352D+03  1.0226D+00  5.7036D+05
    8.1380D+03  5.4894D+00  2.5565D+07  9.0810D+03  1.0272D+00  6.8362D+05
    8.1740D+03  6.4105D+00  2.5606D+07  1.2301D+04  1.0317D+00  7.9655D+05
    8.2100D+03  7.3331D+00  2.5655D+07  1.5986D+04  1.0363D+00  9.0918D+05
    8.2460D+03  8.2577D+00  2.5712D+07  2.0131D+04  1.0408D+00  1.0216D+06
    8.2820D+03  9.1845D+00  2.5778D+07  2.4728D+04  1.0453D+00  1.1337D+06
    8.3180D+03  1.0114D+01  2.5851D+07  2.9770D+04  1.0499D+00  1.2457D+06
    8.3540D+03  1.1046D+01  2.5933D+07  3.5251D+04  1.0544D+00  1.3575D+06
    8.3900D+03  1.1202D+01  4.3050D-01  4.0997D+04  1.0590D+00  1.3761D+06
    8.4260D+03  1.1202D+01  4.5630D-01  4.6702D+04  1.0635D+00  1.3761D+06
    8.4620D+03  1.1202D+01  4.8176D-01  5.2357D+04  1.0681D+00  1.3761D+06
    8.4980D+03  1.1202D+01  5.0691D-01  5.7965D+04  1.0726D+00  1.3761D+06
    8.5340D+03  1.1202D+01  5.3173D-01  6.3525D+04  1.0771D+00  1.3761D+06
    8.5700D+03  1.1202D+01  5.5624D-01  6.9039D+04  1.0817D+00  1.3761D+06
    8.6060D+03  1.1202D+01  5.8045D-01  7.4507D+04  1.0862D+00  1.3761D+06
    8.6420D+03  1.1202D+01  6.0435D-01  7.9929D+04  1.0908D+00  1.3761D+06
    8.6780D+03  1.1202D+01  6.2796D-01  8.5306D+04  1.0953D+00  1.3761D+06
    8.7140D+03  1.1202D+01  6.5128D-01  9.0638D+04  1.0999D+00  1.3761D+06
    8.7500D+03  1.1202D+01  6.7430D-01  9.5927D+04  1.1044D+00  1.3761D+06
    8.7860D+03  1.2252D+01  2.9320D+07  1.0142D+05  1.1090D+00  1.4959D+06
    8.8220D+03  1.3313D+01  2.9616D+07  1.0735D+05  1.1135D+00  1.6164D+06
    8.8580D+03  1.4384D+01  2.9917D+07  1.1373D+05  1.1180D+00  1.7376D+06
    8.8940D+03  1.5467D+01  3.0225D+07  1.2055D+05  1.1226D+00  1.8596D+06
    8.9300D+03  1.6560D+01  3.0538D+07  1.2781D+05  1.1271D+00  1.9823D+06
    8.9660D+03  1.7666D+01  3.0857D+07  1.3550D+05  1.1317D+00  2.1058D+06
    9.0020D+03  1.8782D+01  3.1181D+07  1.4363D+05  1.1362D+00  2.2301D+06
    9.0380D+03  1.9911D+01  3.1511D+07  1.5219D+05  1.1408D+00  2.3552D+06
    9.0740D+03  2.1051D+01  3.1847D+07  1.6118D+05  1.1453D+00  2.4811D+06
    9.1100D+03  2.2204D+01  3.2188D+07  1.7060D+05  1.1498D+00  2.6079D+06
    9.1460D+03  2.3369D+01  3.2535D+07  1.8044D+05  1.1544D+00  2.7355D+06
    9.1820D+03  2.4546D+01  3.2887D+07  1.9071D+05  1.1589D+00  2.8640D+06
    9.2180D+03  2.5737D+01  3.3244D+07  2.0141D+05  1.1635D+00  2.9934D+06
    9.2540D+03  2.6940D+01  3.3607D+07  2.1252D+05  1.1680D+00  3.1237D+06
    9.2900D+03  2.8156D+01  3.3974D+07  2.2405D+05  1.1726D+00  3.2549D+06
    9.3260D+03  2.9386D+01  3.4347D+07  2.3601D+05  1.1771D+00  3.3870D+06
    9.3620D+03  3.0629D+01  3.4725D+07  2.4838D+05  1.1817D+00  3.5201D+06
    9.3980D+03  3.1886D+01  3.5108D+07  2.6117D+05  1.1862D+00  3.6541D+06
    9.4340D+03  3.3157D+01  3.5496D+07  2.7437D+05  1.1907D+00  3.7890D+06
    9.4700D+03  3.4442D+01  3.5889D+07  2.8799D+05  1.1953D+00  3.9250D+06
    9.5060D+03  3.5741D+01  3.6287D+07  3.0203D+05  1.1998D+00  4.0619D+06
    9.5420D+03  3.7055D+01  3.6690D+07  3.1647D+05  1.2044D+00  4.1998D+06
    9.5780D+03  3.8383D+01  3.7098D+07  3.3133D+05  1.2089D+00  4.3388D+06
    9.6140D+03  3.9726D+01  3.7510D+07  3.4660D+05  1.2135D+00  4.4787D+06


   ZERO-TEMPERATURE ISOTHERM

        RHO          P         DPDR          E          ETA       GAMMA      T(PSI=1)     THETA       GIBBS
      kg/m**3       GPa	    (m/sec)**2     J/kg                                K           K          J/kg

    7.8500D+04  7.0089D+04  2.1240D+09  5.2343D+08  1.0000D+01  7.1500D-01  1.5209D+06  2.7255D+03  1.4163D+09
    7.1593D+04  5.6201D+04  1.8973D+09  4.4624D+08  9.1201D+00  7.2037D-01  1.4170D+06  2.5512D+03  1.2313D+09
    6.5293D+04  4.4900D+04  1.6905D+09  3.7850D+08  8.3176D+00  7.2640D-01  1.3188D+06  2.3868D+03  1.0662D+09
    5.9548D+04  3.5729D+04  1.5021D+09  3.1927D+08  7.5858D+00  7.3318D-01  1.2259D+06  2.2317D+03  9.1928D+08
    5.4309D+04  2.8309D+04  1.3305D+09  2.6770D+08  6.9183D+00  7.4082D-01  1.1381D+06  2.0852D+03  7.8896D+08
    4.9530D+04  2.2323D+04  1.1747D+09  2.2300D+08  6.3096D+00  7.4945D-01  1.0549D+06  1.9469D+03  6.7371D+08
    4.5172D+04  1.7513D+04  1.0333D+09  1.8445D+08  5.7544D+00  7.5921D-01  9.7624D+05  1.8163D+03  5.7214D+08
    4.1197D+04  1.3660D+04  9.0527D+08  1.5138D+08  5.2481D+00  7.7027D-01  9.0168D+05  1.6928D+03  4.8296D+08
    3.7572D+04  1.0589D+04  7.8961D+08  1.2318D+08  4.7863D+00  7.8282D-01  8.3101D+05  1.5759D+03  4.0500D+08
    3.4266D+04  8.1511D+03  6.8534D+08  9.9285D+07  4.3652D+00  7.9711D-01  7.6399D+05  1.4654D+03  3.3716D+08
    3.1251D+04  6.2265D+03  5.9158D+08  7.9194D+07  3.9811D+00  8.1339D-01  7.0041D+05  1.3606D+03  2.7843D+08
    2.8502D+04  4.7157D+03  5.0753D+08  6.2435D+07  3.6308D+00  8.3200D-01  6.4006D+05  1.2614D+03  2.2789D+08
    2.5994D+04  3.5374D+03  4.3242D+08  4.8581D+07  3.3113D+00  8.5330D-01  5.8276D+05  1.1672D+03  1.8467D+08
    2.3707D+04  2.6252D+03  3.6557D+08  3.7244D+07  3.0200D+00  8.7774D-01  5.2837D+05  1.0778D+03  1.4798D+08
    2.1621D+04  1.9247D+03  3.0634D+08  2.8071D+07  2.7542D+00  9.0583D-01  4.7675D+05  9.9284D+02  1.1709D+08
    1.9718D+04  1.3919D+03  2.5415D+08  2.0744D+07  2.5119D+00  9.3820D-01  4.2779D+05  9.1204D+02  9.1333D+07
    1.7983D+04  9.9086D+02  2.0847D+08  1.4978D+07  2.2909D+00  9.7558D-01  3.8140D+05  8.3513D+02  7.0076D+07
    1.6401D+04  6.9264D+02  1.6882D+08  1.0514D+07  2.0893D+00  1.0188D+00  3.3753D+05  7.6188D+02  5.2746D+07
    1.4958D+04  4.7388D+02  1.3474D+08  7.1272D+06  1.9055D+00  1.0690D+00  2.9615D+05  6.9208D+02  3.8808D+07
    1.3642D+04  3.1581D+02  1.0585D+08  4.6165D+06  1.7378D+00  1.1272D+00  2.5727D+05  6.2555D+02  2.7767D+07
    1.2441D+04  2.0345D+02  8.1783D+07  2.8095D+06  1.5849D+00  1.1950D+00  2.2093D+05  5.6215D+02  1.9162D+07
    1.1347D+04  1.2485D+02  6.2226D+07  1.5598D+06  1.4454D+00  1.2740D+00  1.8717D+05  5.0178D+02  1.2563D+07
    1.0348D+04  7.0606D+01  4.6894D+07  7.4673D+05  1.3183D+00  1.3664D+00  1.5609D+05  4.4438D+02  7.5696D+06
    9.4378D+03  3.3291D+01  3.5537D+07  2.7578D+05  1.2023D+00  1.4745D+00  1.2780D+05  3.8994D+02  3.8032D+06
    8.6073D+03  1.1202D+01  5.8135D-01  7.4710D+04  1.0965D+00  1.6012D+00  1.0240D+05  3.3849D+02  1.3761D+06
    7.8500D+03 -1.8230D+00  2.4584D+07  1.0820D+03  1.0000D+00  1.7500D+00  7.9999D+04  2.9014D+02 -2.3115D+05
    7.1593D+03 -1.5901D+01  1.6318D+07  1.1850D+05  9.1201D-01  1.8846D+00  6.0817D+04  2.4533D+02 -2.1026D+06
    6.5293D+03 -2.4010D+01  9.5582D+06  3.9387D+05  8.3176D-01  1.9737D+00  4.5299D+04  2.0533D+02 -3.2833D+06
    5.9548D+03 -2.7906D+01  4.1328D+06  7.8215D+05  7.5858D-01  2.0268D+00  3.3307D+04  1.7074D+02 -3.9042D+06
    5.4309D+03 -2.8927D+01 -1.2230D+05  1.2458D+06  6.9183D-01  2.0519D+00  2.4316D+04  1.4147D+02 -4.0805D+06
    4.9530D+03 -2.8068D+01 -3.3642D+06  1.7541D+06  6.3096D-01  2.0553D+00  1.7707D+04  1.1708D+02 -3.9128D+06
    4.5172D+03 -2.6063D+01 -5.7404D+06  2.2824D+06  5.7544D-01  2.0424D+00  1.2906D+04  9.6932D+01 -3.4874D+06
    4.1197D+03 -2.3437D+01 -7.3882D+06  2.8113D+06  5.2481D-01  2.0171D+00  9.4411D+03  8.0398D+01 -2.8777D+06
    3.7572D+03 -2.0556D+01 -8.4329D+06  3.3262D+06  4.7863D-01  1.9828D+00  6.9445D+03  6.6868D+01 -2.1449D+06
    3.4266D+03 -1.7666D+01 -8.9881D+06  3.8161D+06  4.3652D-01  1.9423D+00  5.1436D+03  5.5809D+01 -1.3393D+06
    3.1251D+03 -1.4923D+01 -9.1546D+06  4.2739D+06  3.9811D-01  1.8976D+00  3.8399D+03  4.6762D+01 -5.0119D+05
    2.8502D+03 -1.2417D+01 -9.0210D+06  4.6946D+06  3.6308D-01  1.8504D+00  2.8910D+03  3.9348D+01  3.3782D+05
    2.5994D+03 -1.0195D+01 -8.6640D+06  5.0759D+06  3.3113D-01  1.8021D+00  2.1959D+03  3.3256D+01  1.1537D+06
    2.3707D+03 -8.2693D+00 -8.1485D+06  5.4171D+06  3.0199D-01  1.7535D+00  1.6829D+03  2.8233D+01  1.9289D+06
    2.1621D+03 -6.6318D+00 -7.5288D+06  5.7189D+06  2.7542D-01  1.7055D+00  1.3013D+03  2.4076D+01  2.6515D+06
    1.9718D+03 -5.2626D+00 -6.8492D+06  5.9828D+06  2.5119D-01  1.6586D+00  1.0150D+03  2.0621D+01  3.3140D+06
    1.7983D+03 -4.1342D+00 -6.1453D+06  6.2114D+06  2.2909D-01  1.6133D+00  7.9852D+02  1.7737D+01  3.9125D+06
    1.6401D+03 -3.2166D+00 -5.4446D+06  6.4073D+06  2.0893D-01  1.5699D+00  6.3334D+02  1.5319D+01  4.4461D+06
    1.4958D+03 -2.4794D+00 -4.7675D+06  6.5737D+06  1.9055D-01  1.5285D+00  5.0627D+02  1.3282D+01  4.9161D+06
    1.3642D+03 -1.8938D+00 -4.1289D+06  6.7137D+06  1.7378D-01  1.4893D+00  4.0771D+02  1.1559D+01  5.3255D+06
    1.2441D+03 -1.4336D+00 -3.5385D+06  6.8304D+06  1.5849D-01  1.4523D+00  3.3065D+02  1.0094D+01  5.6782D+06
    1.1347D+03 -1.0756D+00 -3.0020D+06  6.9269D+06  1.4454D-01  1.4175D+00  2.6993D+02  8.8449D+00  5.9789D+06
    1.0348D+03 -7.9998D-01 -2.5220D+06  7.0060D+06  1.3183D-01  1.3850D+00  2.2174D+02  7.7741D+00  6.2329D+06
    9.4378D+02 -5.8976D-01 -2.0984D+06  7.0701D+06  1.2023D-01  1.3546D+00  1.8320D+02  6.8528D+00  6.4453D+06
    8.6073D+02 -4.3095D-01 -1.7295D+06  7.1218D+06  1.0965D-01  1.3263D+00  1.5219D+02  6.0570D+00  6.6211D+06
    7.8500D+02 -3.1211D-01 -1.4121D+06  7.1630D+06  1.0000D-01  1.3000D+00  1.2706D+02  5.3671D+00  6.7654D+06
    7.1593D+02 -2.2402D-01 -1.1421D+06  7.1956D+06  9.1201D-02  1.2756D+00  1.0658D+02  4.7668D+00  6.8827D+06
    6.5293D+02 -1.5933D-01 -9.1507D+05  7.2211D+06  8.3176D-02  1.2530D+00  8.9783D+01  4.2429D+00  6.9771D+06
    5.9548D+02 -1.1227D-01 -7.2621D+05  7.2410D+06  7.5858D-02  1.2322D+00  7.5939D+01  3.7841D+00  7.0524D+06
    5.4309D+02 -7.8365D-02 -5.7080D+05  7.2562D+06  6.9183D-02  1.2129D+00  6.4467D+01  3.3812D+00  7.1119D+06
    4.9530D+02 -5.4172D-02 -4.4427D+05  7.2678D+06  6.3096D-02  1.1951D+00  5.4916D+01  3.0263D+00  7.1585D+06
    4.5172D+02 -3.7079D-02 -3.4236D+05  7.2766D+06  5.7544D-02  1.1787D+00  4.6927D+01  2.7130D+00  7.1945D+06
    4.1197D+02 -2.5123D-02 -2.6116D+05  7.2832D+06  5.2481D-02  1.1637D+00  4.0216D+01  2.4356D+00  7.2222D+06
    3.7572D+02 -1.6845D-02 -1.9715D+05  7.2880D+06  4.7863D-02  1.1498D+00  3.4557D+01  2.1894D+00  7.2432D+06
    3.4266D+02 -1.1175D-02 -1.4725D+05  7.2915D+06  4.3651D-02  1.1371D+00  2.9767D+01  1.9706D+00  7.2589D+06
    3.1251D+02 -7.3320D-03 -1.0878D+05  7.2941D+06  3.9811D-02  1.1254D+00  2.5698D+01  1.7756D+00  7.2706D+06
    2.8502D+02 -4.7564D-03 -7.9459D+04  7.2959D+06  3.6308D-02  1.1147D+00  2.2231D+01  1.6016D+00  7.2792D+06
    2.5994D+02 -3.0497D-03 -5.7375D+04  7.2972D+06  3.3113D-02  1.1049D+00  1.9269D+01  1.4460D+00  7.2855D+06
    2.3707D+02 -1.9320D-03 -4.0937D+04  7.2981D+06  3.0199D-02  1.0959D+00  1.6730D+01  1.3066D+00  7.2900D+06
    2.1621D+02 -1.2087D-03 -2.8852D+04  7.2988D+06  2.7542D-02  1.0876D+00  1.4549D+01  1.1816D+00  7.2932D+06
    1.9718D+02 -7.4658D-04 -2.0079D+04  7.2992D+06  2.5119D-02  1.0801D+00  1.2671D+01  1.0694D+00  7.2954D+06
    1.7983D+02 -4.5500D-04 -1.3792D+04  7.2995D+06  2.2909D-02  1.0731D+00  1.1049D+01  9.6843D-01  7.2969D+06
    1.6401D+02 -2.7347D-04 -9.3465D+03  7.2997D+06  2.0893D-02  1.0668D+00  9.6474D+00  8.7755D-01  7.2980D+06
    1.4958D+02 -1.6199D-04 -6.2462D+03  7.2998D+06  1.9055D-02  1.0610D+00  8.4327D+00  7.9564D-01  7.2987D+06
    1.3642D+02 -9.4483D-05 -4.1145D+03  7.2999D+06  1.7378D-02  1.0557D+00  7.3785D+00  7.2174D-01  7.2992D+06
    1.2441D+02 -5.4205D-05 -2.6700D+03  7.2999D+06  1.5849D-02  1.0509D+00  6.4621D+00  6.5502D-01  7.2995D+06
    1.1347D+02 -3.0535D-05 -1.7057D+03  7.3000D+06  1.4454D-02  1.0465D+00  5.6643D+00  5.9471D-01  7.2997D+06
    1.0348D+02 -1.6845D-05 -1.0720D+03  7.3000D+06  1.3183D-02  1.0424D+00  4.9689D+00  5.4017D-01  7.2998D+06
    9.4377D+01 -9.0598D-06 -6.6209D+02  7.3000D+06  1.2023D-02  1.0387D+00  4.3620D+00  4.9081D-01  7.2999D+06
    8.6073D+01 -4.7108D-06 -4.0130D+02  7.3000D+06  1.0965D-02  1.0353D+00  3.8317D+00  4.4610D-01  7.2999D+06
    7.8500D+01 -2.3289D-06 -2.3817D+02  7.3000D+06  1.0000D-02  1.0322D+00  3.3679D+00  4.0558D-01  7.3000D+06
    7.1593D+01 -1.0533D-06 -1.3791D+02  7.3000D+06  9.1201D-03  1.0294D+00  2.9618D+00  3.6885D-01  7.3000D+06
    6.5293D+01 -3.8855D-07 -7.7390D+01  7.3000D+06  8.3176D-03  1.0269D+00  2.6060D+00  3.3552D-01  7.3000D+06
    5.9548D+01 -5.4470D-08 -4.1537D+01  7.3000D+06  7.5858D-03  1.0245D+00  2.2940D+00  3.0528D-01  7.3000D+06
    5.4309D+01  1.0441D-07 -2.0704D+01  7.3000D+06  6.9183D-03  1.0224D+00  2.0201D+00  2.7782D-01  7.3000D+06
    4.9530D+01  1.7273D-07 -8.8372D+00  7.3000D+06  6.3096D-03  1.0204D+00  1.7797D+00  2.5287D-01  7.3000D+06
    4.5172D+01  1.9562D-07 -2.2176D+00  7.3000D+06  5.7544D-03  1.0186D+00  1.5684D+00  2.3021D-01  7.3000D+06
    4.1197D+01  1.9663D-07  1.3958D+00  7.3000D+06  5.2481D-03  1.0170D+00  1.3826D+00  2.0961D-01  7.3000D+06
    3.7572D+01  1.8776D-07  3.3234D+00  7.3000D+06  4.7863D-03  1.0155D+00  1.2192D+00  1.9088D-01  7.3000D+06
    3.4266D+01  1.7495D-07  4.3268D+00  7.3000D+06  4.3651D-03  1.0141D+00  1.0753D+00  1.7385D-01  7.3000D+06
    3.1251D+01  1.6107D-07  4.8350D+00  7.3000D+06  3.9811D-03  1.0129D+00  9.4869D-01  1.5835D-01  7.3000D+06
    2.8502D+01  1.4739D-07  5.0844D+00  7.3000D+06  3.6308D-03  1.0118D+00  8.3716D-01  1.4426D-01  7.3000D+06
    2.5994D+01  1.3448D-07  5.2020D+00  7.3000D+06  3.3113D-03  1.0107D+00  7.3888D-01  1.3143D-01  7.3000D+06
    2.3707D+01  1.2251D-07  5.2543D+00  7.3000D+06  3.0199D-03  1.0098D+00  6.5226D-01  1.1975D-01  7.3000D+06
    2.1621D+01  1.1153D-07  5.2754D+00  7.3000D+06  2.7542D-03  1.0089D+00  5.7589D-01  1.0912D-01  7.3000D+06
    1.9718D+01  1.0148D-07  5.2823D+00  7.3000D+06  2.5119D-03  1.0081D+00  5.0854D-01  9.9440D-02  7.3000D+06
    1.7983D+01  9.2317D-08  5.2831D+00  7.3000D+06  2.2909D-03  1.0074D+00  4.4912D-01  9.0625D-02  7.3000D+06
    1.6401D+01  8.3959D-08  5.2816D+00  7.3000D+06  2.0893D-03  1.0068D+00  3.9670D-01  8.2597D-02  7.3000D+06
    1.4958D+01  7.6338D-08  5.2796D+00  7.3000D+06  1.9055D-03  1.0062D+00  3.5044D-01  7.5285D-02  7.3000D+06
    1.3642D+01  6.9391D-08  5.2778D+00  7.3000D+06  1.7378D-03  1.0056D+00  3.0960D-01  6.8623D-02  7.3000D+06
    1.2441D+01  6.3056D-08  5.2764D+00  7.3000D+06  1.5849D-03  1.0051D+00  2.7355D-01  6.2554D-02  7.3000D+06
    1.1347D+01  5.7281D-08  5.2757D+00  7.3000D+06  1.4454D-03  1.0047D+00  2.4172D-01  5.7024D-02  7.3000D+06
    1.0348D+01  5.2014D-08  5.2754D+00  7.3000D+06  1.3183D-03  1.0043D+00  2.1361D-01  5.1985D-02  7.3000D+06
    9.4377D+00  4.7210D-08  5.2757D+00  7.3000D+06  1.2023D-03  1.0039D+00  1.8878D-01  4.7393D-02  7.3000D+06
    8.6073D+00  4.2829D-08  5.2763D+00  7.3000D+06  1.0965D-03  1.0036D+00  1.6685D-01  4.3208D-02  7.3000D+06
    7.8500D+00  3.8833D-08  5.2771D+00  7.3000D+06  1.0000D-03  1.0032D+00  1.4748D-01  3.9394D-02  7.3000D+06


   HUGONIOT

      RHO          T           P          PC           E           S           V           U       RHO/RHOO  #IT  STATE
    kg/m**3        K          GPa        GPa          J/kg      J/kg-K       km/sec      km/sec

  7.8500D+03  2.9800D+02  3.8109D-13 -1.8228D+00  1.3392D+05  6.0581D+02  4.9990D+00  0.0000D+00  1.0000D+00  0  INITIAL
  7.9064D+03  3.0175D+02  1.4301D+00 -4.1573D-01  1.3457D+05  6.0583D+02  5.0526D+00  3.6056D-02  1.0072D+00  2  1 PHASE
  7.9497D+03  3.0465D+02  2.5498D+00  6.8616D-01  1.3596D+05  6.0589D+02  5.0892D+00  6.3826D-02  1.0127D+00  2  1 PHASE
  7.9927D+03  3.0755D+02  3.6636D+00  1.7821D+00  1.3809D+05  6.0598D+02  5.1128D+00  9.1281D-02  1.0182D+00  2  1 PHASE
  8.0353D+03  3.1045D+02  4.7674D+00  2.8679D+00  1.4093D+05  6.0611D+02  5.1319D+00  1.1834D-01  1.0236D+00  2  1 PHASE
  8.0774D+03  3.1335D+02  5.8582D+00  3.9406D+00  1.4443D+05  6.0629D+02  5.1491D+00  1.4493D-01  1.0290D+00  2  1 PHASE
  8.1187D+03  3.1625D+02  6.9329D+00  4.9974D+00  1.4854D+05  6.0654D+02  5.1653D+00  1.7098D-01  1.0342D+00  2  1 PHASE
  8.1594D+03  3.1916D+02  7.9891D+00  6.0355D+00  1.5322D+05  6.0687D+02  5.1810D+00  1.9643D-01  1.0394D+00  2  1 PHASE
  8.1991D+03  3.2206D+02  9.0245D+00  7.0528D+00  1.5840D+05  6.0727D+02  5.1964D+00  2.2123D-01  1.0445D+00  2  1 PHASE
  8.2378D+03  3.2496D+02  1.0037D+01  8.0474D+00  1.6402D+05  6.0776D+02  5.2115D+00  2.4535D-01  1.0494D+00  2  1 PHASE
  8.2755D+03  3.2786D+02  1.1026D+01  9.0179D+00  1.7004D+05  6.0834D+02  5.2264D+00  2.6875D-01  1.0542D+00  2  1 PHASE
  8.3122D+03  3.3076D+02  1.1989D+01  9.9634D+00  1.7639D+05  6.0900D+02  5.2410D+00  2.9142D-01  1.0589D+00  2  1 PHASE
  9.0398D+03  3.7718D+02  2.2292D+01  1.9967D+01  3.2080D+05  6.0814D+02  4.6450D+00  6.1136D-01  1.1516D+00  4  1 PHASE
  9.1105D+03  4.0620D+02  2.4728D+01  2.2221D+01  3.5184D+05  6.3584D+02  4.7715D+00  6.6018D-01  1.1606D+00  3  1 PHASE
  9.1772D+03  4.3521D+02  2.7077D+01  2.4390D+01  3.8335D+05  6.6164D+02  4.8837D+00  7.0629D-01  1.1691D+00  3  1 PHASE
  9.2402D+03  4.6423D+02  2.9346D+01  2.6478D+01  4.1515D+05  6.8578D+02  4.9847D+00  7.4997D-01  1.1771D+00  3  1 PHASE
  9.3565D+03  5.2225D+02  3.3670D+01  3.0438D+01  4.7922D+05  7.2989D+02  5.1613D+00  8.3102D-01  1.1919D+00  3  1 PHASE
  9.4617D+03  5.8028D+02  3.7741D+01  3.4146D+01  5.4341D+05  7.6941D+02  5.3127D+00  9.0498D-01  1.2053D+00  3  1 PHASE
  9.5578D+03  6.3831D+02  4.1597D+01  3.7638D+01  6.0735D+05  8.0522D+02  5.4457D+00  9.7306D-01  1.2176D+00  3  1 PHASE
  9.6463D+03  6.9634D+02  4.5267D+01  4.0942D+01  6.7082D+05  8.3796D+02  5.5648D+00  1.0362D+00  1.2288D+00  3  1 PHASE
  9.8045D+03  8.1239D+02  5.2141D+01  4.7085D+01  7.9598D+05  8.9607D+02  5.7723D+00  1.1507D+00  1.2490D+00  3  1 PHASE
  9.9433D+03  9.2845D+02  5.8512D+01  5.2723D+01  9.1851D+05  9.4653D+02  5.9503D+00  1.2527D+00  1.2667D+00  3  1 PHASE
  1.0067D+04  1.0445D+03  6.4483D+01  5.7957D+01  1.0384D+06  9.9110D+02  6.1073D+00  1.3450D+00  1.2824D+00  3  1 PHASE
  1.0179D+04  1.1606D+03  7.0126D+01  6.2864D+01  1.1559D+06  1.0310D+03  6.2485D+00  1.4297D+00  1.2967D+00  3  1 PHASE
  1.0376D+04  1.3927D+03  8.0636D+01  7.1895D+01  1.3842D+06  1.1002D+03  6.4960D+00  1.5813D+00  1.3217D+00  3  1 PHASE
  1.0545D+04  1.6248D+03  9.0345D+01  8.0119D+01  1.6047D+06  1.1587D+03  6.7103D+00  1.7151D+00  1.3434D+00  3  1 PHASE
  1.0695D+04  1.8569D+03  9.9438D+01  8.7724D+01  1.8188D+06  1.2095D+03  6.9006D+00  1.8357D+00  1.3624D+00  3  1 PHASE
  1.0829D+04  2.0890D+03  1.0804D+02  9.4835D+01  2.0272D+06  1.2542D+03  7.0729D+00  1.9459D+00  1.3795D+00  3  1 PHASE
  1.0952D+04  2.3211D+03  1.1625D+02  1.0154D+02  2.2308D+06  1.2942D+03  7.2310D+00  2.0479D+00  1.3951D+00  3  1 PHASE
  1.1217D+04  2.9014D+03  1.3539D+02  1.1693D+02  2.7225D+06  1.3789D+03  7.5800D+00  2.2753D+00  1.4289D+00  3  1 PHASE
  1.1441D+04  3.4817D+03  1.5306D+02  1.3083D+02  3.1941D+06  1.4480D+03  7.8813D+00  2.4739D+00  1.4575D+00  3  1 PHASE
  1.1637D+04  4.0620D+03  1.6964D+02  1.4362D+02  3.6501D+06  1.5062D+03  8.1491D+00  2.6519D+00  1.4824D+00  3  1 PHASE
  1.1811D+04  4.6423D+03  1.8537D+02  1.5555D+02  4.0934D+06  1.5566D+03  8.3915D+00  2.8140D+00  1.5045D+00  3  1 PHASE
  1.1967D+04  5.2225D+03  2.0042D+02  1.6678D+02  4.5259D+06  1.6010D+03  8.6142D+00  2.9638D+00  1.5245D+00  3  1 PHASE
  1.2111D+04  5.8028D+03  2.1489D+02  1.7744D+02  4.9493D+06  1.6406D+03  8.8208D+00  3.1034D+00  1.5428D+00  3  1 PHASE
  1.2243D+04  6.3831D+03  2.2887D+02  1.8760D+02  5.3648D+06  1.6764D+03  9.0141D+00  3.2345D+00  1.5596D+00  3  1 PHASE
  1.2366D+04  6.9634D+03  2.4244D+02  1.9733D+02  5.7732D+06  1.7090D+03  9.1962D+00  3.3584D+00  1.5753D+00  3  1 PHASE
  1.2481D+04  7.5437D+03  2.5564D+02  2.0668D+02  6.1754D+06  1.7389D+03  9.3686D+00  3.4761D+00  1.5899D+00  3  1 PHASE
  1.2589D+04  8.1239D+03  2.6852D+02  2.1571D+02  6.5720D+06  1.7665D+03  9.5325D+00  3.5883D+00  1.6037D+00  3  1 PHASE
  1.2691D+04  8.7042D+03  2.8110D+02  2.2444D+02  6.9635D+06  1.7922D+03  9.6890D+00  3.6958D+00  1.6167D+00  3  1 PHASE
  1.2788D+04  9.2845D+03  2.9342D+02  2.3290D+02  7.3503D+06  1.8162D+03  9.8390D+00  3.7990D+00  1.6290D+00  3  1 PHASE
  1.2880D+04  9.8648D+03  3.0551D+02  2.4113D+02  7.7328D+06  1.8387D+03  9.9830D+00  3.8984D+00  1.6407D+00  3  1 PHASE
  1.2967D+04  1.0445D+04  3.1737D+02  2.4912D+02  8.1113D+06  1.8598D+03  1.0122D+01  3.9943D+00  1.6519D+00  3  1 PHASE
  1.3051D+04  1.1025D+04  3.2904D+02  2.5692D+02  8.4861D+06  1.8798D+03  1.0256D+01  4.0871D+00  1.6626D+00  3  1 PHASE
  1.3132D+04  1.1606D+04  3.4052D+02  2.6453D+02  8.8576D+06  1.8988D+03  1.0385D+01  4.1770D+00  1.6728D+00  3  1 PHASE
  1.3284D+04  1.2766D+04  3.6299D+02  2.7924D+02  9.5912D+06  1.9339D+03  1.0632D+01  4.3491D+00  1.6922D+00  3  1 PHASE
  1.3425D+04  1.3927D+04  3.8487D+02  2.9336D+02  1.0314D+07  1.9658D+03  1.0866D+01  4.5122D+00  1.7102D+00  3  1 PHASE
  1.3557D+04  1.5087D+04  4.0624D+02  3.0695D+02  1.1027D+07  1.9952D+03  1.1087D+01  4.6675D+00  1.7270D+00  3  1 PHASE
  1.3682D+04  1.6248D+04  4.2716D+02  3.2009D+02  1.1731D+07  2.0223D+03  1.1299D+01  4.8161D+00  1.7429D+00  3  1 PHASE
  1.3800D+04  1.7408D+04  4.4770D+02  3.3283D+02  1.2429D+07  2.0475D+03  1.1501D+01  4.9588D+00  1.7580D+00  3  1 PHASE
  1.4019D+04  1.9730D+04  4.8777D+02  3.5729D+02  1.3806D+07  2.0932D+03  1.1883D+01  5.2291D+00  1.7859D+00  3  1 PHASE
  1.4316D+04  2.3211D+04  5.4595D+02  3.9199D+02  1.5839D+07  2.1525D+03  1.2409D+01  5.6046D+00  1.8236D+00  3  1 PHASE
  1.4749D+04  2.9014D+04  6.3958D+02  4.4621D+02  1.9189D+07  2.2347D+03  1.3198D+01  6.1734D+00  1.8788D+00  3  1 PHASE
  1.5133D+04  3.4817D+04  7.3106D+02  4.9779D+02  2.2543D+07  2.3031D+03  1.3911D+01  6.6947D+00  1.9277D+00  3  1 PHASE
  1.5814D+04  4.6423D+04  9.1310D+02  5.9773D+02  2.9423D+07  2.4157D+03  1.5198D+01  7.6537D+00  2.0145D+00  3  1 PHASE
  1.6428D+04  5.8028D+04  1.0991D+03  6.9719D+02  3.6687D+07  2.5096D+03  1.6375D+01  8.5502D+00  2.0927D+00  3  1 PHASE
  1.6999D+04  6.9634D+04  1.2922D+03  7.9807D+02  4.4434D+07  2.5929D+03  1.7489D+01  9.4127D+00  2.1655D+00  3  1 PHASE
  1.7540D+04  8.1239D+04  1.4944D+03  9.0096D+02  5.2719D+07  2.6693D+03  1.8563D+01  1.0255D+01  2.2344D+00  3  1 PHASE
  1.8055D+04  9.2845D+04  1.7066D+03  1.0059D+03  6.1573D+07  2.7412D+03  1.9612D+01  1.1085D+01  2.3000D+00  3  1 PHASE
  1.8548D+04  1.0445D+05  1.9295D+03  1.1127D+03  7.1017D+07  2.8099D+03  2.0643D+01  1.1907D+01  2.3628D+00  3  1 PHASE
  1.9021D+04  1.1606D+05  2.1635D+03  1.2211D+03  8.1065D+07  2.8762D+03  2.1663D+01  1.2722D+01  2.4230D+00  3  1 PHASE


 EOS package call numbers
        ANEOS number =      -1        ALL 
 Calls to
 ANEOS                      344       344
 ANEOS1                     344       344
 ANION1                    1943      1943
 ANEOS1 from ANEOSV         344       344
 ANEOS1/ANEOSV        1.000E+00 1.000E+00
 Calls to eos tables =         0
